
> nexvy-oficinas@0.0.0 build
> vite build

vite v5.4.21 building for production...
transforming...
✓ 4678 modules transformed.
rendering chunks...
computing gzip size...
dist/index.html                                        3.55 kB │ gzip:   1.36 kB
dist/assets/logo-dark-BXnOn120.png                   231.13 kB
dist/assets/index-BZt0mCsg.css                       158.97 kB │ gzip:  25.11 kB
dist/assets/index-BdQq_4o_.js                          0.06 kB │ gzip:   0.08 kB
dist/assets/isPast-D5aqGg5b.js                         0.09 kB │ gzip:   0.11 kB
dist/assets/subMonths-8T2Rx0mB.js                      0.09 kB │ gzip:   0.11 kB
dist/assets/isBefore-Bj01id60.js                       0.10 kB │ gzip:   0.12 kB
dist/assets/collapsible-C6iHKP_O.js                    0.10 kB │ gzip:   0.11 kB
dist/assets/isSameDay-DQyLhzPY.js                      0.11 kB │ gzip:   0.12 kB
dist/assets/isToday-hXDSJj3j.js                        0.14 kB │ gzip:   0.14 kB
dist/assets/index-Cs2fC2NB.js                          0.14 kB │ gzip:   0.14 kB
dist/assets/addDays-B_5KCljG.js                        0.15 kB │ gzip:   0.15 kB
dist/assets/differenceInCalendarMonths-DKjA5tTK.js     0.17 kB │ gzip:   0.15 kB
dist/assets/endOfMonth-BrQPxqgl.js                     0.17 kB │ gzip:   0.16 kB
dist/assets/skeleton-CnsmAIca.js                       0.17 kB │ gzip:   0.16 kB
dist/assets/isTomorrow-Do0hC7Gq.js                     0.19 kB │ gzip:   0.16 kB
dist/assets/index-C9Z__jdh.js                          0.23 kB │ gzip:   0.17 kB
dist/assets/useOrganizationPlan-CgVrdY0I.js            0.27 kB │ gzip:   0.23 kB
dist/assets/minus-CPmhMABa.js                          0.29 kB │ gzip:   0.24 kB
dist/assets/check-BCTDpUrx.js                          0.29 kB │ gzip:   0.25 kB
dist/assets/chevron-up-BZ4p2V6x.js                     0.30 kB │ gzip:   0.25 kB
dist/assets/chevron-left-BfxJIOTn.js                   0.30 kB │ gzip:   0.25 kB
dist/assets/chevron-right-CzcP6UU8.js                  0.30 kB │ gzip:   0.25 kB
dist/assets/circle-BzWwc7Fd.js                         0.30 kB │ gzip:   0.24 kB
dist/assets/BarChart-6Co67eZa.js                       0.30 kB │ gzip:   0.22 kB
dist/assets/play-Az7q4kau.js                           0.30 kB │ gzip:   0.25 kB
dist/assets/message-circle-D07wnoUP.js                 0.32 kB │ gzip:   0.26 kB
dist/assets/plus-C_Yr4KU5.js                           0.32 kB │ gzip:   0.26 kB
dist/assets/thermometer-C7QHf8Sm.js                    0.33 kB │ gzip:   0.26 kB
dist/assets/filter-DMXpn5OW.js                         0.33 kB │ gzip:   0.27 kB
dist/assets/arrow-right-QOB_k4WH.js                    0.33 kB │ gzip:   0.27 kB
dist/assets/arrow-left-D6MfNQnY.js                     0.33 kB │ gzip:   0.27 kB
dist/assets/search-Dsw3YK3H.js                         0.34 kB │ gzip:   0.27 kB
dist/assets/ban-D9mHI5iB.js                            0.34 kB │ gzip:   0.27 kB
dist/assets/circle-check-D5n-HZZv.js                   0.35 kB │ gzip:   0.27 kB
dist/assets/facebook-e9Kb8qDM.js                       0.35 kB │ gzip:   0.28 kB
dist/assets/message-square-DZo5M99r.js                 0.35 kB │ gzip:   0.27 kB
dist/assets/clock-BHnrQPii.js                          0.35 kB │ gzip:   0.28 kB
dist/assets/code-EuvsOkFk.js                           0.35 kB │ gzip:   0.27 kB
dist/assets/reply-B3WT_3Tr.js                          0.36 kB │ gzip:   0.29 kB
dist/assets/forward-BLSjt4tf.js                        0.36 kB │ gzip:   0.29 kB
dist/assets/megaphone-CvyYrdtf.js                      0.36 kB │ gzip:   0.28 kB
dist/assets/circle-check-big-3RU1ZhTd.js               0.36 kB │ gzip:   0.28 kB
dist/assets/startOfMonth-CqjfmrzA.js                   0.37 kB │ gzip:   0.25 kB
dist/assets/user-B4hNAJLg.js                           0.37 kB │ gzip:   0.29 kB
dist/assets/smartphone-DVAqqVkX.js                     0.37 kB │ gzip:   0.29 kB
dist/assets/at-sign-Dl3wZVmZ.js                        0.37 kB │ gzip:   0.29 kB
dist/assets/rotate-ccw-CrVQibwA.js                     0.37 kB │ gzip:   0.29 kB
dist/assets/trending-up-QMP8duCD.js                    0.37 kB │ gzip:   0.29 kB
dist/assets/info-BMClx-xg.js                           0.37 kB │ gzip:   0.28 kB
dist/assets/lock-C6u8Nw8B.js                           0.38 kB │ gzip:   0.30 kB
dist/assets/credit-card-B9dxCg7V.js                    0.38 kB │ gzip:   0.29 kB
dist/assets/circle-x-DwDDMU9V.js                       0.38 kB │ gzip:   0.28 kB
dist/assets/undo-2-CQlcDJFP.js                         0.38 kB │ gzip:   0.28 kB
dist/assets/trending-down-ByFR-lZI.js                  0.38 kB │ gzip:   0.28 kB
dist/assets/bell-aAxA4i4C.js                           0.38 kB │ gzip:   0.29 kB
dist/assets/pause-DzslKsqX.js                          0.38 kB │ gzip:   0.27 kB
dist/assets/mail-D0lRmdKw.js                           0.39 kB │ gzip:   0.30 kB
dist/assets/dollar-sign-y6D4WzIa.js                    0.39 kB │ gzip:   0.30 kB
dist/assets/flag-CXdQpWJn.js                           0.39 kB │ gzip:   0.31 kB
dist/assets/square-check-big-C-j2bNZM.js               0.39 kB │ gzip:   0.30 kB
dist/assets/sticky-note-B6ue07mf.js                    0.39 kB │ gzip:   0.29 kB
dist/assets/target-J4ufb7mn.js                         0.40 kB │ gzip:   0.27 kB
dist/assets/ellipsis-DIGhr0bh.js                       0.40 kB │ gzip:   0.27 kB
dist/assets/activity-C5lNfVQt.js                       0.40 kB │ gzip:   0.30 kB
dist/assets/ellipsis-vertical-Bvp5J6of.js              0.40 kB │ gzip:   0.28 kB
dist/assets/pen-BwjRhbBy.js                            0.41 kB │ gzip:   0.31 kB
dist/assets/copy-opA_MHT8.js                           0.41 kB │ gzip:   0.31 kB
dist/assets/headphones-DXkBkxoi.js                     0.41 kB │ gzip:   0.29 kB
dist/assets/history-B4tZqDrz.js                        0.41 kB │ gzip:   0.30 kB
dist/assets/circle-help-BUkp9krt.js                    0.41 kB │ gzip:   0.30 kB
dist/assets/link-2-CQqTyRe2.js                         0.41 kB │ gzip:   0.31 kB
dist/assets/menu-CrghvcqV.js                           0.41 kB │ gzip:   0.28 kB
dist/assets/globe-NNEtzg3N.js                          0.41 kB │ gzip:   0.30 kB
dist/assets/database-DOI73Jbz.js                       0.41 kB │ gzip:   0.31 kB
dist/assets/endOfWeek-BPPi-azA.js                      0.41 kB │ gzip:   0.26 kB
dist/assets/arrow-up-down-B8D4NKmM.js                  0.41 kB │ gzip:   0.30 kB
dist/assets/type-D8NfWca5.js                           0.41 kB │ gzip:   0.30 kB
dist/assets/banknote-Gtx11hMb.js                       0.42 kB │ gzip:   0.31 kB
dist/assets/heart-CDzJg6MR.js                          0.42 kB │ gzip:   0.31 kB
dist/assets/arrow-right-left-DaOTkR9r.js               0.42 kB │ gzip:   0.30 kB
dist/assets/video-DUsjFLVJ.js                          0.42 kB │ gzip:   0.32 kB
dist/assets/camera-pUX2vIi_.js                         0.42 kB │ gzip:   0.31 kB
dist/assets/circle-alert-DDKNkk7D.js                   0.42 kB │ gzip:   0.29 kB
dist/assets/external-link-DRQKGdu_.js                  0.42 kB │ gzip:   0.30 kB
dist/assets/users-round-8whHr5qj.js                    0.42 kB │ gzip:   0.32 kB
dist/assets/settings-2-CJ38rs_R.js                     0.42 kB │ gzip:   0.30 kB
dist/assets/archive-DbPO06hC.js                        0.42 kB │ gzip:   0.31 kB
dist/assets/user-check-B2Poyfk3.js                     0.42 kB │ gzip:   0.32 kB
dist/assets/route-BSpT5xf9.js                          0.42 kB │ gzip:   0.31 kB
dist/assets/share-CnhWc6wb.js                          0.43 kB │ gzip:   0.31 kB
dist/assets/eye-Dq8Ml9HZ.js                            0.43 kB │ gzip:   0.31 kB
dist/assets/link-BL7pJkpQ.js                           0.43 kB │ gzip:   0.30 kB
dist/assets/upload-qzXBQcWu.js                         0.43 kB │ gzip:   0.32 kB
dist/assets/calendar-Fxfp6Os9.js                       0.43 kB │ gzip:   0.31 kB
dist/assets/log-out-CDwqcIMs.js                        0.43 kB │ gzip:   0.32 kB
dist/assets/plug-DC6egCKv.js                           0.43 kB │ gzip:   0.30 kB
dist/assets/map-pin-BJsiX1k7.js                        0.43 kB │ gzip:   0.33 kB
dist/assets/monitor-DaQq_pbA.js                        0.43 kB │ gzip:   0.31 kB
dist/assets/circle-user-BuRHLhxT.js                    0.43 kB │ gzip:   0.31 kB
dist/assets/wrench-CAyY5Ngf.js                         0.43 kB │ gzip:   0.31 kB
dist/assets/zap-BwFyPfkM.js                            0.43 kB │ gzip:   0.31 kB
dist/assets/download-8oxRKT5J.js                       0.43 kB │ gzip:   0.32 kB
dist/assets/workflow-CiCxwf-H.js                       0.44 kB │ gzip:   0.31 kB
dist/assets/image-CeTwfTbO.js                          0.44 kB │ gzip:   0.32 kB
dist/assets/mic-SRdHe1T-.js                            0.44 kB │ gzip:   0.32 kB
dist/assets/chart-pie-Cxdsxu16.js                      0.44 kB │ gzip:   0.33 kB
dist/assets/shield-D-SdTR1g.js                         0.44 kB │ gzip:   0.33 kB
dist/assets/repeat-BT5Va0I8.js                         0.44 kB │ gzip:   0.31 kB
dist/assets/award-BI_sMz5g.js                          0.44 kB │ gzip:   0.33 kB
dist/assets/pencil-squnk0bb.js                         0.45 kB │ gzip:   0.33 kB
dist/assets/pen-line-B7XjmAal.js                       0.45 kB │ gzip:   0.33 kB
dist/assets/book-open-_boY03WY.js                      0.45 kB │ gzip:   0.31 kB
dist/assets/flame-dDvoxOHw.js                          0.45 kB │ gzip:   0.34 kB
dist/assets/git-branch-CWW3SbhM.js                     0.45 kB │ gzip:   0.32 kB
dist/assets/wifi-BgkV28wD.js                           0.45 kB │ gzip:   0.31 kB
dist/assets/mail-check-45UHm5Il.js                     0.45 kB │ gzip:   0.33 kB
dist/assets/lightbulb-DGOm_rlv.js                      0.46 kB │ gzip:   0.33 kB
dist/assets/inbox-D4t7dqxs.js                          0.46 kB │ gzip:   0.33 kB
dist/assets/wallet-D2Zr4WU7.js                         0.46 kB │ gzip:   0.31 kB
dist/assets/send-Bbd3vybV.js                           0.46 kB │ gzip:   0.33 kB
dist/assets/folder-open-BtrG4_J4.js                    0.46 kB │ gzip:   0.32 kB
dist/assets/shopping-cart-mf0SpSLE.js                  0.46 kB │ gzip:   0.33 kB
dist/assets/smile-6K2j4oan.js                          0.46 kB │ gzip:   0.32 kB
dist/assets/grid-3x3-COWkh6X5.js                       0.46 kB │ gzip:   0.32 kB
dist/assets/hash-CQCfH6eL.js                           0.47 kB │ gzip:   0.30 kB
dist/assets/instagram-BEh_PtMZ.js                      0.47 kB │ gzip:   0.34 kB
dist/assets/list-todo-B4866UIs.js                      0.47 kB │ gzip:   0.32 kB
dist/assets/thumbs-up-bBbwDYjK.js                      0.47 kB │ gzip:   0.34 kB
dist/assets/thumbs-down-CydROb6-.js                    0.47 kB │ gzip:   0.34 kB
dist/assets/list-CQhjdrHs.js                           0.47 kB │ gzip:   0.29 kB
dist/assets/users-07AHg7AN.js                          0.47 kB │ gzip:   0.33 kB
dist/assets/mouse-pointer-cILlpv-f.js                  0.48 kB │ gzip:   0.35 kB
dist/assets/user-x-BSnnazUM.js                         0.48 kB │ gzip:   0.33 kB
dist/assets/user-plus-B79qkmSi.js                      0.48 kB │ gzip:   0.34 kB
dist/assets/scissors-UaRjoRh4.js                       0.48 kB │ gzip:   0.32 kB
dist/assets/textarea-BFGV0YaR.js                       0.48 kB │ gzip:   0.32 kB
dist/assets/square-pen-DD5QwdPr.js                     0.49 kB │ gzip:   0.34 kB
dist/assets/shield-check-BDgzKfuf.js                   0.49 kB │ gzip:   0.35 kB
dist/assets/tag-B8Ws5WNK.js                            0.50 kB │ gzip:   0.35 kB
dist/assets/save-38Gmglnd.js                           0.50 kB │ gzip:   0.33 kB
dist/assets/bot-D96qnvj-.js                            0.50 kB │ gzip:   0.33 kB
dist/assets/differenceInDays-D9SUYMYD.js               0.50 kB │ gzip:   0.29 kB
dist/assets/youtube-BYySkRxN.js                        0.50 kB │ gzip:   0.32 kB
dist/assets/file-text-DC5LrX4O.js                      0.50 kB │ gzip:   0.32 kB
dist/assets/calendar-x-BLSbnWq8.js                     0.51 kB │ gzip:   0.33 kB
dist/assets/layout-grid-Dvkja8aw.js                    0.52 kB │ gzip:   0.30 kB
dist/assets/layout-dashboard-BiRDpO85.js               0.52 kB │ gzip:   0.31 kB
dist/assets/webhook-KbWZrY-v.js                        0.52 kB │ gzip:   0.37 kB
dist/assets/key-round-DRmpZDg8.js                      0.52 kB │ gzip:   0.36 kB
dist/assets/calendar-plus-Cu3zKGs-.js                  0.53 kB │ gzip:   0.33 kB
dist/assets/share-2-B7vSABF2.js                        0.53 kB │ gzip:   0.34 kB
dist/assets/trash-2-3t7eHHyJ.js                        0.53 kB │ gzip:   0.35 kB
dist/assets/crown-CSYIc6cR.js                          0.53 kB │ gzip:   0.36 kB
dist/assets/image-plus-BrwUvOGT.js                     0.53 kB │ gzip:   0.36 kB
dist/assets/snowflake-CgpShqQ5.js                      0.53 kB │ gzip:   0.34 kB
dist/assets/layers-CfefkSRq.js                         0.53 kB │ gzip:   0.34 kB
dist/assets/grip-vertical-RCqN3hZA.js                  0.54 kB │ gzip:   0.30 kB
dist/assets/thermometer-sun-B1MQzXT1.js                0.55 kB │ gzip:   0.36 kB
dist/assets/life-buoy-BydFuUmo.js                      0.55 kB │ gzip:   0.33 kB
dist/assets/calendar-clock-DaollQGC.js                 0.55 kB │ gzip:   0.36 kB
dist/assets/label-aYGCVpCJ.js                          0.56 kB │ gzip:   0.38 kB
dist/assets/calendar-off-Dw65YDum.js                   0.56 kB │ gzip:   0.35 kB
dist/assets/package-DOsMbF3t.js                        0.56 kB │ gzip:   0.36 kB
dist/assets/phone-CuRreErC.js                          0.56 kB │ gzip:   0.36 kB
dist/assets/hand-DSbjb-Lg.js                           0.58 kB │ gzip:   0.36 kB
dist/assets/car-B5tkYkNt.js                            0.58 kB │ gzip:   0.39 kB
dist/assets/input-B-5TEUyO.js                          0.58 kB │ gzip:   0.35 kB
dist/assets/file-json-CkKmNYRm.js                      0.58 kB │ gzip:   0.34 kB
dist/assets/construction-Cp8Tam-c.js                   0.59 kB │ gzip:   0.36 kB
dist/assets/eye-off-Dl-8h3gD.js                        0.60 kB │ gzip:   0.38 kB
dist/assets/medal-CNByXhOI.js                          0.61 kB │ gzip:   0.39 kB
dist/assets/building-2-BbfJXJ-F.js                     0.61 kB │ gzip:   0.35 kB
dist/assets/AIOptimizeButton-BwUvyXGz.js               0.61 kB │ gzip:   0.38 kB
dist/assets/rocket-9SpsMrBY.js                         0.63 kB │ gzip:   0.42 kB
dist/assets/wifi-off-3E6FlEYv.js                       0.63 kB │ gzip:   0.38 kB
dist/assets/NotFound-B03hBMRr.js                       0.63 kB │ gzip:   0.38 kB
dist/assets/trophy-C_rCxZPf.js                         0.64 kB │ gzip:   0.39 kB
dist/assets/star-CbbJYbpO.js                           0.64 kB │ gzip:   0.40 kB
dist/assets/useSquads-BzBKsggE.js                      0.65 kB │ gzip:   0.41 kB
dist/assets/useObjections-gq6BGZkE.js                  0.66 kB │ gzip:   0.43 kB
dist/assets/calendar-days-q9R1EjxR.js                  0.66 kB │ gzip:   0.37 kB
dist/assets/chevron-down-CyKIghTB.js                   0.67 kB │ gzip:   0.33 kB
dist/assets/separator-BMehQdmF.js                      0.67 kB │ gzip:   0.40 kB
dist/assets/sparkles-DlETVDex.js                       0.68 kB │ gzip:   0.40 kB
dist/assets/wand-sparkles-DqZneUJ4.js                  0.68 kB │ gzip:   0.40 kB
dist/assets/unlink-Bpw-O0nq.js                         0.70 kB │ gzip:   0.41 kB
dist/assets/building-BX93_oWX.js                       0.71 kB │ gzip:   0.37 kB
dist/assets/useCadence-ChEn-Ten.js                     0.72 kB │ gzip:   0.45 kB
dist/assets/swords-DofUqpDp.js                         0.72 kB │ gzip:   0.39 kB
dist/assets/badge-B_K4l1nR.js                          0.75 kB │ gzip:   0.40 kB
dist/assets/user-cog-DqawSzUM.js                       0.75 kB │ gzip:   0.42 kB
dist/assets/sliders-vertical-BCDcQeWW.js               0.75 kB │ gzip:   0.37 kB
dist/assets/Logo-p3D2ke8d.js                           0.77 kB │ gzip:   0.49 kB
dist/assets/flask-conical-B5k0jQnb.js                  0.77 kB │ gzip:   0.40 kB
dist/assets/list-checks-BqvxF15E.js                    0.78 kB │ gzip:   0.36 kB
dist/assets/palette-DTbvLOQr.js                        0.79 kB │ gzip:   0.45 kB
dist/assets/clipboard-check-6w8exnFf.js                0.79 kB │ gzip:   0.40 kB
dist/assets/index-DYdAEoov.js                          0.79 kB │ gzip:   0.51 kB
dist/assets/qr-code-B_aOQULT.js                        0.82 kB │ gzip:   0.42 kB
dist/assets/bug-BEMxxSk5.js                            0.84 kB │ gzip:   0.47 kB
dist/assets/message-square-warning-w5u1wst0.js         0.85 kB │ gzip:   0.42 kB
dist/assets/settings-BzKZa46S.js                       0.90 kB │ gzip:   0.45 kB
dist/assets/party-popper-BqO_0v-w.js                   0.90 kB │ gzip:   0.52 kB
dist/assets/sun-ChwvMN01.js                            0.90 kB │ gzip:   0.40 kB
dist/assets/brain-CH-coh5y.js                          0.90 kB │ gzip:   0.46 kB
dist/assets/alert-DRh0oV6I.js                          0.91 kB │ gzip:   0.47 kB
dist/assets/CadencePicker-DD4ZgpLH.js                  0.92 kB │ gzip:   0.56 kB
dist/assets/paperclip-B4-b9GAE.js                      0.93 kB │ gzip:   0.47 kB
dist/assets/usePlatformName-CQwjw5QR.js                0.95 kB │ gzip:   0.53 kB
dist/assets/ColorPickerField-CnI0KqCA.js               0.95 kB │ gzip:   0.55 kB
dist/assets/card-ClJX-hFN.js                           0.99 kB │ gzip:   0.38 kB
dist/assets/ThemeToggle-gubgfsGH.js                    0.99 kB │ gzip:   0.55 kB
dist/assets/useSuperAdminFirstAccess-CuSJJrjV.js       1.02 kB │ gzip:   0.57 kB
dist/assets/boxes-D3UZJdHD.js                          1.02 kB │ gzip:   0.50 kB
dist/assets/skull-BCIehyKX.js                          1.03 kB │ gzip:   0.49 kB
dist/assets/key-Cpju7PWV.js                            1.05 kB │ gzip:   0.48 kB
dist/assets/useLeadTracking-Bc5CJUrk.js                1.06 kB │ gzip:   0.52 kB
dist/assets/sliders-horizontal-CbTYv_ly.js             1.09 kB │ gzip:   0.47 kB
dist/assets/toggle-left-_jMNlSi5.js                    1.09 kB │ gzip:   0.44 kB
dist/assets/useMaterials-B_k2_aw7.js                   1.23 kB │ gzip:   0.56 kB
dist/assets/useProfile-C1YE9ADG.js                     1.37 kB │ gzip:   0.64 kB
dist/assets/gem-DIwvGyaW.js                            1.41 kB │ gzip:   0.52 kB
dist/assets/useCadences-LczXXEWt.js                    1.43 kB │ gzip:   0.74 kB
dist/assets/useCustomFields-DeqQCk9u.js                1.45 kB │ gzip:   0.63 kB
dist/assets/usePlatformPlans-C19xl5iP.js               1.47 kB │ gzip:   0.49 kB
dist/assets/table-BWxdw5rZ.js                          1.49 kB │ gzip:   0.52 kB
dist/assets/button-z1vDyop4.js                         1.50 kB │ gzip:   0.72 kB
dist/assets/useProducts-C-cV8NJM.js                    1.54 kB │ gzip:   0.56 kB
dist/assets/CaptureReportsSection-DDmgaisG.js          1.54 kB │ gzip:   0.76 kB
dist/assets/useSalesGoals-D7snv2qx.js                  1.64 kB │ gzip:   0.75 kB
dist/assets/useAutoNotificationSettings-DLCdEcha.js    1.64 kB │ gzip:   0.58 kB
dist/assets/useDeals-BuIJQVyT.js                       1.74 kB │ gzip:   0.77 kB
dist/assets/useSectors-92Aq1Bkj.js                     1.76 kB │ gzip:   0.74 kB
dist/assets/funnelAppearance-BOHpVQTE.js               1.87 kB │ gzip:   0.85 kB
dist/assets/progress-CIlWRDty.js                       1.90 kB │ gzip:   0.95 kB
dist/assets/useTasks-Dr2--q8-.js                       1.96 kB │ gzip:   0.62 kB
dist/assets/presentation-DcYAj2JQ.js                   1.98 kB │ gzip:   0.58 kB
dist/assets/useLeads-K2I3TvqW.js                       1.99 kB │ gzip:   0.65 kB
dist/assets/useHelp-DY7Ay6SU.js                        2.14 kB │ gzip:   0.69 kB
dist/assets/dialog-CKrIP3xZ.js                         2.17 kB │ gzip:   0.84 kB
dist/assets/index-BKPLrSXp.js                          2.19 kB │ gzip:   0.98 kB
dist/assets/useCommissions-AK66sPAb.js                 2.19 kB │ gzip:   0.74 kB
dist/assets/shuffle-WLYvSPrV.js                        2.20 kB │ gzip:   0.76 kB
dist/assets/sheet-874N1jvE.js                          2.24 kB │ gzip:   0.89 kB
dist/assets/formatDistanceToNow-_3xPnp5a.js            2.26 kB │ gzip:   0.96 kB
dist/assets/TagFormDialog-CZ7t2NXg.js                  2.32 kB │ gzip:   1.14 kB
dist/assets/_shared-CVPx3zF9.js                        2.36 kB │ gzip:   1.12 kB
dist/assets/_shared-BSCUFPlP.js                        2.37 kB │ gzip:   1.12 kB
dist/assets/Unsubscribe-DDHHyEPI.js                    2.42 kB │ gzip:   1.20 kB
dist/assets/music-D3zf4nme.js                          2.45 kB │ gzip:   0.68 kB
dist/assets/useReleases-DMosHkZZ.js                    2.48 kB │ gzip:   0.95 kB
dist/assets/avatar-C1-uwHFg.js                         2.54 kB │ gzip:   1.14 kB
dist/assets/useUserPermissions-2dFtyKH9.js             2.54 kB │ gzip:   0.95 kB
dist/assets/parseISO-C6x1QlTq.js                       2.67 kB │ gzip:   1.18 kB
dist/assets/BookingCountdown-DaNXLhoJ.js               2.84 kB │ gzip:   1.21 kB
dist/assets/volume-x-Dg6WE4uH.js                       2.86 kB │ gzip:   0.86 kB
dist/assets/timer-BJNi-WvF.js                          3.04 kB │ gzip:   0.88 kB
dist/assets/zoom-out-CwzcgObm.js                       3.07 kB │ gzip:   0.84 kB
dist/assets/ResetPassword-DieP1RhM.js                  3.11 kB │ gzip:   1.33 kB
dist/assets/shield-alert-DE_HQAaQ.js                   3.12 kB │ gzip:   0.99 kB
dist/assets/useTeamInvitations-BNqVjOwN.js             3.17 kB │ gzip:   1.16 kB
dist/assets/MobileTaskList-CkPVVFYg.js                 3.24 kB │ gzip:   1.38 kB
dist/assets/auth-errors-B_SiNTxi.js                    3.24 kB │ gzip:   1.33 kB
dist/assets/tabs-DjEs15ZQ.js                           3.26 kB │ gzip:   1.37 kB
dist/assets/useGoogleCalendarConnection-C96Ap6hV.js    3.35 kB │ gzip:   1.20 kB
dist/assets/switch-DOQXANAd.js                         3.48 kB │ gzip:   1.53 kB
dist/assets/index-DmUXlYZk.js                          3.49 kB │ gzip:   1.59 kB
dist/assets/DealModal-BvEBD4_g.js                      3.59 kB │ gzip:   1.75 kB
dist/assets/LeadEditModal-KI78bdFI.js                  3.75 kB │ gzip:   1.35 kB
dist/assets/alert-dialog-lRu_sp_x.js                   3.78 kB │ gzip:   1.27 kB
dist/assets/Dashboard-Cs2BtA3S.js                      3.82 kB │ gzip:   1.45 kB
dist/assets/useTeam-DiaOeHZy.js                        3.87 kB │ gzip:   1.15 kB
dist/assets/checkbox-Bx14r5j_.js                       3.90 kB │ gzip:   1.73 kB
dist/assets/image-upload-BjtDQLSa.js                   4.01 kB │ gzip:   1.84 kB
dist/assets/index-DzZkLlsw.js                          4.08 kB │ gzip:   1.93 kB
dist/assets/Updates-BxazMJbY.js                        4.10 kB │ gzip:   1.70 kB
dist/assets/Install-Dir_AMcl.js                        4.17 kB │ gzip:   1.53 kB
dist/assets/HelpArticle-CM6T-XJc.js                    4.17 kB │ gzip:   1.68 kB
dist/assets/Dashboard--BpM4d9i.js                      4.21 kB │ gzip:   1.56 kB
dist/assets/MobileGoalsView-wzYBNauH.js                4.26 kB │ gzip:   1.39 kB
dist/assets/index-CIrXhRv-.js                          4.27 kB │ gzip:   1.58 kB
dist/assets/TagPackageGeneratorDialog-B5dACvL0.js      4.57 kB │ gzip:   1.95 kB
dist/assets/agents-CcnP0Mf4.js                         4.58 kB │ gzip:   1.83 kB
dist/assets/useLeadTags-DCXFgi4s.js                    4.59 kB │ gzip:   1.34 kB
dist/assets/accordion-DDvTxH7D.js                      4.64 kB │ gzip:   1.85 kB
dist/assets/CaptureTemplatesSection-DUoF-no-.js        4.80 kB │ gzip:   1.97 kB
dist/assets/MaterialsView-Dqsv0amW.js                  4.88 kB │ gzip:   1.94 kB
dist/assets/variable-DpZd0wx5.js                       4.89 kB │ gzip:   1.18 kB
dist/assets/ContextLibrary-GwIt2QQA.js                 5.03 kB │ gzip:   1.90 kB
dist/assets/Profile-C78HmUh0.js                        5.19 kB │ gzip:   1.99 kB
dist/assets/popover-B-2H9qkI.js                        5.37 kB │ gzip:   1.96 kB
dist/assets/useAnimatedNumber-Dlxin5LE.js              5.50 kB │ gzip:   2.15 kB
dist/assets/useProductAgents-BMOxssJy.js               5.61 kB │ gzip:   1.73 kB
dist/assets/Clientes-DmrDPhBb.js                       5.62 kB │ gzip:   1.83 kB
dist/assets/radio-group-Db-H0ZIk.js                    5.73 kB │ gzip:   2.25 kB
dist/assets/pt-BR-Dk-aDYCe.js                          5.85 kB │ gzip:   2.11 kB
dist/assets/useEvolutionInstances-BMtGh9g6.js          5.96 kB │ gzip:   1.44 kB
dist/assets/QuizResultView-DeegHFjw.js                 6.11 kB │ gzip:   2.19 kB
dist/assets/CustomFieldsManager-Dap0qSML.js            6.15 kB │ gzip:   2.26 kB
dist/assets/index-Dh4i1-J3.js                          6.20 kB │ gzip:   2.11 kB
dist/assets/useEmailTemplates-BfpOeXFF.js              6.25 kB │ gzip:   1.85 kB
dist/assets/BookingConfirmation-B942GkvB.js            6.26 kB │ gzip:   2.12 kB
dist/assets/PlaybookView-BSIteUt1.js                   6.31 kB │ gzip:   2.01 kB
dist/assets/AcceptInvite-Bz6IUtKt.js                   6.60 kB │ gzip:   2.30 kB
dist/assets/ModuleHub-CW2xm-rU.js                      6.77 kB │ gzip:   2.73 kB
dist/assets/CartesianGrid-B5xNxdbr.js                  6.77 kB │ gzip:   2.36 kB
dist/assets/Financeiro-aXzbh8th.js                     6.80 kB │ gzip:   2.02 kB
dist/assets/Veiculos-CKGSSeCB.js                       6.80 kB │ gzip:   2.05 kB
dist/assets/Financeiro-Dhh1v1ko.js                     6.81 kB │ gzip:   2.03 kB
dist/assets/Profissionais-CNHR-gc-.js                  6.98 kB │ gzip:   2.16 kB
dist/assets/CaptureResultsSection-DiSVwFB4.js          7.18 kB │ gzip:   2.54 kB
dist/assets/Orcamentos-BlMsSp5M.js                     7.18 kB │ gzip:   2.28 kB
dist/assets/Ordens-BnvvZJBO.js                         7.78 kB │ gzip:   2.42 kB
dist/assets/en-US-Cs41XhzR.js                          7.78 kB │ gzip:   2.74 kB
dist/assets/QuickRepliesManager-DJPoxJXJ.js            8.44 kB │ gzip:   2.96 kB
dist/assets/CaptureAnalyticsSection-CmoDv4aE.js        8.59 kB │ gzip:   3.08 kB
dist/assets/Servicos-DjwNAHch.js                       8.68 kB │ gzip:   2.54 kB
dist/assets/Clientes-DqqgI3ZQ.js                       8.89 kB │ gzip:   2.56 kB
dist/assets/PlanSelector-CD9siieZ.js                   9.00 kB │ gzip:   3.24 kB
dist/assets/CadenceView-BCAR1Xi1.js                    9.07 kB │ gzip:   2.91 kB
dist/assets/slider-sAQVu4yZ.js                         9.22 kB │ gzip:   3.65 kB
dist/assets/BusinessHoursManager-DwsNfs8t.js           9.25 kB │ gzip:   3.32 kB
dist/assets/AdminDashboard-ZXM6XG_R.js                 9.77 kB │ gzip:   2.58 kB
dist/assets/Agenda-fiURrRfs.js                        10.06 kB │ gzip:   2.76 kB
dist/assets/FinancialPanel-BXFcuQ_L.js                10.12 kB │ gzip:   2.81 kB
dist/assets/Login-CT8wB6KG.js                         10.26 kB │ gzip:   3.36 kB
dist/assets/FinancialDashboard-i6uWN1n8.js            10.39 kB │ gzip:   2.62 kB
dist/assets/TagsManager-B2aYmR2D.js                   10.73 kB │ gzip:   3.42 kB
dist/assets/AgentPromptTemplates-xQEXwSq9.js          11.50 kB │ gzip:   5.22 kB
dist/assets/SectorsManager-DIUOkGG2.js                11.51 kB │ gzip:   3.75 kB
dist/assets/Settings-D5bwAku-.js                      11.71 kB │ gzip:   3.33 kB
dist/assets/SupportTickets-DL_kfKBP.js                12.01 kB │ gzip:   4.16 kB
dist/assets/PublicQuiz-BesVGptT.js                    12.26 kB │ gzip:   4.68 kB
dist/assets/ReportsManager-BCTsCHUS.js                12.45 kB │ gzip:   3.02 kB
dist/assets/CompanySettings-Dc4o8n9Z.js               12.55 kB │ gzip:   4.24 kB
dist/assets/scroll-area-BK5mUmZx.js                   12.62 kB │ gzip:   3.99 kB
dist/assets/format-DmR49Cei.js                        13.05 kB │ gzip:   3.47 kB
dist/assets/EventModal-fZcHHy8X.js                    13.17 kB │ gzip:   3.99 kB
dist/assets/MobileKanban-B5tRSD3j.js                  13.24 kB │ gzip:   4.87 kB
dist/assets/AIChat-6ZyU6r6A.js                        13.26 kB │ gzip:   5.39 kB
dist/assets/LeadTransferModal-Um57plPH.js             13.40 kB │ gzip:   4.40 kB
dist/assets/SalesPage-DWD3awRn.js                     13.66 kB │ gzip:   4.79 kB
dist/assets/command-_7EcBxvU.js                       14.34 kB │ gzip:   5.37 kB
dist/assets/FormThemeWrapper-BXUbXjXA.js              15.36 kB │ gzip:   5.23 kB
dist/assets/EvolutionInstancesPanel-CYZLvIZP.js       15.66 kB │ gzip:   5.03 kB
dist/assets/OperationCenter-BVpJURIW.js               15.68 kB │ gzip:   4.40 kB
dist/assets/Combination-DltKbSfc.js                   15.92 kB │ gzip:   6.07 kB
dist/assets/PublicChat-DvZLHPbZ.js                    16.06 kB │ gzip:   5.36 kB
dist/assets/PublicForm-EE4yzust.js                    16.12 kB │ gzip:   4.96 kB
dist/assets/useFunnels-BPmZVIBz.js                    16.23 kB │ gzip:   5.11 kB
dist/assets/index-BDq3uTnw.js                         16.68 kB │ gzip:   6.28 kB
dist/assets/useSquadPerformance-VWX4awR0.js           16.95 kB │ gzip:   5.99 kB
dist/assets/TaskCenter-IUg5b4RJ.js                    17.28 kB │ gzip:   5.35 kB
dist/assets/CalendarManager-16wD4GHo.js               18.20 kB │ gzip:   6.06 kB
dist/assets/LeadsKanban-CEmhoubl.js                   19.16 kB │ gzip:   6.75 kB
dist/assets/ProductListPage-CE9I0iut.js               19.45 kB │ gzip:   6.57 kB
dist/assets/quizTemplates-hlcNY2qD.js                 19.89 kB │ gzip:   5.28 kB
dist/assets/dropdown-menu-D_G-qSg6.js                 21.00 kB │ gzip:   6.17 kB
dist/assets/select-iVlZYEj7.js                        21.97 kB │ gzip:   7.53 kB
dist/assets/CaktoSummaryCards-CvJM488l.js             23.71 kB │ gzip:   7.14 kB
dist/assets/NotificationManager-B9VfHSvT.js           24.62 kB │ gzip:   6.58 kB
dist/assets/SellerBookings-Dl_JDqxZ.js                25.19 kB │ gzip:   7.89 kB
dist/assets/CaktoAdminPanel-Bv454c2E.js               26.32 kB │ gzip:   7.95 kB
dist/assets/MobileProductDashboard-BtP2jhwX.js        26.73 kB │ gzip:   8.05 kB
dist/assets/ObjectionsView-HPCFPjIK.js                27.05 kB │ gzip:   7.49 kB
dist/assets/KanbanBoard-CA4Uv3zi.js                   30.57 kB │ gzip:   9.83 kB
dist/assets/PublicBooking-9sMJOtOr.js                 30.57 kB │ gzip:   8.83 kB
dist/assets/calendar-C0bF1mDT.js                      34.20 kB │ gzip:  10.88 kB
dist/assets/CadencesManager-Bj6GjoUW.js               38.37 kB │ gzip:  10.72 kB
dist/assets/TeamManager-CfFTtABh.js                   38.76 kB │ gzip:  10.43 kB
dist/assets/ChatBotSection-B0lKiS-c.js                39.85 kB │ gzip:  11.47 kB
dist/assets/WhatsAppSection-12XqjrPf.js               39.92 kB │ gzip:  11.34 kB
dist/assets/PresetGallery-BZohcdia.js                 40.67 kB │ gzip:  10.21 kB
dist/assets/WidgetSection-ByHcrM9w.js                 42.49 kB │ gzip:  12.40 kB
dist/assets/Admin-xY-xuMIV.js                         43.23 kB │ gzip:  13.90 kB
dist/assets/CampaignsManager-D8iOw3CF.js              45.31 kB │ gzip:  12.15 kB
dist/assets/GuidedOnboarding-D_COimdW.js              46.44 kB │ gzip:  13.30 kB
dist/assets/ProductDashboard-Ca8zhb7i.js              49.05 kB │ gzip:  14.14 kB
dist/assets/FunnelWebhookLogsTab-CKP8NHRW.js          58.85 kB │ gzip:  15.16 kB
dist/assets/index-DJWbUPc7.js                         60.36 kB │ gzip:  16.69 kB
dist/assets/Index-BPrrFZMQ.js                         65.00 kB │ gzip:  19.52 kB
dist/assets/CalendarListView-cY5dqgwG.js              67.18 kB │ gzip:  17.00 kB
dist/assets/InboxManager-D6gTV-aK.js                  67.78 kB │ gzip:  18.45 kB
dist/assets/WebhooksManager-CtErq2qR.js               68.41 kB │ gzip:  16.92 kB
dist/assets/LeadDetailPage-BztyWkUB.js                69.57 kB │ gzip:  17.51 kB
dist/assets/index-qOzsjy0U.js                        117.77 kB │ gzip:  36.19 kB
dist/assets/QuizSection-26i0Mauv.js                  121.05 kB │ gzip:  30.18 kB
dist/assets/proxy--sAkX0A_.js                        124.74 kB │ gzip:  40.76 kB
dist/assets/FormsSection-4xdXIjOG.js                 131.21 kB │ gzip:  32.43 kB
dist/assets/Docs-BVLfzhAF.js                         132.01 kB │ gzip:  39.03 kB
dist/assets/IntegrationsManager-BwHf8TyE.js          134.79 kB │ gzip:  32.50 kB
dist/assets/LeadsManager-DIzJv-I8.js                 145.67 kB │ gzip:  40.11 kB
dist/assets/ProductDetailPage-0Cmk1sk7.js            147.67 kB │ gzip:  37.58 kB
dist/assets/AgentsManager-DjTt0RuL.js                181.81 kB │ gzip:  45.59 kB
dist/assets/SellerInbox-DS1CXtJg.js                  195.04 kB │ gzip:  50.60 kB
dist/assets/PieChart-se3dYKLc.js                     386.37 kB │ gzip: 104.26 kB
dist/assets/index-azOcIWI8.js                        593.65 kB │ gzip: 177.31 kB
dist/assets/SuperAdmin-ikzUU1yH.js                   627.56 kB │ gzip: 180.12 kB
dist/assets/HelpCenter-D09GbACL.js                   685.03 kB │ gzip: 125.84 kB
✓ built in 15m 44s
