
> nexvy-beauty@0.0.0 build
> vite build

vite v5.4.21 building for production...
transforming...
✓ 4680 modules transformed.
rendering chunks...
computing gzip size...
dist/index.html                                        3.55 kB │ gzip:   1.36 kB
dist/assets/logo-dark-BXnOn120.png                   231.13 kB
dist/assets/index-CMTKqaLa.css                       159.22 kB │ gzip:  25.13 kB
dist/assets/index-BdQq_4o_.js                          0.06 kB │ gzip:   0.08 kB
dist/assets/isPast-D5aqGg5b.js                         0.09 kB │ gzip:   0.11 kB
dist/assets/subMonths-8T2Rx0mB.js                      0.09 kB │ gzip:   0.11 kB
dist/assets/isBefore-Bj01id60.js                       0.10 kB │ gzip:   0.12 kB
dist/assets/collapsible-COtx4Q1N.js                    0.10 kB │ gzip:   0.11 kB
dist/assets/isSameDay-DQyLhzPY.js                      0.11 kB │ gzip:   0.12 kB
dist/assets/isToday-hXDSJj3j.js                        0.14 kB │ gzip:   0.14 kB
dist/assets/index-DfMsIJ3B.js                          0.14 kB │ gzip:   0.14 kB
dist/assets/addDays-B_5KCljG.js                        0.15 kB │ gzip:   0.15 kB
dist/assets/differenceInCalendarMonths-DKjA5tTK.js     0.17 kB │ gzip:   0.15 kB
dist/assets/endOfMonth-BrQPxqgl.js                     0.17 kB │ gzip:   0.16 kB
dist/assets/skeleton-BxzXKhzt.js                       0.17 kB │ gzip:   0.16 kB
dist/assets/isTomorrow-Do0hC7Gq.js                     0.19 kB │ gzip:   0.16 kB
dist/assets/index-AdkseWtI.js                          0.23 kB │ gzip:   0.17 kB
dist/assets/useOrganizationPlan-DWG2wtqY.js            0.27 kB │ gzip:   0.23 kB
dist/assets/minus-Dv2SAwEG.js                          0.29 kB │ gzip:   0.24 kB
dist/assets/check-3lNrYy9g.js                          0.29 kB │ gzip:   0.24 kB
dist/assets/chevron-down-lnn6O5iF.js                   0.30 kB │ gzip:   0.24 kB
dist/assets/chevron-up-BC2S3GTQ.js                     0.30 kB │ gzip:   0.25 kB
dist/assets/chevron-left-DOhEaOTB.js                   0.30 kB │ gzip:   0.25 kB
dist/assets/chevron-right-BVrmwoIY.js                  0.30 kB │ gzip:   0.25 kB
dist/assets/circle-DmER6E5T.js                         0.30 kB │ gzip:   0.24 kB
dist/assets/BarChart-DUWCxUoE.js                       0.30 kB │ gzip:   0.22 kB
dist/assets/play-DXMTK0_A.js                           0.30 kB │ gzip:   0.25 kB
dist/assets/message-circle-IJqxcD16.js                 0.32 kB │ gzip:   0.26 kB
dist/assets/plus-BuqBUjPQ.js                           0.32 kB │ gzip:   0.25 kB
dist/assets/thermometer-9SxaXhsb.js                    0.33 kB │ gzip:   0.26 kB
dist/assets/filter-Botr3KE3.js                         0.33 kB │ gzip:   0.26 kB
dist/assets/arrow-right-KbyLJPc6.js                    0.33 kB │ gzip:   0.26 kB
dist/assets/arrow-left-Bka-Nx0-.js                     0.33 kB │ gzip:   0.26 kB
dist/assets/search-Bfp1CLy1.js                         0.34 kB │ gzip:   0.27 kB
dist/assets/ban-ByIQiTeM.js                            0.34 kB │ gzip:   0.27 kB
dist/assets/circle-check-eZ4TCppL.js                   0.35 kB │ gzip:   0.27 kB
dist/assets/facebook-tHBuj7ai.js                       0.35 kB │ gzip:   0.28 kB
dist/assets/message-square-DKo2cKMR.js                 0.35 kB │ gzip:   0.27 kB
dist/assets/clock-Bf7g-E-r.js                          0.35 kB │ gzip:   0.27 kB
dist/assets/code-DkfRvJxe.js                           0.35 kB │ gzip:   0.27 kB
dist/assets/reply-BsNiQKBd.js                          0.36 kB │ gzip:   0.28 kB
dist/assets/forward-DfIQ7W3s.js                        0.36 kB │ gzip:   0.29 kB
dist/assets/megaphone-DMEI7RCV.js                      0.36 kB │ gzip:   0.28 kB
dist/assets/circle-check-big-CT15hd5H.js               0.36 kB │ gzip:   0.28 kB
dist/assets/startOfMonth-CqjfmrzA.js                   0.37 kB │ gzip:   0.25 kB
dist/assets/user-Of7G_t74.js                           0.37 kB │ gzip:   0.28 kB
dist/assets/smartphone-DkuM2vvT.js                     0.37 kB │ gzip:   0.29 kB
dist/assets/at-sign-BUTBM0Z9.js                        0.37 kB │ gzip:   0.29 kB
dist/assets/rotate-ccw-DivwutFB.js                     0.37 kB │ gzip:   0.29 kB
dist/assets/trending-up-De4_-FPB.js                    0.37 kB │ gzip:   0.28 kB
dist/assets/info-BUfY_TeA.js                           0.37 kB │ gzip:   0.28 kB
dist/assets/lock-DQ2zlvIT.js                           0.38 kB │ gzip:   0.29 kB
dist/assets/credit-card-Biuy4-eO.js                    0.38 kB │ gzip:   0.29 kB
dist/assets/circle-x-CISJXNXl.js                       0.38 kB │ gzip:   0.28 kB
dist/assets/undo-2-CKEtD8hw.js                         0.38 kB │ gzip:   0.28 kB
dist/assets/trending-down-DP987KZv.js                  0.38 kB │ gzip:   0.28 kB
dist/assets/bell-CQkKVJeO.js                           0.38 kB │ gzip:   0.29 kB
dist/assets/pause-BrIUa82s.js                          0.38 kB │ gzip:   0.27 kB
dist/assets/mail-bWGxjvM2.js                           0.39 kB │ gzip:   0.30 kB
dist/assets/dollar-sign-XuWg7IxY.js                    0.39 kB │ gzip:   0.30 kB
dist/assets/flag-DOaHoECu.js                           0.39 kB │ gzip:   0.31 kB
dist/assets/square-check-big-Bdbc2bqI.js               0.39 kB │ gzip:   0.29 kB
dist/assets/sticky-note-DhAdke04.js                    0.39 kB │ gzip:   0.28 kB
dist/assets/target-B33xXbIo.js                         0.40 kB │ gzip:   0.27 kB
dist/assets/ellipsis-DCIRVqMo.js                       0.40 kB │ gzip:   0.27 kB
dist/assets/activity-ByBZyffe.js                       0.40 kB │ gzip:   0.30 kB
dist/assets/ellipsis-vertical-DHpqE0xT.js              0.40 kB │ gzip:   0.28 kB
dist/assets/pen-9cI4u8nI.js                            0.41 kB │ gzip:   0.31 kB
dist/assets/copy-CEkgVujn.js                           0.41 kB │ gzip:   0.31 kB
dist/assets/headphones-BU8_WHSm.js                     0.41 kB │ gzip:   0.28 kB
dist/assets/history-BYXqnmBf.js                        0.41 kB │ gzip:   0.30 kB
dist/assets/circle-help-BYpMkQqP.js                    0.41 kB │ gzip:   0.30 kB
dist/assets/link-2-BLQ0lPak.js                         0.41 kB │ gzip:   0.31 kB
dist/assets/menu-8kwhFDzU.js                           0.41 kB │ gzip:   0.28 kB
dist/assets/globe-CE5Q9c7G.js                          0.41 kB │ gzip:   0.29 kB
dist/assets/database-W8hlXnww.js                       0.41 kB │ gzip:   0.30 kB
dist/assets/endOfWeek-BPPi-azA.js                      0.41 kB │ gzip:   0.26 kB
dist/assets/arrow-up-down-ByYLnQYW.js                  0.41 kB │ gzip:   0.29 kB
dist/assets/type-CdhHU5U5.js                           0.41 kB │ gzip:   0.29 kB
dist/assets/banknote-26rU4Enr.js                       0.42 kB │ gzip:   0.31 kB
dist/assets/heart-BKbQ4KpR.js                          0.42 kB │ gzip:   0.31 kB
dist/assets/arrow-left-right-CpYZpXzr.js               0.42 kB │ gzip:   0.30 kB
dist/assets/arrow-right-left-hLlHfOn8.js               0.42 kB │ gzip:   0.30 kB
dist/assets/video-Bn5_B4jm.js                          0.42 kB │ gzip:   0.32 kB
dist/assets/camera-BgWZrSQG.js                         0.42 kB │ gzip:   0.31 kB
dist/assets/circle-alert-Dg10TMS3.js                   0.42 kB │ gzip:   0.29 kB
dist/assets/chart-column-CiZz_GZZ.js                   0.42 kB │ gzip:   0.30 kB
dist/assets/external-link-CW5Ljc82.js                  0.42 kB │ gzip:   0.30 kB
dist/assets/users-round-eVfuZ9v6.js                    0.42 kB │ gzip:   0.32 kB
dist/assets/settings-2-LLzupN8f.js                     0.42 kB │ gzip:   0.30 kB
dist/assets/archive-62Qk-Zoz.js                        0.42 kB │ gzip:   0.31 kB
dist/assets/user-check-B_RooNvR.js                     0.42 kB │ gzip:   0.32 kB
dist/assets/route-cb8GgAqp.js                          0.42 kB │ gzip:   0.30 kB
dist/assets/share-CXw1f5q3.js                          0.43 kB │ gzip:   0.31 kB
dist/assets/eye-SpC1gqaS.js                            0.43 kB │ gzip:   0.30 kB
dist/assets/link-DMzE0IaJ.js                           0.43 kB │ gzip:   0.30 kB
dist/assets/upload-C0wrXCxk.js                         0.43 kB │ gzip:   0.32 kB
dist/assets/calendar-BSgmUdph.js                       0.43 kB │ gzip:   0.30 kB
dist/assets/log-out-B4xqj_Qo.js                        0.43 kB │ gzip:   0.32 kB
dist/assets/plug-bDXSgfCs.js                           0.43 kB │ gzip:   0.29 kB
dist/assets/map-pin-CDHsfck9.js                        0.43 kB │ gzip:   0.33 kB
dist/assets/monitor-CGX8J_M1.js                        0.43 kB │ gzip:   0.31 kB
dist/assets/circle-user-BuodMuHa.js                    0.43 kB │ gzip:   0.30 kB
dist/assets/wrench-XqbvxnwU.js                         0.43 kB │ gzip:   0.31 kB
dist/assets/zap-C4Lx-DTM.js                            0.43 kB │ gzip:   0.31 kB
dist/assets/download-Det8L3_H.js                       0.43 kB │ gzip:   0.32 kB
dist/assets/workflow-DEQEKddW.js                       0.44 kB │ gzip:   0.31 kB
dist/assets/image-CbHl4pUt.js                          0.44 kB │ gzip:   0.32 kB
dist/assets/mic-DH-U2Afu.js                            0.44 kB │ gzip:   0.32 kB
dist/assets/chart-pie-62sj2M74.js                      0.44 kB │ gzip:   0.32 kB
dist/assets/shield-SIMYO0Uf.js                         0.44 kB │ gzip:   0.33 kB
dist/assets/repeat-CmP7ZN5L.js                         0.44 kB │ gzip:   0.30 kB
dist/assets/award-DkB1HrWO.js                          0.44 kB │ gzip:   0.33 kB
dist/assets/pencil-DMnxm5Xw.js                         0.45 kB │ gzip:   0.33 kB
dist/assets/pen-line-BcgaztyL.js                       0.45 kB │ gzip:   0.33 kB
dist/assets/book-open-BmyD5crv.js                      0.45 kB │ gzip:   0.31 kB
dist/assets/flame-C7CB0ali.js                          0.45 kB │ gzip:   0.33 kB
dist/assets/git-branch-lIRxn1CA.js                     0.45 kB │ gzip:   0.32 kB
dist/assets/wifi-Bf9SLJiP.js                           0.45 kB │ gzip:   0.31 kB
dist/assets/mail-check-BseM8Rdp.js                     0.45 kB │ gzip:   0.32 kB
dist/assets/lightbulb-DbonputX.js                      0.46 kB │ gzip:   0.33 kB
dist/assets/inbox-jPvVKokr.js                          0.46 kB │ gzip:   0.33 kB
dist/assets/wallet-DHVAddhu.js                         0.46 kB │ gzip:   0.31 kB
dist/assets/send-DHbVd1LV.js                           0.46 kB │ gzip:   0.33 kB
dist/assets/folder-open-DB8vTqFO.js                    0.46 kB │ gzip:   0.32 kB
dist/assets/shopping-cart-VdC86WBU.js                  0.46 kB │ gzip:   0.33 kB
dist/assets/smile-BmI7RUg_.js                          0.46 kB │ gzip:   0.32 kB
dist/assets/grid-3x3-D-q2yKIW.js                       0.46 kB │ gzip:   0.31 kB
dist/assets/hash-C58t6GOK.js                           0.47 kB │ gzip:   0.30 kB
dist/assets/instagram-DhX6ndRA.js                      0.47 kB │ gzip:   0.34 kB
dist/assets/list-todo-juhEPJFf.js                      0.47 kB │ gzip:   0.32 kB
dist/assets/thumbs-up-D7Vo1ac3.js                      0.47 kB │ gzip:   0.34 kB
dist/assets/thumbs-down-Ej2_5LHt.js                    0.47 kB │ gzip:   0.34 kB
dist/assets/list-DyE7Ps6k.js                           0.47 kB │ gzip:   0.29 kB
dist/assets/users-BZ5R9Ole.js                          0.47 kB │ gzip:   0.33 kB
dist/assets/mouse-pointer-CojN6Kce.js                  0.48 kB │ gzip:   0.34 kB
dist/assets/user-x-C_OR531o.js                         0.48 kB │ gzip:   0.33 kB
dist/assets/user-plus-CAdT9lb_.js                      0.48 kB │ gzip:   0.33 kB
dist/assets/scissors-CME0Vwpf.js                       0.48 kB │ gzip:   0.32 kB
dist/assets/textarea-D0uYUY2H.js                       0.48 kB │ gzip:   0.32 kB
dist/assets/square-pen-C4kvjodH.js                     0.49 kB │ gzip:   0.34 kB
dist/assets/shield-check-DVzdLrQo.js                   0.49 kB │ gzip:   0.35 kB
dist/assets/tag-fYEok4Yi.js                            0.50 kB │ gzip:   0.35 kB
dist/assets/save-g2FM4NCj.js                           0.50 kB │ gzip:   0.33 kB
dist/assets/bot-B8pVaQYj.js                            0.50 kB │ gzip:   0.33 kB
dist/assets/differenceInDays-D9SUYMYD.js               0.50 kB │ gzip:   0.29 kB
dist/assets/youtube-Ci4aCUw2.js                        0.50 kB │ gzip:   0.32 kB
dist/assets/file-text-BA8jTf-v.js                      0.50 kB │ gzip:   0.32 kB
dist/assets/calendar-x-4I1is2-l.js                     0.51 kB │ gzip:   0.33 kB
dist/assets/layout-grid-BojDJNl4.js                    0.52 kB │ gzip:   0.30 kB
dist/assets/layout-dashboard-BDmHMRoS.js               0.52 kB │ gzip:   0.31 kB
dist/assets/webhook-D_GYE6sk.js                        0.52 kB │ gzip:   0.37 kB
dist/assets/key-round-CbnfN3_T.js                      0.52 kB │ gzip:   0.36 kB
dist/assets/calendar-plus-B4f4wpff.js                  0.53 kB │ gzip:   0.33 kB
dist/assets/share-2-TFHNGK3B.js                        0.53 kB │ gzip:   0.34 kB
dist/assets/trash-2-VqLIvRrw.js                        0.53 kB │ gzip:   0.35 kB
dist/assets/image-plus-6EEbG15_.js                     0.53 kB │ gzip:   0.35 kB
dist/assets/snowflake-BASFaeTz.js                      0.53 kB │ gzip:   0.33 kB
dist/assets/layers-CwRoFAUP.js                         0.53 kB │ gzip:   0.34 kB
dist/assets/grip-vertical-tGBs-AS5.js                  0.54 kB │ gzip:   0.30 kB
dist/assets/thermometer-sun-kUKpfJZh.js                0.55 kB │ gzip:   0.35 kB
dist/assets/life-buoy-C9IfON7o.js                      0.55 kB │ gzip:   0.33 kB
dist/assets/calendar-clock-CCMdwnWe.js                 0.55 kB │ gzip:   0.36 kB
dist/assets/label-DZfF1HmG.js                          0.56 kB │ gzip:   0.37 kB
dist/assets/calendar-off-GN5ERLUH.js                   0.56 kB │ gzip:   0.35 kB
dist/assets/package-Bu1HA1iK.js                        0.56 kB │ gzip:   0.36 kB
dist/assets/phone-DzcKfDkp.js                          0.56 kB │ gzip:   0.36 kB
dist/assets/hand-BUbbTu6z.js                           0.58 kB │ gzip:   0.35 kB
dist/assets/car-2QPcuvuk.js                            0.58 kB │ gzip:   0.39 kB
dist/assets/input-CxpiFei5.js                          0.58 kB │ gzip:   0.35 kB
dist/assets/file-json-CG_AobGp.js                      0.58 kB │ gzip:   0.34 kB
dist/assets/AIOptimizeButton-Am-301D_.js               0.59 kB │ gzip:   0.36 kB
dist/assets/construction-DSmhoYRA.js                   0.59 kB │ gzip:   0.36 kB
dist/assets/eye-off-Dqh1ak-R.js                        0.60 kB │ gzip:   0.38 kB
dist/assets/medal-Cw5VCdfh.js                          0.61 kB │ gzip:   0.39 kB
dist/assets/rocket-0OcGtb8y.js                         0.63 kB │ gzip:   0.41 kB
dist/assets/wifi-off-CH-DiQR5.js                       0.63 kB │ gzip:   0.38 kB
dist/assets/NotFound-XV5UFIWC.js                       0.63 kB │ gzip:   0.38 kB
dist/assets/trophy-BWF2WjWw.js                         0.64 kB │ gzip:   0.39 kB
dist/assets/star-BUmyle5N.js                           0.64 kB │ gzip:   0.40 kB
dist/assets/useSquads-DzviNwHZ.js                      0.65 kB │ gzip:   0.41 kB
dist/assets/useObjections-2Q8uekUX.js                  0.66 kB │ gzip:   0.43 kB
dist/assets/calendar-days-CIu12YS4.js                  0.66 kB │ gzip:   0.37 kB
dist/assets/separator-CR2mLdio.js                      0.67 kB │ gzip:   0.40 kB
dist/assets/sparkles-BRgr4SeL.js                       0.68 kB │ gzip:   0.40 kB
dist/assets/wand-sparkles-CEg1A1qD.js                  0.68 kB │ gzip:   0.40 kB
dist/assets/unlink-DQIngtVO.js                         0.70 kB │ gzip:   0.40 kB
dist/assets/building-1B8sRo6S.js                       0.71 kB │ gzip:   0.37 kB
dist/assets/useCadence-b23GUI4Q.js                     0.72 kB │ gzip:   0.44 kB
dist/assets/swords-DJI5pUmK.js                         0.72 kB │ gzip:   0.39 kB
dist/assets/badge-BvK0RrFx.js                          0.75 kB │ gzip:   0.40 kB
dist/assets/user-cog-DjVWaKHg.js                       0.75 kB │ gzip:   0.42 kB
dist/assets/sliders-vertical-D3GXWc5g.js               0.75 kB │ gzip:   0.37 kB
dist/assets/Logo-DU2dScGs.js                           0.77 kB │ gzip:   0.49 kB
dist/assets/flask-conical-CHudrxke.js                  0.77 kB │ gzip:   0.40 kB
dist/assets/list-checks-CSYz6dFY.js                    0.78 kB │ gzip:   0.36 kB
dist/assets/palette-CjN_9rEC.js                        0.79 kB │ gzip:   0.45 kB
dist/assets/clipboard-check-BKqmRy-T.js                0.79 kB │ gzip:   0.40 kB
dist/assets/index-BE0c4IYJ.js                          0.79 kB │ gzip:   0.51 kB
dist/assets/qr-code-DPwXeU0n.js                        0.82 kB │ gzip:   0.41 kB
dist/assets/bug-C4Bn3ghi.js                            0.84 kB │ gzip:   0.47 kB
dist/assets/message-square-warning-BD_Oynmv.js         0.85 kB │ gzip:   0.42 kB
dist/assets/settings-Cy7xoclL.js                       0.90 kB │ gzip:   0.45 kB
dist/assets/party-popper-LzMp14t2.js                   0.90 kB │ gzip:   0.52 kB
dist/assets/sun-DNPpCT6E.js                            0.90 kB │ gzip:   0.41 kB
dist/assets/brain-BCukmglG.js                          0.90 kB │ gzip:   0.46 kB
dist/assets/alert-QMfLmsCI.js                          0.91 kB │ gzip:   0.46 kB
dist/assets/CadencePicker-BW31wepf.js                  0.92 kB │ gzip:   0.56 kB
dist/assets/paperclip-zXOIKJqa.js                      0.93 kB │ gzip:   0.47 kB
dist/assets/usePlatformName-BSfmTsG1.js                0.95 kB │ gzip:   0.53 kB
dist/assets/ColorPickerField-Bsuv3NQW.js               0.95 kB │ gzip:   0.54 kB
dist/assets/card-D7NYC1P4.js                           0.99 kB │ gzip:   0.37 kB
dist/assets/ThemeToggle-BWROTBmq.js                    0.99 kB │ gzip:   0.55 kB
dist/assets/useSuperAdminFirstAccess-pkz7iZS3.js       1.02 kB │ gzip:   0.57 kB
dist/assets/boxes-D9-Uyxj6.js                          1.02 kB │ gzip:   0.50 kB
dist/assets/skull-JsOSWEsU.js                          1.03 kB │ gzip:   0.49 kB
dist/assets/key-Bz5psfPW.js                            1.05 kB │ gzip:   0.47 kB
dist/assets/useLeadTracking-BdykAJjG.js                1.06 kB │ gzip:   0.52 kB
dist/assets/sliders-horizontal-Bt1kVxPS.js             1.09 kB │ gzip:   0.47 kB
dist/assets/toggle-left-DtpehVIx.js                    1.09 kB │ gzip:   0.43 kB
dist/assets/useMaterials-CYwshxTr.js                   1.23 kB │ gzip:   0.56 kB
dist/assets/useProfile-DMZz-as5.js                     1.37 kB │ gzip:   0.64 kB
dist/assets/gem-Drdb58RM.js                            1.41 kB │ gzip:   0.51 kB
dist/assets/useCadences-KlBtg1gs.js                    1.43 kB │ gzip:   0.73 kB
dist/assets/useCustomFields-DaOdGSVb.js                1.45 kB │ gzip:   0.63 kB
dist/assets/usePlatformPlans-D5rzBCV2.js               1.47 kB │ gzip:   0.49 kB
dist/assets/table-DZz8Y5Dk.js                          1.49 kB │ gzip:   0.51 kB
dist/assets/button-D1cJ37Bc.js                         1.50 kB │ gzip:   0.71 kB
dist/assets/useProducts-CBnrXpmM.js                    1.54 kB │ gzip:   0.55 kB
dist/assets/CaptureReportsSection-BADGIAvO.js          1.54 kB │ gzip:   0.76 kB
dist/assets/useSalesGoals-CbRsrhHe.js                  1.64 kB │ gzip:   0.75 kB
dist/assets/useAutoNotificationSettings-CznyZc3T.js    1.64 kB │ gzip:   0.58 kB
dist/assets/useDeals-CLUCm7D5.js                       1.74 kB │ gzip:   0.77 kB
dist/assets/useSectors-BLEWx-t0.js                     1.76 kB │ gzip:   0.74 kB
dist/assets/funnelAppearance-BOHpVQTE.js               1.87 kB │ gzip:   0.85 kB
dist/assets/progress-B8Ukh3U1.js                       1.90 kB │ gzip:   0.94 kB
dist/assets/useTasks-DHR6rtbd.js                       1.96 kB │ gzip:   0.61 kB
dist/assets/presentation-D-sieRAu.js                   1.98 kB │ gzip:   0.58 kB
dist/assets/useLeads-BwE6cxS3.js                       1.99 kB │ gzip:   0.65 kB
dist/assets/useHelp-C-jfn2uG.js                        2.14 kB │ gzip:   0.68 kB
dist/assets/index-D2quq9p2.js                          2.19 kB │ gzip:   0.97 kB
dist/assets/useCommissions-98wcAyc7.js                 2.19 kB │ gzip:   0.74 kB
dist/assets/shuffle-RIeKPoTc.js                        2.20 kB │ gzip:   0.76 kB
dist/assets/sheet-C7w7AkbI.js                          2.22 kB │ gzip:   0.88 kB
dist/assets/formatDistanceToNow-_3xPnp5a.js            2.26 kB │ gzip:   0.96 kB
dist/assets/TagFormDialog-Cna3HAKz.js                  2.28 kB │ gzip:   1.12 kB
dist/assets/_shared-xbqh_ayr.js                        2.35 kB │ gzip:   1.12 kB
dist/assets/_shared-CIFMdPUE.js                        2.36 kB │ gzip:   1.12 kB
dist/assets/Unsubscribe-CV3vEPG3.js                    2.42 kB │ gzip:   1.20 kB
dist/assets/music-BD5scsEV.js                          2.45 kB │ gzip:   0.68 kB
dist/assets/useReleases-giI1Sot_.js                    2.48 kB │ gzip:   0.94 kB
dist/assets/avatar-D_zZ_grw.js                         2.54 kB │ gzip:   1.14 kB
dist/assets/useUserPermissions-RopBGT4G.js             2.54 kB │ gzip:   0.95 kB
dist/assets/parseISO-C6x1QlTq.js                       2.67 kB │ gzip:   1.18 kB
dist/assets/BookingCountdown-CA6zE12c.js               2.84 kB │ gzip:   1.21 kB
dist/assets/volume-x-Bw-S1c63.js                       2.86 kB │ gzip:   0.86 kB
dist/assets/timer-Dk4BaM7M.js                          3.04 kB │ gzip:   0.88 kB
dist/assets/zoom-out-BHCeaamJ.js                       3.07 kB │ gzip:   0.84 kB
dist/assets/ResetPassword-CaVIhiRy.js                  3.11 kB │ gzip:   1.33 kB
dist/assets/shield-alert-Dl2oVB5q.js                   3.12 kB │ gzip:   0.99 kB
dist/assets/useTeamInvitations-B5C2MDJO.js             3.17 kB │ gzip:   1.16 kB
dist/assets/MobileTaskList-CIDQrcaZ.js                 3.24 kB │ gzip:   1.38 kB
dist/assets/auth-errors-B_SiNTxi.js                    3.24 kB │ gzip:   1.33 kB
dist/assets/tabs-DyUrtb1d.js                           3.26 kB │ gzip:   1.36 kB
dist/assets/useGoogleCalendarConnection-Bg5f_WZ-.js    3.35 kB │ gzip:   1.20 kB
dist/assets/switch-B5sfQ8En.js                         3.48 kB │ gzip:   1.52 kB
dist/assets/index-DkMCRKAX.js                          3.49 kB │ gzip:   1.58 kB
dist/assets/DealModal-Dc-cPxYM.js                      3.55 kB │ gzip:   1.73 kB
dist/assets/LeadEditModal-DqeUClo7.js                  3.71 kB │ gzip:   1.34 kB
dist/assets/alert-dialog-BjsbDwaU.js                   3.76 kB │ gzip:   1.27 kB
dist/assets/Dashboard-Bi7o9SMq.js                      3.82 kB │ gzip:   1.45 kB
dist/assets/useTeam-CQWXvVOQ.js                        3.87 kB │ gzip:   1.15 kB
dist/assets/checkbox-FvESdeoc.js                       3.90 kB │ gzip:   1.72 kB
dist/assets/image-upload-EisRfpsJ.js                   4.01 kB │ gzip:   1.84 kB
dist/assets/index-2gVW7Wo8.js                          4.08 kB │ gzip:   1.93 kB
dist/assets/Updates-BDMNHYvJ.js                        4.10 kB │ gzip:   1.70 kB
dist/assets/Install-DvBhdiiR.js                        4.17 kB │ gzip:   1.52 kB
dist/assets/HelpArticle-C_Uz0DcJ.js                    4.17 kB │ gzip:   1.68 kB
dist/assets/Dashboard-CLBRuWqb.js                      4.21 kB │ gzip:   1.55 kB
dist/assets/MobileGoalsView-5aVGzn5K.js                4.26 kB │ gzip:   1.39 kB
dist/assets/TagPackageGeneratorDialog-VB_fb4vf.js      4.53 kB │ gzip:   1.94 kB
dist/assets/agents-CcnP0Mf4.js                         4.58 kB │ gzip:   1.83 kB
dist/assets/useLeadTags-CHlYESs6.js                    4.59 kB │ gzip:   1.34 kB
dist/assets/accordion-Bome-0Zy.js                      4.64 kB │ gzip:   1.85 kB
dist/assets/CaptureTemplatesSection-DDt9rFh7.js        4.70 kB │ gzip:   1.93 kB
dist/assets/MaterialsView-BJbPD_pa.js                  4.88 kB │ gzip:   1.93 kB
dist/assets/variable-DT0EMs6p.js                       4.89 kB │ gzip:   1.18 kB
dist/assets/ContextLibrary-D83boeNS.js                 5.00 kB │ gzip:   1.89 kB
dist/assets/OrganizationSelector-Dnh-U19b.js           5.00 kB │ gzip:   1.59 kB
dist/assets/ModuleHub-eLzROikH.js                      5.04 kB │ gzip:   2.18 kB
dist/assets/Profile-BiVkjv_j.js                        5.19 kB │ gzip:   1.99 kB
dist/assets/popover-PvnImrzO.js                        5.33 kB │ gzip:   1.94 kB
dist/assets/useAnimatedNumber-CNC9Eh9e.js              5.50 kB │ gzip:   2.15 kB
dist/assets/useProductAgents-BqdV5Dhv.js               5.61 kB │ gzip:   1.72 kB
dist/assets/Clientes-B7h25gex.js                       5.62 kB │ gzip:   1.83 kB
dist/assets/radio-group-DbD3_auR.js                    5.73 kB │ gzip:   2.25 kB
dist/assets/pt-BR-Dk-aDYCe.js                          5.85 kB │ gzip:   2.11 kB
dist/assets/useEvolutionInstances-B3L5KpqO.js          5.96 kB │ gzip:   1.44 kB
dist/assets/CustomFieldsManager-CeKxPck5.js            6.06 kB │ gzip:   2.23 kB
dist/assets/QuizResultView-D7Y3Fp--.js                 6.11 kB │ gzip:   2.19 kB
dist/assets/index-Dh4i1-J3.js                          6.20 kB │ gzip:   2.11 kB
dist/assets/useEmailTemplates-C8-CXVF0.js              6.25 kB │ gzip:   1.85 kB
dist/assets/BookingConfirmation-DNERaU-D.js            6.26 kB │ gzip:   2.13 kB
dist/assets/PlaybookView-Casclf3c.js                   6.31 kB │ gzip:   2.00 kB
dist/assets/AcceptInvite-B3_J63vZ.js                   6.56 kB │ gzip:   2.28 kB
dist/assets/CartesianGrid-KmkWxnDb.js                  6.77 kB │ gzip:   2.35 kB
dist/assets/Financeiro-DDOqBiSm.js                     6.80 kB │ gzip:   2.02 kB
dist/assets/Veiculos-Bd9NtTKt.js                       6.80 kB │ gzip:   2.05 kB
dist/assets/Financeiro-BssZxDmG.js                     6.81 kB │ gzip:   2.02 kB
dist/assets/Profissionais-22hjoK6W.js                  6.99 kB │ gzip:   2.16 kB
dist/assets/CaptureResultsSection-Mp7-1-tT.js          7.08 kB │ gzip:   2.50 kB
dist/assets/Orcamentos-DmWXMvTT.js                     7.18 kB │ gzip:   2.27 kB
dist/assets/Ordens-DEGGK08f.js                         7.78 kB │ gzip:   2.42 kB
dist/assets/en-US-Cs41XhzR.js                          7.78 kB │ gzip:   2.74 kB
dist/assets/QuickRepliesManager-XKAl7G2s.js            8.34 kB │ gzip:   2.92 kB
dist/assets/CaptureAnalyticsSection-Ci0I7C42.js        8.59 kB │ gzip:   3.08 kB
dist/assets/Servicos-DBIf6o8T.js                       8.68 kB │ gzip:   2.53 kB
dist/assets/Clientes-DFXYh9qY.js                       8.89 kB │ gzip:   2.56 kB
dist/assets/PlanSelector-BKffMtHS.js                   8.93 kB │ gzip:   3.20 kB
dist/assets/CadenceView-BZBzsuBL.js                    9.07 kB │ gzip:   2.91 kB
dist/assets/BusinessHoursManager-Z9xB6CaC.js           9.21 kB │ gzip:   3.30 kB
dist/assets/slider-Cmr9Fozt.js                         9.22 kB │ gzip:   3.64 kB
dist/assets/AdminDashboard-BOq70OvA.js                 9.77 kB │ gzip:   2.58 kB
dist/assets/Agenda-H_Uv2fsf.js                        10.08 kB │ gzip:   2.77 kB
dist/assets/FinancialPanel-C7gGf248.js                10.12 kB │ gzip:   2.81 kB
dist/assets/Login-qkjcD7ZK.js                         10.26 kB │ gzip:   3.35 kB
dist/assets/FinancialDashboard-UYjGiSu0.js            10.35 kB │ gzip:   2.60 kB
dist/assets/TagsManager-CA7NIEoU.js                   10.64 kB │ gzip:   3.38 kB
dist/assets/SectorsManager-CPxl06Xf.js                11.38 kB │ gzip:   3.71 kB
dist/assets/AgentPromptTemplates-xQEXwSq9.js          11.50 kB │ gzip:   5.22 kB
dist/assets/Settings-CDIPkGo0.js                      11.71 kB │ gzip:   3.33 kB
dist/assets/SupportTickets-BIdb9mC4.js                11.92 kB │ gzip:   4.13 kB
dist/assets/PublicQuiz-jzDO3AvE.js                    12.26 kB │ gzip:   4.68 kB
dist/assets/CompanySettings-Dc_ItlIc.js               12.39 kB │ gzip:   4.17 kB
dist/assets/ReportsManager-CK7WH0D1.js                12.45 kB │ gzip:   3.01 kB
dist/assets/scroll-area-oDYgQiCD.js                   12.62 kB │ gzip:   3.98 kB
dist/assets/format-DmR49Cei.js                        13.05 kB │ gzip:   3.47 kB
dist/assets/MobileKanban-Ezp1Sb8q.js                  13.12 kB │ gzip:   4.82 kB
dist/assets/EventModal-v0nwbPtm.js                    13.14 kB │ gzip:   3.97 kB
dist/assets/AIChat-DqsyDJpR.js                        13.26 kB │ gzip:   5.39 kB
dist/assets/LeadTransferModal-X40De_K3.js             13.37 kB │ gzip:   4.39 kB
dist/assets/SalesPage-DJjF3LEV.js                     13.66 kB │ gzip:   4.78 kB
dist/assets/command-D0E2h0Ve.js                       14.28 kB │ gzip:   5.35 kB
dist/assets/FormThemeWrapper-D-kHF3GL.js              15.36 kB │ gzip:   5.23 kB
dist/assets/EvolutionInstancesPanel-C3RRXJfF.js       15.57 kB │ gzip:   4.99 kB
dist/assets/OperationCenter-CEA9Cq7G.js               15.68 kB │ gzip:   4.40 kB
dist/assets/PublicChat-Ct_uT_DO.js                    16.06 kB │ gzip:   5.36 kB
dist/assets/PublicForm-CiZ3e1we.js                    16.12 kB │ gzip:   4.95 kB
dist/assets/useFunnels-Creu_rNo.js                    16.23 kB │ gzip:   5.11 kB
dist/assets/index-BOzOk8CQ.js                         16.68 kB │ gzip:   6.28 kB
dist/assets/useSquadPerformance-DTOcoQdh.js           16.95 kB │ gzip:   5.98 kB
dist/assets/TaskCenter-B-58DR8Z.js                    17.33 kB │ gzip:   5.37 kB
dist/assets/CalendarManager-D-ltH-IN.js               18.11 kB │ gzip:   6.02 kB
dist/assets/LeadsKanban-OF3f26pl.js                   19.16 kB │ gzip:   6.74 kB
dist/assets/ProductListPage-BcBiJ0ok.js               19.33 kB │ gzip:   6.52 kB
dist/assets/quizTemplates-D3ZinvOL.js                 19.89 kB │ gzip:   5.27 kB
dist/assets/dropdown-menu-DwiOq9mT.js                 20.96 kB │ gzip:   6.15 kB
dist/assets/select-BYDJcTQ_.js                        21.93 kB │ gzip:   7.51 kB
dist/assets/CaktoSummaryCards-9YKcIDxo.js             23.68 kB │ gzip:   7.12 kB
dist/assets/NotificationManager-Oqzc0ewH.js           24.49 kB │ gzip:   6.54 kB
dist/assets/SellerBookings-aWBXz6cZ.js                25.22 kB │ gzip:   7.91 kB
dist/assets/CaktoAdminPanel-DPVQE5Ey.js               26.22 kB │ gzip:   7.91 kB
dist/assets/MobileProductDashboard-D4FXoR6n.js        26.84 kB │ gzip:   8.10 kB
dist/assets/ObjectionsView-DNB-a8Yy.js                26.95 kB │ gzip:   7.45 kB
dist/assets/KanbanBoard-BUKfeRQo.js                   30.41 kB │ gzip:   9.77 kB
dist/assets/PublicBooking-Cmot1nMN.js                 30.47 kB │ gzip:   8.79 kB
dist/assets/calendar-BgZSC3ow.js                      34.20 kB │ gzip:  10.87 kB
dist/assets/CadencesManager-D9Im3nXI.js               38.31 kB │ gzip:  10.69 kB
dist/assets/TeamManager-DGK_eEII.js                   38.64 kB │ gzip:  10.38 kB
dist/assets/ChatBotSection-tkM7G548.js                39.75 kB │ gzip:  11.44 kB
dist/assets/WhatsAppSection-Dd_9n-TO.js               39.83 kB │ gzip:  11.30 kB
dist/assets/PresetGallery-BTgaDZuJ.js                 40.67 kB │ gzip:  10.21 kB
dist/assets/WidgetSection-j7e5pfrd.js                 42.40 kB │ gzip:  12.37 kB
dist/assets/Admin-BPZhaoEA.js                         42.68 kB │ gzip:  13.78 kB
dist/assets/CampaignsManager-Btl2aFmY.js              45.26 kB │ gzip:  12.12 kB
dist/assets/GuidedOnboarding-Cw2C5OP2.js              46.38 kB │ gzip:  13.27 kB
dist/assets/ProductDashboard-BzC9ettq.js              49.11 kB │ gzip:  14.16 kB
dist/assets/FunnelWebhookLogsTab-BQOFXAec.js          58.85 kB │ gzip:  15.16 kB
dist/assets/index-uXu9Z_p0.js                         60.36 kB │ gzip:  16.69 kB
dist/assets/Index-DqG9c1XM.js                         65.07 kB │ gzip:  19.53 kB
dist/assets/CalendarListView-B38yitsb.js              67.15 kB │ gzip:  16.99 kB
dist/assets/InboxManager-CNXo7zSD.js                  67.72 kB │ gzip:  18.42 kB
dist/assets/WebhooksManager-QIcSnptw.js               68.28 kB │ gzip:  16.86 kB
dist/assets/LeadDetailPage-C0uxGuEE.js                69.49 kB │ gzip:  17.49 kB
dist/assets/index-Bmvtp1e6.js                        117.77 kB │ gzip:  36.18 kB
dist/assets/QuizSection-BYbg0LEA.js                  120.95 kB │ gzip:  30.15 kB
dist/assets/proxy-BdNrMv6O.js                        124.74 kB │ gzip:  40.76 kB
dist/assets/FormsSection-gpOjco9B.js                 131.12 kB │ gzip:  32.39 kB
dist/assets/Docs-DfIj9C2M.js                         131.88 kB │ gzip:  38.98 kB
dist/assets/IntegrationsManager-I_Pr2Xj6.js          134.65 kB │ gzip:  32.45 kB
dist/assets/LeadsManager-DAnTLItE.js                 145.54 kB │ gzip:  40.06 kB
dist/assets/ProductDetailPage-CHdNDlbN.js            147.54 kB │ gzip:  37.54 kB
dist/assets/AgentsManager-C4zQ73yN.js                181.68 kB │ gzip:  45.54 kB
dist/assets/SellerInbox-B4kAvd92.js                  195.01 kB │ gzip:  50.58 kB
dist/assets/PieChart-xvteDOSb.js                     386.37 kB │ gzip: 104.25 kB
dist/assets/index-Bfi3latt.js                        620.53 kB │ gzip: 186.35 kB
dist/assets/SuperAdmin-vdd8kbzb.js                   627.47 kB │ gzip: 180.12 kB
dist/assets/HelpCenter-DpCuD8f4.js                   684.69 kB │ gzip: 125.79 kB
✓ built in 10.75s
