
added 497 packages in 40s

> nexvy-oficinas@0.0.0 build
> vite build

vite v5.4.21 building for production...
transforming...
✓ 4671 modules transformed.
rendering chunks...
computing gzip size...
dist/index.html                                        3.55 kB │ gzip:   1.36 kB
dist/assets/logo-dark-BXnOn120.png                   231.13 kB
dist/assets/index-CfWGsXd1.css                       158.92 kB │ gzip:  25.10 kB
dist/assets/index-BdQq_4o_.js                          0.06 kB │ gzip:   0.08 kB
dist/assets/isPast-D5aqGg5b.js                         0.09 kB │ gzip:   0.11 kB
dist/assets/subMonths-8T2Rx0mB.js                      0.09 kB │ gzip:   0.11 kB
dist/assets/isBefore-Bj01id60.js                       0.10 kB │ gzip:   0.12 kB
dist/assets/collapsible-DXN-oIqi.js                    0.10 kB │ gzip:   0.11 kB
dist/assets/isSameDay-DQyLhzPY.js                      0.11 kB │ gzip:   0.12 kB
dist/assets/isToday-hXDSJj3j.js                        0.14 kB │ gzip:   0.14 kB
dist/assets/index-B-XicGdI.js                          0.14 kB │ gzip:   0.14 kB
dist/assets/addDays-B_5KCljG.js                        0.15 kB │ gzip:   0.15 kB
dist/assets/differenceInCalendarMonths-DKjA5tTK.js     0.17 kB │ gzip:   0.15 kB
dist/assets/endOfMonth-BrQPxqgl.js                     0.17 kB │ gzip:   0.16 kB
dist/assets/skeleton-B-ftB98r.js                       0.17 kB │ gzip:   0.16 kB
dist/assets/isTomorrow-Do0hC7Gq.js                     0.19 kB │ gzip:   0.16 kB
dist/assets/index-zLFwe9nd.js                          0.23 kB │ gzip:   0.17 kB
dist/assets/useOrganizationPlan-Dxu3q2dU.js            0.27 kB │ gzip:   0.23 kB
dist/assets/minus-Dd5fU5ie.js                          0.29 kB │ gzip:   0.24 kB
dist/assets/check-B4MRw7NF.js                          0.29 kB │ gzip:   0.24 kB
dist/assets/chevron-up-BGu3iGok.js                     0.30 kB │ gzip:   0.25 kB
dist/assets/chevron-left-CaLT7LzN.js                   0.30 kB │ gzip:   0.25 kB
dist/assets/chevron-right-BB4LFdY2.js                  0.30 kB │ gzip:   0.25 kB
dist/assets/circle-B_uS9xbM.js                         0.30 kB │ gzip:   0.24 kB
dist/assets/BarChart-CVhhcPUG.js                       0.30 kB │ gzip:   0.22 kB
dist/assets/play-DevlsNAj.js                           0.30 kB │ gzip:   0.25 kB
dist/assets/message-circle-DxpUFiSn.js                 0.32 kB │ gzip:   0.26 kB
dist/assets/plus-bL6cvWyH.js                           0.32 kB │ gzip:   0.25 kB
dist/assets/thermometer-rJEAp5IL.js                    0.33 kB │ gzip:   0.26 kB
dist/assets/filter-D7g-jc6_.js                         0.33 kB │ gzip:   0.26 kB
dist/assets/arrow-right-B5WOZ13-.js                    0.33 kB │ gzip:   0.27 kB
dist/assets/arrow-left-DG--gDZe.js                     0.33 kB │ gzip:   0.27 kB
dist/assets/search-BFUqv_G0.js                         0.34 kB │ gzip:   0.27 kB
dist/assets/ban-exHtNgEx.js                            0.34 kB │ gzip:   0.27 kB
dist/assets/circle-check-DP45iUfa.js                   0.35 kB │ gzip:   0.27 kB
dist/assets/facebook-yNhCfCc-.js                       0.35 kB │ gzip:   0.28 kB
dist/assets/message-square-BvnvYyw0.js                 0.35 kB │ gzip:   0.27 kB
dist/assets/clock-D2JehE_j.js                          0.35 kB │ gzip:   0.27 kB
dist/assets/code-BRG8u3Ns.js                           0.35 kB │ gzip:   0.27 kB
dist/assets/reply-R17J2eYR.js                          0.36 kB │ gzip:   0.29 kB
dist/assets/forward-CACtPJ0o.js                        0.36 kB │ gzip:   0.29 kB
dist/assets/megaphone-kqRM8ZB-.js                      0.36 kB │ gzip:   0.28 kB
dist/assets/circle-check-big-6qPRjsia.js               0.36 kB │ gzip:   0.28 kB
dist/assets/startOfMonth-CqjfmrzA.js                   0.37 kB │ gzip:   0.25 kB
dist/assets/user-CYQeDXYg.js                           0.37 kB │ gzip:   0.29 kB
dist/assets/smartphone-BBcUXb35.js                     0.37 kB │ gzip:   0.29 kB
dist/assets/at-sign-DVzI99Zw.js                        0.37 kB │ gzip:   0.29 kB
dist/assets/rotate-ccw-ZZdHJSaB.js                     0.37 kB │ gzip:   0.29 kB
dist/assets/trending-up-CF5iLLYt.js                    0.37 kB │ gzip:   0.29 kB
dist/assets/info-ChQJiTyA.js                           0.37 kB │ gzip:   0.28 kB
dist/assets/lock-CGBXHF3W.js                           0.38 kB │ gzip:   0.30 kB
dist/assets/credit-card-AfCxOhgM.js                    0.38 kB │ gzip:   0.29 kB
dist/assets/circle-x-ZXFaP42O.js                       0.38 kB │ gzip:   0.28 kB
dist/assets/undo-2-CI9fdAF4.js                         0.38 kB │ gzip:   0.28 kB
dist/assets/trending-down-0Bz5QK4K.js                  0.38 kB │ gzip:   0.28 kB
dist/assets/bell-BdtHiKtG.js                           0.38 kB │ gzip:   0.29 kB
dist/assets/pause-DgjaX-Cl.js                          0.38 kB │ gzip:   0.27 kB
dist/assets/mail-Cflohlfq.js                           0.39 kB │ gzip:   0.30 kB
dist/assets/dollar-sign-BraK2raa.js                    0.39 kB │ gzip:   0.30 kB
dist/assets/flag-b1rV_Pjj.js                           0.39 kB │ gzip:   0.31 kB
dist/assets/square-check-big-Do46y-Gx.js               0.39 kB │ gzip:   0.30 kB
dist/assets/sticky-note-C1hmWdCX.js                    0.39 kB │ gzip:   0.28 kB
dist/assets/target-01jnASDV.js                         0.40 kB │ gzip:   0.27 kB
dist/assets/ellipsis-CZH6dj7L.js                       0.40 kB │ gzip:   0.27 kB
dist/assets/activity-B5i60luQ.js                       0.40 kB │ gzip:   0.30 kB
dist/assets/ellipsis-vertical-CeJlilue.js              0.40 kB │ gzip:   0.28 kB
dist/assets/pen-CkGavHjE.js                            0.41 kB │ gzip:   0.31 kB
dist/assets/copy-Bo378H0-.js                           0.41 kB │ gzip:   0.31 kB
dist/assets/headphones-BciDdwuT.js                     0.41 kB │ gzip:   0.29 kB
dist/assets/history-j57AoDaW.js                        0.41 kB │ gzip:   0.30 kB
dist/assets/circle-help-DtOgq_q9.js                    0.41 kB │ gzip:   0.30 kB
dist/assets/link-2-C3BDk5t0.js                         0.41 kB │ gzip:   0.31 kB
dist/assets/menu-DZ82Y7w2.js                           0.41 kB │ gzip:   0.28 kB
dist/assets/globe-BZ1tNmKV.js                          0.41 kB │ gzip:   0.29 kB
dist/assets/database-DWUHQflF.js                       0.41 kB │ gzip:   0.30 kB
dist/assets/endOfWeek-BPPi-azA.js                      0.41 kB │ gzip:   0.26 kB
dist/assets/arrow-up-down-d-u0bqII.js                  0.41 kB │ gzip:   0.30 kB
dist/assets/type-B3f9zth_.js                           0.41 kB │ gzip:   0.30 kB
dist/assets/banknote-DjbjwfoY.js                       0.42 kB │ gzip:   0.31 kB
dist/assets/heart-DFSRRVAD.js                          0.42 kB │ gzip:   0.31 kB
dist/assets/arrow-right-left-CwpHbkdX.js               0.42 kB │ gzip:   0.30 kB
dist/assets/video-BNmn6x4k.js                          0.42 kB │ gzip:   0.32 kB
dist/assets/camera-DVwGKSZQ.js                         0.42 kB │ gzip:   0.31 kB
dist/assets/circle-alert-Bg_OnqL9.js                   0.42 kB │ gzip:   0.29 kB
dist/assets/external-link-BWlHHX3G.js                  0.42 kB │ gzip:   0.30 kB
dist/assets/users-round-B5qOABFt.js                    0.42 kB │ gzip:   0.32 kB
dist/assets/settings-2-DeVKK8Bz.js                     0.42 kB │ gzip:   0.30 kB
dist/assets/archive-Dpwp553L.js                        0.42 kB │ gzip:   0.31 kB
dist/assets/user-check-OOrUWlvj.js                     0.42 kB │ gzip:   0.32 kB
dist/assets/route-DSxyjii9.js                          0.42 kB │ gzip:   0.31 kB
dist/assets/share-3wFgn4jB.js                          0.43 kB │ gzip:   0.31 kB
dist/assets/eye-DYh4w4Pi.js                            0.43 kB │ gzip:   0.31 kB
dist/assets/link-C9nj0icW.js                           0.43 kB │ gzip:   0.30 kB
dist/assets/upload-v5EkTBpp.js                         0.43 kB │ gzip:   0.32 kB
dist/assets/calendar-qkp4Q1Bt.js                       0.43 kB │ gzip:   0.30 kB
dist/assets/log-out-DlEZseRq.js                        0.43 kB │ gzip:   0.32 kB
dist/assets/plug-J2AH3jWp.js                           0.43 kB │ gzip:   0.30 kB
dist/assets/map-pin-JyKEPY81.js                        0.43 kB │ gzip:   0.33 kB
dist/assets/monitor-CnrWRAj4.js                        0.43 kB │ gzip:   0.31 kB
dist/assets/circle-user-BknP5B1o.js                    0.43 kB │ gzip:   0.31 kB
dist/assets/wrench-B5z0FwuD.js                         0.43 kB │ gzip:   0.31 kB
dist/assets/zap-BmV1zGxU.js                            0.43 kB │ gzip:   0.31 kB
dist/assets/download-DLBk3gsN.js                       0.43 kB │ gzip:   0.32 kB
dist/assets/workflow-B6MEsBDa.js                       0.44 kB │ gzip:   0.31 kB
dist/assets/image-BqsnBRMO.js                          0.44 kB │ gzip:   0.32 kB
dist/assets/mic-B6_dnBNi.js                            0.44 kB │ gzip:   0.32 kB
dist/assets/chart-pie-CJGUU1i9.js                      0.44 kB │ gzip:   0.33 kB
dist/assets/shield-BTmdXip4.js                         0.44 kB │ gzip:   0.33 kB
dist/assets/repeat-CX2OJrJs.js                         0.44 kB │ gzip:   0.31 kB
dist/assets/award-CZgvEDpz.js                          0.44 kB │ gzip:   0.33 kB
dist/assets/pencil-BP8hwSp7.js                         0.45 kB │ gzip:   0.33 kB
dist/assets/pen-line-CQ1mtPYb.js                       0.45 kB │ gzip:   0.33 kB
dist/assets/book-open-BgXrpdX-.js                      0.45 kB │ gzip:   0.31 kB
dist/assets/flame-NgN_Y3n3.js                          0.45 kB │ gzip:   0.33 kB
dist/assets/git-branch-DJQ7JN1l.js                     0.45 kB │ gzip:   0.32 kB
dist/assets/wifi-BSlmB0fY.js                           0.45 kB │ gzip:   0.31 kB
dist/assets/mail-check-xeBsjhXI.js                     0.45 kB │ gzip:   0.32 kB
dist/assets/lightbulb-CryHjRhY.js                      0.46 kB │ gzip:   0.33 kB
dist/assets/inbox-NoL61paH.js                          0.46 kB │ gzip:   0.33 kB
dist/assets/wallet-B5n96ALl.js                         0.46 kB │ gzip:   0.31 kB
dist/assets/send-nlOgdv0I.js                           0.46 kB │ gzip:   0.33 kB
dist/assets/folder-open-CqWoLheb.js                    0.46 kB │ gzip:   0.32 kB
dist/assets/shopping-cart-BwFaQwvp.js                  0.46 kB │ gzip:   0.33 kB
dist/assets/smile-BVMv34Dw.js                          0.46 kB │ gzip:   0.32 kB
dist/assets/grid-3x3-D-7oovZc.js                       0.46 kB │ gzip:   0.31 kB
dist/assets/hash-Bn5wzaIF.js                           0.47 kB │ gzip:   0.30 kB
dist/assets/instagram-DuwbBWNG.js                      0.47 kB │ gzip:   0.34 kB
dist/assets/list-todo-CKwM4B3m.js                      0.47 kB │ gzip:   0.32 kB
dist/assets/thumbs-up-Dhtz-ny1.js                      0.47 kB │ gzip:   0.34 kB
dist/assets/thumbs-down-BWCxw-62.js                    0.47 kB │ gzip:   0.34 kB
dist/assets/list-CB0sS1xy.js                           0.47 kB │ gzip:   0.29 kB
dist/assets/mouse-pointer-CQpVafEH.js                  0.48 kB │ gzip:   0.35 kB
dist/assets/user-x-DSlKHdC2.js                         0.48 kB │ gzip:   0.33 kB
dist/assets/user-plus-qEWHwz24.js                      0.48 kB │ gzip:   0.34 kB
dist/assets/textarea-D0CbFW-X.js                       0.48 kB │ gzip:   0.32 kB
dist/assets/square-pen-gqiuNHWX.js                     0.49 kB │ gzip:   0.34 kB
dist/assets/shield-check-ay35aGWi.js                   0.49 kB │ gzip:   0.35 kB
dist/assets/tag-BaQwfU0y.js                            0.50 kB │ gzip:   0.35 kB
dist/assets/save-CYU3lYAf.js                           0.50 kB │ gzip:   0.33 kB
dist/assets/bot-CxabWd0h.js                            0.50 kB │ gzip:   0.33 kB
dist/assets/differenceInDays-D9SUYMYD.js               0.50 kB │ gzip:   0.29 kB
dist/assets/youtube-0ipMYE1t.js                        0.50 kB │ gzip:   0.32 kB
dist/assets/calendar-x-Cg8sfovn.js                     0.51 kB │ gzip:   0.33 kB
dist/assets/layout-grid-6ot9Nffu.js                    0.52 kB │ gzip:   0.30 kB
dist/assets/layout-dashboard-Duwevo28.js               0.52 kB │ gzip:   0.31 kB
dist/assets/webhook-CrpHngBS.js                        0.52 kB │ gzip:   0.38 kB
dist/assets/key-round-DOA3JCHu.js                      0.52 kB │ gzip:   0.36 kB
dist/assets/calendar-plus-dXqx7LKq.js                  0.53 kB │ gzip:   0.33 kB
dist/assets/share-2-BwY1kDYy.js                        0.53 kB │ gzip:   0.34 kB
dist/assets/trash-2-wQ21spSk.js                        0.53 kB │ gzip:   0.35 kB
dist/assets/crown-5BJlECj9.js                          0.53 kB │ gzip:   0.36 kB
dist/assets/image-plus-Bpe9FU1m.js                     0.53 kB │ gzip:   0.36 kB
dist/assets/snowflake-BvevVXcd.js                      0.53 kB │ gzip:   0.34 kB
dist/assets/layers-BUY0boxn.js                         0.53 kB │ gzip:   0.34 kB
dist/assets/grip-vertical-BhY4Fuzb.js                  0.54 kB │ gzip:   0.30 kB
dist/assets/thermometer-sun-DU1sPq50.js                0.55 kB │ gzip:   0.36 kB
dist/assets/life-buoy-ChqatWMo.js                      0.55 kB │ gzip:   0.33 kB
dist/assets/calendar-clock-C1RUgaNV.js                 0.55 kB │ gzip:   0.36 kB
dist/assets/label-B4n-fhYG.js                          0.56 kB │ gzip:   0.38 kB
dist/assets/calendar-off-C-Ymp_qb.js                   0.56 kB │ gzip:   0.35 kB
dist/assets/package-BYkMRn5f.js                        0.56 kB │ gzip:   0.36 kB
dist/assets/phone-BAXmisb6.js                          0.56 kB │ gzip:   0.36 kB
dist/assets/hand-D3T6Zs3Y.js                           0.58 kB │ gzip:   0.36 kB
dist/assets/car-CnXhugsX.js                            0.58 kB │ gzip:   0.39 kB
dist/assets/input-CKgH5t9y.js                          0.58 kB │ gzip:   0.35 kB
dist/assets/file-json-DabFAuMy.js                      0.58 kB │ gzip:   0.34 kB
dist/assets/construction-BRmrh8-g.js                   0.59 kB │ gzip:   0.36 kB
dist/assets/eye-off-CeNlzGuX.js                        0.60 kB │ gzip:   0.38 kB
dist/assets/medal-Qa3x2obW.js                          0.61 kB │ gzip:   0.39 kB
dist/assets/building-2-DCPinDUp.js                     0.61 kB │ gzip:   0.35 kB
dist/assets/AIOptimizeButton-DrKd4Ejx.js               0.61 kB │ gzip:   0.38 kB
dist/assets/rocket-C9JWVMBZ.js                         0.63 kB │ gzip:   0.42 kB
dist/assets/wifi-off-C__II_1Q.js                       0.63 kB │ gzip:   0.38 kB
dist/assets/NotFound-DcvaCJhI.js                       0.63 kB │ gzip:   0.38 kB
dist/assets/trophy-BQwZ4tAn.js                         0.64 kB │ gzip:   0.39 kB
dist/assets/star-D971uSdQ.js                           0.64 kB │ gzip:   0.40 kB
dist/assets/useSquads-CZcTejr3.js                      0.65 kB │ gzip:   0.41 kB
dist/assets/useObjections-DjRTHA6s.js                  0.66 kB │ gzip:   0.43 kB
dist/assets/calendar-days-CsAQnLFQ.js                  0.66 kB │ gzip:   0.37 kB
dist/assets/chevron-down-AGZ7YR6T.js                   0.67 kB │ gzip:   0.33 kB
dist/assets/separator-NaZoo5B0.js                      0.67 kB │ gzip:   0.40 kB
dist/assets/sparkles-cwn-oW5y.js                       0.68 kB │ gzip:   0.40 kB
dist/assets/wand-sparkles-DAvj6x96.js                  0.68 kB │ gzip:   0.40 kB
dist/assets/unlink-BHwNshBz.js                         0.70 kB │ gzip:   0.41 kB
dist/assets/building-B8Y28ONp.js                       0.71 kB │ gzip:   0.37 kB
dist/assets/useCadence-DGf0ONYq.js                     0.72 kB │ gzip:   0.45 kB
dist/assets/swords-2_gM1mpT.js                         0.72 kB │ gzip:   0.39 kB
dist/assets/badge-20QnElx2.js                          0.75 kB │ gzip:   0.40 kB
dist/assets/user-cog-DyYWNdTS.js                       0.75 kB │ gzip:   0.42 kB
dist/assets/sliders-vertical-Ji3ATqch.js               0.75 kB │ gzip:   0.37 kB
dist/assets/Logo-2bWsiYjG.js                           0.77 kB │ gzip:   0.49 kB
dist/assets/flask-conical-FLpfLaQL.js                  0.77 kB │ gzip:   0.40 kB
dist/assets/list-checks-BdP3Y8kD.js                    0.78 kB │ gzip:   0.36 kB
dist/assets/palette-B8eWdIMe.js                        0.79 kB │ gzip:   0.45 kB
dist/assets/clipboard-check-BGtBll1P.js                0.79 kB │ gzip:   0.40 kB
dist/assets/index-DJN-6od5.js                          0.79 kB │ gzip:   0.51 kB
dist/assets/qr-code-CqQTQa1u.js                        0.82 kB │ gzip:   0.42 kB
dist/assets/bug--sHZdLnb.js                            0.84 kB │ gzip:   0.47 kB
dist/assets/message-square-warning-CH6cFUsr.js         0.85 kB │ gzip:   0.42 kB
dist/assets/settings-ClC3wwkn.js                       0.90 kB │ gzip:   0.45 kB
dist/assets/party-popper-7juTYZDg.js                   0.90 kB │ gzip:   0.52 kB
dist/assets/sun-C3BbiknA.js                            0.90 kB │ gzip:   0.41 kB
dist/assets/brain-DzcM8hKl.js                          0.90 kB │ gzip:   0.46 kB
dist/assets/alert-DUdrx35O.js                          0.91 kB │ gzip:   0.46 kB
dist/assets/CadencePicker-DFtNCwZg.js                  0.92 kB │ gzip:   0.56 kB
dist/assets/users-YVtv3lSQ.js                          0.93 kB │ gzip:   0.43 kB
dist/assets/paperclip-CrwxmmD_.js                      0.93 kB │ gzip:   0.47 kB
dist/assets/usePlatformName-hCrxAcGI.js                0.95 kB │ gzip:   0.53 kB
dist/assets/ColorPickerField-CWop_bQu.js               0.95 kB │ gzip:   0.55 kB
dist/assets/card-CSDIZY1p.js                           0.99 kB │ gzip:   0.38 kB
dist/assets/ThemeToggle-DltRhUqr.js                    0.99 kB │ gzip:   0.55 kB
dist/assets/useSuperAdminFirstAccess-Dt1t3PtQ.js       1.02 kB │ gzip:   0.57 kB
dist/assets/boxes-BAdYoVq0.js                          1.02 kB │ gzip:   0.51 kB
dist/assets/skull-DL8pgLXM.js                          1.03 kB │ gzip:   0.49 kB
dist/assets/key-BAZacHln.js                            1.05 kB │ gzip:   0.48 kB
dist/assets/useLeadTracking-DnKxD5b5.js                1.06 kB │ gzip:   0.52 kB
dist/assets/sliders-horizontal-B8lfCfQr.js             1.09 kB │ gzip:   0.47 kB
dist/assets/toggle-left--UJjkcEM.js                    1.09 kB │ gzip:   0.44 kB
dist/assets/useMaterials-DlDslpbM.js                   1.23 kB │ gzip:   0.56 kB
dist/assets/useProfile-BVG_rk9L.js                     1.37 kB │ gzip:   0.64 kB
dist/assets/gem-Du804UPI.js                            1.41 kB │ gzip:   0.52 kB
dist/assets/useCadences-BigXKNtN.js                    1.43 kB │ gzip:   0.74 kB
dist/assets/useCustomFields-poIwAkgv.js                1.45 kB │ gzip:   0.63 kB
dist/assets/usePlatformPlans-BTKFV0dU.js               1.47 kB │ gzip:   0.49 kB
dist/assets/table-BS4HBsoo.js                          1.49 kB │ gzip:   0.51 kB
dist/assets/button-B1m3T8uM.js                         1.50 kB │ gzip:   0.72 kB
dist/assets/useProducts-jBlnJQLx.js                    1.54 kB │ gzip:   0.55 kB
dist/assets/CaptureReportsSection-DvRAC-vu.js          1.54 kB │ gzip:   0.77 kB
dist/assets/useSalesGoals-C55aoLYb.js                  1.64 kB │ gzip:   0.75 kB
dist/assets/useAutoNotificationSettings-Cn9O9OHc.js    1.64 kB │ gzip:   0.58 kB
dist/assets/useDeals-CyDCClAP.js                       1.74 kB │ gzip:   0.77 kB
dist/assets/useSectors-5VrEqKCc.js                     1.76 kB │ gzip:   0.74 kB
dist/assets/funnelAppearance-BOHpVQTE.js               1.87 kB │ gzip:   0.85 kB
dist/assets/progress-BhS9LtKS.js                       1.90 kB │ gzip:   0.95 kB
dist/assets/useTasks-1JwdE15Y.js                       1.96 kB │ gzip:   0.61 kB
dist/assets/presentation-CKJFt1mj.js                   1.98 kB │ gzip:   0.58 kB
dist/assets/useLeads--QGbVmwD.js                       1.99 kB │ gzip:   0.65 kB
dist/assets/useHelp-1NVT4UKV.js                        2.14 kB │ gzip:   0.68 kB
dist/assets/dialog-BDLJPDuo.js                         2.17 kB │ gzip:   0.84 kB
dist/assets/index-BvsyJZnQ.js                          2.19 kB │ gzip:   0.98 kB
dist/assets/useCommissions-C1Tr-3Uj.js                 2.19 kB │ gzip:   0.74 kB
dist/assets/shuffle-iIKjvCHE.js                        2.20 kB │ gzip:   0.77 kB
dist/assets/sheet-B7Gh6vwi.js                          2.24 kB │ gzip:   0.89 kB
dist/assets/formatDistanceToNow-_3xPnp5a.js            2.26 kB │ gzip:   0.96 kB
dist/assets/TagFormDialog-DCUAoSBL.js                  2.32 kB │ gzip:   1.14 kB
dist/assets/_shared-DC8jQt4q.js                        2.32 kB │ gzip:   1.10 kB
dist/assets/Unsubscribe-BaArNsUW.js                    2.42 kB │ gzip:   1.21 kB
dist/assets/music-DEbxC6Ro.js                          2.45 kB │ gzip:   0.68 kB
dist/assets/useReleases-ZWX7kg0_.js                    2.48 kB │ gzip:   0.95 kB
dist/assets/avatar-Dq4XnMIH.js                         2.54 kB │ gzip:   1.14 kB
dist/assets/useUserPermissions-D_Y62G7q.js             2.54 kB │ gzip:   0.95 kB
dist/assets/parseISO-C6x1QlTq.js                       2.67 kB │ gzip:   1.18 kB
dist/assets/BookingCountdown-Bugfh30-.js               2.84 kB │ gzip:   1.21 kB
dist/assets/volume-x-BypBpz6j.js                       2.86 kB │ gzip:   0.86 kB
dist/assets/zoom-out-To-8exZo.js                       3.07 kB │ gzip:   0.84 kB
dist/assets/ResetPassword-JlOO_cFH.js                  3.11 kB │ gzip:   1.33 kB
dist/assets/shield-alert-CeVyFb7-.js                   3.12 kB │ gzip:   0.99 kB
dist/assets/useTeamInvitations-sy57gjiw.js             3.17 kB │ gzip:   1.16 kB
dist/assets/MobileTaskList-BXcydu05.js                 3.24 kB │ gzip:   1.38 kB
dist/assets/auth-errors-B_SiNTxi.js                    3.24 kB │ gzip:   1.33 kB
dist/assets/tabs-DWPFP6Mw.js                           3.26 kB │ gzip:   1.37 kB
dist/assets/useGoogleCalendarConnection-CoNYlK7o.js    3.35 kB │ gzip:   1.20 kB
dist/assets/timer-BUVdlw4W.js                          3.48 kB │ gzip:   0.98 kB
dist/assets/switch-C7RD9M_e.js                         3.48 kB │ gzip:   1.53 kB
dist/assets/index-CYZWBJgv.js                          3.49 kB │ gzip:   1.59 kB
dist/assets/DealModal-Cd63X2Z6.js                      3.59 kB │ gzip:   1.74 kB
dist/assets/LeadEditModal-h47-h4AP.js                  3.75 kB │ gzip:   1.35 kB
dist/assets/alert-dialog-C_y_G5Ho.js                   3.78 kB │ gzip:   1.27 kB
dist/assets/useTeam-CD8SePxK.js                        3.87 kB │ gzip:   1.15 kB
dist/assets/checkbox-jQGSoTBQ.js                       3.90 kB │ gzip:   1.73 kB
dist/assets/image-upload-RExUyUm9.js                   4.01 kB │ gzip:   1.85 kB
dist/assets/index-CS61XXL4.js                          4.08 kB │ gzip:   1.93 kB
dist/assets/Updates-CPf757Dk.js                        4.10 kB │ gzip:   1.70 kB
dist/assets/Install-D1SGBUNg.js                        4.17 kB │ gzip:   1.52 kB
dist/assets/HelpArticle-BdszsYZ4.js                    4.17 kB │ gzip:   1.68 kB
dist/assets/Dashboard-B70VJGqQ.js                      4.18 kB │ gzip:   1.53 kB
dist/assets/MobileGoalsView-BYRlzm6U.js                4.26 kB │ gzip:   1.39 kB
dist/assets/index-DVZgbXw7.js                          4.27 kB │ gzip:   1.58 kB
dist/assets/TagPackageGeneratorDialog-D0de-w8p.js      4.57 kB │ gzip:   1.94 kB
dist/assets/agents-CcnP0Mf4.js                         4.58 kB │ gzip:   1.83 kB
dist/assets/useLeadTags-BwIX0Izi.js                    4.59 kB │ gzip:   1.34 kB
dist/assets/accordion-D2o3WVvH.js                      4.64 kB │ gzip:   1.85 kB
dist/assets/CaptureTemplatesSection-Zw8XH4nS.js        4.80 kB │ gzip:   1.97 kB
dist/assets/MaterialsView-DvZ4RhBm.js                  4.88 kB │ gzip:   1.94 kB
dist/assets/variable-Dxl_kHGs.js                       4.89 kB │ gzip:   1.18 kB
dist/assets/ContextLibrary-B_CKtxkh.js                 5.03 kB │ gzip:   1.90 kB
dist/assets/Profile-DjRegKIP.js                        5.19 kB │ gzip:   1.99 kB
dist/assets/popover-Cjp0ajdg.js                        5.37 kB │ gzip:   1.96 kB
dist/assets/useAnimatedNumber-D2fIXpAW.js              5.50 kB │ gzip:   2.15 kB
dist/assets/Clientes-Ci8brV_-.js                       5.59 kB │ gzip:   1.81 kB
dist/assets/useProductAgents-CfF_ei-6.js               5.61 kB │ gzip:   1.73 kB
dist/assets/radio-group-D42CstOa.js                    5.73 kB │ gzip:   2.25 kB
dist/assets/pt-BR-Dk-aDYCe.js                          5.85 kB │ gzip:   2.11 kB
dist/assets/useEvolutionInstances-CtNoExTX.js          5.96 kB │ gzip:   1.44 kB
dist/assets/QuizResultView-LSnS540P.js                 6.11 kB │ gzip:   2.19 kB
dist/assets/CustomFieldsManager-DKHMAhLe.js            6.15 kB │ gzip:   2.26 kB
dist/assets/index-Dh4i1-J3.js                          6.20 kB │ gzip:   2.11 kB
dist/assets/useEmailTemplates-5tTSGoRF.js              6.25 kB │ gzip:   1.85 kB
dist/assets/BookingConfirmation-hvMP2vKz.js            6.26 kB │ gzip:   2.13 kB
dist/assets/PlaybookView-9L-Xlac4.js                   6.31 kB │ gzip:   2.00 kB
dist/assets/AcceptInvite-Dykdq_8L.js                   6.60 kB │ gzip:   2.30 kB
dist/assets/ModuleHub-CNaHG5RQ.js                      6.71 kB │ gzip:   2.70 kB
dist/assets/Financeiro-CvIAzIhL.js                     6.77 kB │ gzip:   2.00 kB
dist/assets/Veiculos-iaIIFTOn.js                       6.77 kB │ gzip:   2.03 kB
dist/assets/CartesianGrid-DwI45ZC8.js                  6.77 kB │ gzip:   2.36 kB
dist/assets/Orcamentos-DAs4BKo0.js                     7.15 kB │ gzip:   2.25 kB
dist/assets/CaptureResultsSection-ChzYSnB5.js          7.18 kB │ gzip:   2.54 kB
dist/assets/Ordens-JhP3PYoK.js                         7.74 kB │ gzip:   2.40 kB
dist/assets/en-US-Cs41XhzR.js                          7.78 kB │ gzip:   2.74 kB
dist/assets/QuickRepliesManager-DSnP_x3r.js            8.44 kB │ gzip:   2.96 kB
dist/assets/CaptureAnalyticsSection-nZUcoSfc.js        8.59 kB │ gzip:   3.08 kB
dist/assets/PlanSelector-66GCyWwt.js                   9.00 kB │ gzip:   3.24 kB
dist/assets/CadenceView-DqNzYNcl.js                    9.07 kB │ gzip:   2.91 kB
dist/assets/slider-Bqxe7_4J.js                         9.22 kB │ gzip:   3.65 kB
dist/assets/BusinessHoursManager-XEYbMIob.js           9.25 kB │ gzip:   3.31 kB
dist/assets/AdminDashboard-Gneb3aOl.js                 9.77 kB │ gzip:   2.58 kB
dist/assets/FinancialPanel-Dh8uSBPL.js                10.12 kB │ gzip:   2.80 kB
dist/assets/Login-Bu3_0-PW.js                         10.26 kB │ gzip:   3.36 kB
dist/assets/FinancialDashboard-CTmqqGeK.js            10.39 kB │ gzip:   2.61 kB
dist/assets/TagsManager-J4UbHe0-.js                   10.73 kB │ gzip:   3.42 kB
dist/assets/AgentPromptTemplates-xQEXwSq9.js          11.50 kB │ gzip:   5.22 kB
dist/assets/SectorsManager-I8JWeklp.js                11.51 kB │ gzip:   3.75 kB
dist/assets/Settings-BncWl_6r.js                      11.71 kB │ gzip:   3.33 kB
dist/assets/SupportTickets-Dc4A77Hf.js                12.01 kB │ gzip:   4.16 kB
dist/assets/PublicQuiz-C3CEr_0Q.js                    12.26 kB │ gzip:   4.69 kB
dist/assets/ReportsManager-C46gihY2.js                12.45 kB │ gzip:   3.02 kB
dist/assets/CompanySettings-Bkf1sdOa.js               12.49 kB │ gzip:   4.21 kB
dist/assets/scroll-area-C_cdCCd7.js                   12.62 kB │ gzip:   3.99 kB
dist/assets/format-DmR49Cei.js                        13.05 kB │ gzip:   3.47 kB
dist/assets/EventModal-BKDbtRFk.js                    13.17 kB │ gzip:   3.98 kB
dist/assets/MobileKanban-BibhHj7y.js                  13.21 kB │ gzip:   4.85 kB
dist/assets/AIChat-CHEOykUh.js                        13.26 kB │ gzip:   5.39 kB
dist/assets/LeadTransferModal-DFt0_i6J.js             13.40 kB │ gzip:   4.39 kB
dist/assets/SalesPage-D_WiWs2N.js                     13.62 kB │ gzip:   4.76 kB
dist/assets/command-z4ebLJ8u.js                       14.34 kB │ gzip:   5.37 kB
dist/assets/FormThemeWrapper-BuHEjRKH.js              15.36 kB │ gzip:   5.23 kB
dist/assets/EvolutionInstancesPanel-C45bJLd2.js       15.66 kB │ gzip:   5.03 kB
dist/assets/OperationCenter-5aKyLiGp.js               15.68 kB │ gzip:   4.40 kB
dist/assets/Combination-Bkf5cQBl.js                   15.92 kB │ gzip:   6.07 kB
dist/assets/PublicChat-D7oNSmjt.js                    16.06 kB │ gzip:   5.36 kB
dist/assets/PublicForm-Pq8N72fU.js                    16.12 kB │ gzip:   4.95 kB
dist/assets/useFunnels-B5UqcyNw.js                    16.23 kB │ gzip:   5.11 kB
dist/assets/index-BxeQHO2_.js                         16.68 kB │ gzip:   6.28 kB
dist/assets/useSquadPerformance-DjVYrUJN.js           16.95 kB │ gzip:   5.99 kB
dist/assets/TaskCenter-BRUZerkn.js                    17.25 kB │ gzip:   5.33 kB
dist/assets/CalendarManager-mslCJl3p.js               18.20 kB │ gzip:   6.05 kB
dist/assets/LeadsKanban-g5Bbjnty.js                   19.13 kB │ gzip:   6.73 kB
dist/assets/ProductListPage-y5k7WTDG.js               19.39 kB │ gzip:   6.54 kB
dist/assets/quizTemplates-Dkh6QVAA.js                 19.89 kB │ gzip:   5.28 kB
dist/assets/dropdown-menu-BXkn7oGB.js                 21.00 kB │ gzip:   6.17 kB
dist/assets/select-BYos5hT0.js                        21.97 kB │ gzip:   7.53 kB
dist/assets/CaktoSummaryCards-CkKYNxLk.js             23.71 kB │ gzip:   7.13 kB
dist/assets/NotificationManager-BIS8jS7t.js           24.59 kB │ gzip:   6.56 kB
dist/assets/SellerBookings-DtZy-5yK.js                25.16 kB │ gzip:   7.87 kB
dist/assets/CaktoAdminPanel-DSWBNpW4.js               26.32 kB │ gzip:   7.95 kB
dist/assets/MobileProductDashboard-C7TXqDm6.js        26.70 kB │ gzip:   8.03 kB
dist/assets/ObjectionsView-DA5W4tjx.js                27.05 kB │ gzip:   7.49 kB
dist/assets/KanbanBoard-Df6JVDmQ.js                   30.50 kB │ gzip:   9.80 kB
dist/assets/PublicBooking-Ce1gUQ_Y.js                 30.57 kB │ gzip:   8.83 kB
dist/assets/calendar-DHwyieFU.js                      34.20 kB │ gzip:  10.88 kB
dist/assets/CadencesManager-MaJMzhN5.js               38.37 kB │ gzip:  10.72 kB
dist/assets/TeamManager-C82JXbJo.js                   38.76 kB │ gzip:  10.43 kB
dist/assets/ChatBotSection-DoEboNKq.js                39.81 kB │ gzip:  11.45 kB
dist/assets/WhatsAppSection-D50MRXsa.js               39.89 kB │ gzip:  11.33 kB
dist/assets/PresetGallery-DjHJqoGh.js                 40.67 kB │ gzip:  10.21 kB
dist/assets/WidgetSection-CUMJKQV6.js                 42.46 kB │ gzip:  12.38 kB
dist/assets/Admin-DfYg0v7U.js                         43.02 kB │ gzip:  13.87 kB
dist/assets/CampaignsManager-D-Cw56lU.js              45.31 kB │ gzip:  12.15 kB
dist/assets/GuidedOnboarding-ZJP1f-8K.js              46.37 kB │ gzip:  13.26 kB
dist/assets/ProductDashboard-BWEG9pmo.js              49.02 kB │ gzip:  14.12 kB
dist/assets/FunnelWebhookLogsTab-Q6BWn3ve.js          58.85 kB │ gzip:  15.15 kB
dist/assets/index-uWdc8pAC.js                         60.36 kB │ gzip:  16.69 kB
dist/assets/Index-BSlQFatU.js                         64.90 kB │ gzip:  19.51 kB
dist/assets/CalendarListView-B3nc1GP-.js              67.18 kB │ gzip:  16.99 kB
dist/assets/InboxManager-BsnPlqlI.js                  67.74 kB │ gzip:  18.43 kB
dist/assets/WebhooksManager-w9i3L6LA.js               68.41 kB │ gzip:  16.92 kB
dist/assets/LeadDetailPage-B4qohJ3t.js                69.53 kB │ gzip:  17.49 kB
dist/assets/index-Dwf-S_sS.js                        117.77 kB │ gzip:  36.19 kB
dist/assets/QuizSection-C6gMWLMz.js                  121.05 kB │ gzip:  30.18 kB
dist/assets/proxy-B6P86UD0.js                        124.74 kB │ gzip:  40.76 kB
dist/assets/FormsSection-Df55q_Ku.js                 131.14 kB │ gzip:  32.40 kB
dist/assets/Docs-Fcgd5j_C.js                         131.97 kB │ gzip:  39.01 kB
dist/assets/IntegrationsManager-B3KyD5mo.js          134.75 kB │ gzip:  32.48 kB
dist/assets/LeadsManager-DzUw3oQ2.js                 145.64 kB │ gzip:  40.08 kB
dist/assets/ProductDetailPage-B7lbBdai.js            147.60 kB │ gzip:  37.56 kB
dist/assets/AgentsManager-Df_s_NJS.js                181.74 kB │ gzip:  45.57 kB
dist/assets/SellerInbox-DKFlZw1v.js                  195.04 kB │ gzip:  50.60 kB
dist/assets/PieChart-BsmjSv_I.js                     386.37 kB │ gzip: 104.25 kB
dist/assets/index-DYtfyImT.js                        592.19 kB │ gzip: 176.98 kB
dist/assets/SuperAdmin-CFgT6Iuc.js                   627.52 kB │ gzip: 180.11 kB
dist/assets/HelpCenter-DRR8Twnr.js                   684.96 kB │ gzip: 125.81 kB
✓ built in 10.76s
