
> nexvy-beauty@0.0.0 build
> vite build

vite v5.4.21 building for production...
transforming...
✓ 4678 modules transformed.
rendering chunks...
computing gzip size...
dist/index.html                                        3.55 kB │ gzip:   1.36 kB
dist/assets/logo-dark-BXnOn120.png                   231.13 kB
dist/assets/index-BZt0mCsg.css                       158.97 kB │ gzip:  25.11 kB
dist/assets/index-BdQq_4o_.js                          0.06 kB │ gzip:   0.08 kB
dist/assets/isPast-D5aqGg5b.js                         0.09 kB │ gzip:   0.11 kB
dist/assets/subMonths-8T2Rx0mB.js                      0.09 kB │ gzip:   0.11 kB
dist/assets/isBefore-Bj01id60.js                       0.10 kB │ gzip:   0.12 kB
dist/assets/collapsible-BnbOn3WB.js                    0.10 kB │ gzip:   0.11 kB
dist/assets/isSameDay-DQyLhzPY.js                      0.11 kB │ gzip:   0.12 kB
dist/assets/isToday-hXDSJj3j.js                        0.14 kB │ gzip:   0.14 kB
dist/assets/index-g_xcdNhz.js                          0.14 kB │ gzip:   0.14 kB
dist/assets/addDays-B_5KCljG.js                        0.15 kB │ gzip:   0.15 kB
dist/assets/differenceInCalendarMonths-DKjA5tTK.js     0.17 kB │ gzip:   0.15 kB
dist/assets/endOfMonth-BrQPxqgl.js                     0.17 kB │ gzip:   0.16 kB
dist/assets/skeleton-NMV-C3iS.js                       0.17 kB │ gzip:   0.16 kB
dist/assets/isTomorrow-Do0hC7Gq.js                     0.19 kB │ gzip:   0.16 kB
dist/assets/index-DDwNakaF.js                          0.23 kB │ gzip:   0.17 kB
dist/assets/useOrganizationPlan-B7suwfpW.js            0.27 kB │ gzip:   0.23 kB
dist/assets/minus-DK8MSMFt.js                          0.29 kB │ gzip:   0.24 kB
dist/assets/check-Ctr5OV40.js                          0.29 kB │ gzip:   0.25 kB
dist/assets/chevron-up-WAwfTdLS.js                     0.30 kB │ gzip:   0.25 kB
dist/assets/chevron-left-C9BiSFue.js                   0.30 kB │ gzip:   0.25 kB
dist/assets/chevron-right-sgeznJr6.js                  0.30 kB │ gzip:   0.25 kB
dist/assets/circle-BxJ62YTt.js                         0.30 kB │ gzip:   0.24 kB
dist/assets/BarChart-Dv0S-VAs.js                       0.30 kB │ gzip:   0.22 kB
dist/assets/play-YYMt6XfP.js                           0.30 kB │ gzip:   0.25 kB
dist/assets/message-circle-DwGVN8Jp.js                 0.32 kB │ gzip:   0.26 kB
dist/assets/plus-D-kMjtme.js                           0.32 kB │ gzip:   0.26 kB
dist/assets/thermometer-B8hhpS6d.js                    0.33 kB │ gzip:   0.27 kB
dist/assets/filter-CO4zsG6i.js                         0.33 kB │ gzip:   0.26 kB
dist/assets/arrow-right-CobfYzFH.js                    0.33 kB │ gzip:   0.27 kB
dist/assets/arrow-left-DIe1EObf.js                     0.33 kB │ gzip:   0.27 kB
dist/assets/search-B-n3VWjn.js                         0.34 kB │ gzip:   0.27 kB
dist/assets/ban-CQmJ4hw8.js                            0.34 kB │ gzip:   0.27 kB
dist/assets/circle-check-BGjZGLdN.js                   0.35 kB │ gzip:   0.27 kB
dist/assets/facebook-NpyI-Koo.js                       0.35 kB │ gzip:   0.28 kB
dist/assets/message-square-D-Fx1rfc.js                 0.35 kB │ gzip:   0.27 kB
dist/assets/clock-BrLTor81.js                          0.35 kB │ gzip:   0.27 kB
dist/assets/code-DxrVWk8N.js                           0.35 kB │ gzip:   0.27 kB
dist/assets/reply-BR27GU2t.js                          0.36 kB │ gzip:   0.29 kB
dist/assets/forward-CMEaIIZP.js                        0.36 kB │ gzip:   0.29 kB
dist/assets/megaphone-BTu5NTsa.js                      0.36 kB │ gzip:   0.28 kB
dist/assets/circle-check-big-CFWHVtnw.js               0.36 kB │ gzip:   0.28 kB
dist/assets/startOfMonth-CqjfmrzA.js                   0.37 kB │ gzip:   0.25 kB
dist/assets/user-I8zGFs_D.js                           0.37 kB │ gzip:   0.29 kB
dist/assets/smartphone-M_GXZdHr.js                     0.37 kB │ gzip:   0.29 kB
dist/assets/at-sign-D0bjaCmI.js                        0.37 kB │ gzip:   0.29 kB
dist/assets/rotate-ccw-CT6pYhfa.js                     0.37 kB │ gzip:   0.29 kB
dist/assets/trending-up-BgN_hrZV.js                    0.37 kB │ gzip:   0.29 kB
dist/assets/info-D597gsBd.js                           0.37 kB │ gzip:   0.28 kB
dist/assets/lock-CAvefFKZ.js                           0.38 kB │ gzip:   0.30 kB
dist/assets/credit-card-DcT3c56-.js                    0.38 kB │ gzip:   0.29 kB
dist/assets/circle-x-0UEreEF4.js                       0.38 kB │ gzip:   0.28 kB
dist/assets/undo-2-CZwR7Ymk.js                         0.38 kB │ gzip:   0.28 kB
dist/assets/trending-down-qRgBV6-H.js                  0.38 kB │ gzip:   0.28 kB
dist/assets/bell-Cu2yUQuL.js                           0.38 kB │ gzip:   0.29 kB
dist/assets/pause-D0j_Yx3B.js                          0.38 kB │ gzip:   0.27 kB
dist/assets/mail-JirNdgGf.js                           0.39 kB │ gzip:   0.30 kB
dist/assets/dollar-sign-BDo22srX.js                    0.39 kB │ gzip:   0.30 kB
dist/assets/flag-Br3fg8ew.js                           0.39 kB │ gzip:   0.31 kB
dist/assets/square-check-big-CNwAQ30E.js               0.39 kB │ gzip:   0.30 kB
dist/assets/sticky-note-BJwaXrF8.js                    0.39 kB │ gzip:   0.29 kB
dist/assets/target-X26QvNuA.js                         0.40 kB │ gzip:   0.27 kB
dist/assets/ellipsis-BUZPxW02.js                       0.40 kB │ gzip:   0.27 kB
dist/assets/activity-C_JrROXL.js                       0.40 kB │ gzip:   0.30 kB
dist/assets/ellipsis-vertical-CKdvjd1S.js              0.40 kB │ gzip:   0.28 kB
dist/assets/pen-C_sPW2oF.js                            0.41 kB │ gzip:   0.31 kB
dist/assets/copy-C8MLvM2y.js                           0.41 kB │ gzip:   0.31 kB
dist/assets/headphones-mH6Nc62i.js                     0.41 kB │ gzip:   0.29 kB
dist/assets/history-w3GLXHsl.js                        0.41 kB │ gzip:   0.30 kB
dist/assets/circle-help-DQa8E-VJ.js                    0.41 kB │ gzip:   0.30 kB
dist/assets/link-2-jrBmkIMp.js                         0.41 kB │ gzip:   0.31 kB
dist/assets/menu-Cgfxho5q.js                           0.41 kB │ gzip:   0.28 kB
dist/assets/globe-C4Wt6qCN.js                          0.41 kB │ gzip:   0.30 kB
dist/assets/database-CH9N2qrm.js                       0.41 kB │ gzip:   0.31 kB
dist/assets/endOfWeek-BPPi-azA.js                      0.41 kB │ gzip:   0.26 kB
dist/assets/arrow-up-down-BwogrXjp.js                  0.41 kB │ gzip:   0.30 kB
dist/assets/type-iiaz7g8w.js                           0.41 kB │ gzip:   0.30 kB
dist/assets/banknote-B8lc-yy0.js                       0.42 kB │ gzip:   0.31 kB
dist/assets/heart-BAtwWPRr.js                          0.42 kB │ gzip:   0.31 kB
dist/assets/arrow-right-left-BXzxlkLO.js               0.42 kB │ gzip:   0.30 kB
dist/assets/video-D6s0Wt44.js                          0.42 kB │ gzip:   0.32 kB
dist/assets/camera-CXVPPsEF.js                         0.42 kB │ gzip:   0.31 kB
dist/assets/circle-alert-DSSy4Btf.js                   0.42 kB │ gzip:   0.29 kB
dist/assets/external-link-DKmGuHKb.js                  0.42 kB │ gzip:   0.30 kB
dist/assets/users-round-X92sHrzm.js                    0.42 kB │ gzip:   0.32 kB
dist/assets/settings-2-Bhjjqgcq.js                     0.42 kB │ gzip:   0.30 kB
dist/assets/archive-C0baumTU.js                        0.42 kB │ gzip:   0.31 kB
dist/assets/user-check-C-m_mJzk.js                     0.42 kB │ gzip:   0.32 kB
dist/assets/route-DJC2z8XF.js                          0.42 kB │ gzip:   0.31 kB
dist/assets/share-DWDEDyTH.js                          0.43 kB │ gzip:   0.31 kB
dist/assets/eye-CLDs-pL9.js                            0.43 kB │ gzip:   0.31 kB
dist/assets/link-B6qmS-ZB.js                           0.43 kB │ gzip:   0.30 kB
dist/assets/upload-C6K-HAHG.js                         0.43 kB │ gzip:   0.32 kB
dist/assets/calendar-DvycDGEN.js                       0.43 kB │ gzip:   0.30 kB
dist/assets/log-out-CWhOlVli.js                        0.43 kB │ gzip:   0.32 kB
dist/assets/plug-B9caoIVC.js                           0.43 kB │ gzip:   0.30 kB
dist/assets/map-pin-Dcpf9QJl.js                        0.43 kB │ gzip:   0.33 kB
dist/assets/monitor-BG9OMEDB.js                        0.43 kB │ gzip:   0.31 kB
dist/assets/circle-user-CfNVwttH.js                    0.43 kB │ gzip:   0.31 kB
dist/assets/wrench-DtP4ov0E.js                         0.43 kB │ gzip:   0.31 kB
dist/assets/zap-Dmdpf60v.js                            0.43 kB │ gzip:   0.31 kB
dist/assets/download-4x7CLXcv.js                       0.43 kB │ gzip:   0.32 kB
dist/assets/workflow--Qc4T8Rp.js                       0.44 kB │ gzip:   0.31 kB
dist/assets/image-BzNPHUd5.js                          0.44 kB │ gzip:   0.32 kB
dist/assets/mic-D5qH4NSi.js                            0.44 kB │ gzip:   0.32 kB
dist/assets/chart-pie-DnjetSKx.js                      0.44 kB │ gzip:   0.33 kB
dist/assets/shield-oIW7iJV1.js                         0.44 kB │ gzip:   0.33 kB
dist/assets/repeat-B3Dcchh4.js                         0.44 kB │ gzip:   0.31 kB
dist/assets/award-ruY754Gr.js                          0.44 kB │ gzip:   0.33 kB
dist/assets/pencil-DRTQZeTb.js                         0.45 kB │ gzip:   0.33 kB
dist/assets/pen-line-C-M-v5KY.js                       0.45 kB │ gzip:   0.33 kB
dist/assets/book-open-uZKptbnw.js                      0.45 kB │ gzip:   0.31 kB
dist/assets/flame-ix40QmTK.js                          0.45 kB │ gzip:   0.34 kB
dist/assets/git-branch-Dqm7Uiw3.js                     0.45 kB │ gzip:   0.32 kB
dist/assets/wifi-CSpjNS7x.js                           0.45 kB │ gzip:   0.31 kB
dist/assets/mail-check-Cda3zgVH.js                     0.45 kB │ gzip:   0.33 kB
dist/assets/lightbulb-884y7oV4.js                      0.46 kB │ gzip:   0.33 kB
dist/assets/inbox-ZJ4YPOxV.js                          0.46 kB │ gzip:   0.33 kB
dist/assets/wallet-B9mbdmpf.js                         0.46 kB │ gzip:   0.31 kB
dist/assets/send-BHWq3tdL.js                           0.46 kB │ gzip:   0.33 kB
dist/assets/folder-open-BydNIZwu.js                    0.46 kB │ gzip:   0.32 kB
dist/assets/shopping-cart-BYqBethn.js                  0.46 kB │ gzip:   0.33 kB
dist/assets/smile-Dg7zGWnG.js                          0.46 kB │ gzip:   0.32 kB
dist/assets/grid-3x3-DNOsbrMy.js                       0.46 kB │ gzip:   0.31 kB
dist/assets/hash-DWAFFjtH.js                           0.47 kB │ gzip:   0.30 kB
dist/assets/instagram-BWA_IXZG.js                      0.47 kB │ gzip:   0.34 kB
dist/assets/list-todo-BjPtGl3i.js                      0.47 kB │ gzip:   0.32 kB
dist/assets/thumbs-up-Zd2b5msa.js                      0.47 kB │ gzip:   0.34 kB
dist/assets/thumbs-down-aPKiGGKh.js                    0.47 kB │ gzip:   0.34 kB
dist/assets/list-DnZsLw4_.js                           0.47 kB │ gzip:   0.29 kB
dist/assets/users-Qd_FH4r2.js                          0.47 kB │ gzip:   0.33 kB
dist/assets/mouse-pointer-Y81eFeCq.js                  0.48 kB │ gzip:   0.35 kB
dist/assets/user-x-DR-1mhP8.js                         0.48 kB │ gzip:   0.33 kB
dist/assets/user-plus-Br9hNGCS.js                      0.48 kB │ gzip:   0.34 kB
dist/assets/scissors-DD5aXYom.js                       0.48 kB │ gzip:   0.32 kB
dist/assets/textarea-BWq1Plqm.js                       0.48 kB │ gzip:   0.32 kB
dist/assets/square-pen-B2A9xFQJ.js                     0.49 kB │ gzip:   0.34 kB
dist/assets/shield-check-Dm2BqmdU.js                   0.49 kB │ gzip:   0.35 kB
dist/assets/tag-Dl4KAl2M.js                            0.50 kB │ gzip:   0.35 kB
dist/assets/save-BVaHyfJU.js                           0.50 kB │ gzip:   0.33 kB
dist/assets/bot-BpSHAbz4.js                            0.50 kB │ gzip:   0.33 kB
dist/assets/differenceInDays-D9SUYMYD.js               0.50 kB │ gzip:   0.29 kB
dist/assets/youtube-DC2AthrE.js                        0.50 kB │ gzip:   0.32 kB
dist/assets/file-text-CmJ79OvL.js                      0.50 kB │ gzip:   0.32 kB
dist/assets/calendar-x-DuOSXjvp.js                     0.51 kB │ gzip:   0.33 kB
dist/assets/layout-grid-BhQGh7yX.js                    0.52 kB │ gzip:   0.30 kB
dist/assets/layout-dashboard-Dg3DgpZz.js               0.52 kB │ gzip:   0.31 kB
dist/assets/webhook-Cp21twEA.js                        0.52 kB │ gzip:   0.38 kB
dist/assets/key-round-CzjmoVUx.js                      0.52 kB │ gzip:   0.36 kB
dist/assets/calendar-plus-oVluGDF1.js                  0.53 kB │ gzip:   0.33 kB
dist/assets/share-2-bvMGexpd.js                        0.53 kB │ gzip:   0.34 kB
dist/assets/trash-2-CePqDwC0.js                        0.53 kB │ gzip:   0.35 kB
dist/assets/crown-DN_MR8d9.js                          0.53 kB │ gzip:   0.36 kB
dist/assets/image-plus-zngoQ4l7.js                     0.53 kB │ gzip:   0.36 kB
dist/assets/snowflake-Bkumzx0m.js                      0.53 kB │ gzip:   0.34 kB
dist/assets/layers-ByHO1KrB.js                         0.53 kB │ gzip:   0.34 kB
dist/assets/grip-vertical-BzUtlzK3.js                  0.54 kB │ gzip:   0.30 kB
dist/assets/thermometer-sun-DahDs6_E.js                0.55 kB │ gzip:   0.36 kB
dist/assets/life-buoy-Ty-rRVFD.js                      0.55 kB │ gzip:   0.33 kB
dist/assets/calendar-clock-BYwN4dym.js                 0.55 kB │ gzip:   0.36 kB
dist/assets/label-CvoeNySF.js                          0.56 kB │ gzip:   0.38 kB
dist/assets/calendar-off-CqH1rrnN.js                   0.56 kB │ gzip:   0.35 kB
dist/assets/package-Cd8BK7GA.js                        0.56 kB │ gzip:   0.36 kB
dist/assets/phone-BOYSy34C.js                          0.56 kB │ gzip:   0.36 kB
dist/assets/hand-PncLVncO.js                           0.58 kB │ gzip:   0.36 kB
dist/assets/car-B-KW3soG.js                            0.58 kB │ gzip:   0.39 kB
dist/assets/input-ByDBduhb.js                          0.58 kB │ gzip:   0.36 kB
dist/assets/file-json-6Bh261lB.js                      0.58 kB │ gzip:   0.34 kB
dist/assets/construction-CPQxyWuM.js                   0.59 kB │ gzip:   0.36 kB
dist/assets/eye-off-BYkVo_oW.js                        0.60 kB │ gzip:   0.38 kB
dist/assets/medal-StrIzJAR.js                          0.61 kB │ gzip:   0.39 kB
dist/assets/building-2-Fj8w7uYG.js                     0.61 kB │ gzip:   0.35 kB
dist/assets/AIOptimizeButton-CTm3MaId.js               0.61 kB │ gzip:   0.38 kB
dist/assets/rocket-8710J-UX.js                         0.63 kB │ gzip:   0.42 kB
dist/assets/wifi-off-_EFGV3n7.js                       0.63 kB │ gzip:   0.38 kB
dist/assets/NotFound-DyKQWAL8.js                       0.63 kB │ gzip:   0.38 kB
dist/assets/trophy-CHg3ZJZF.js                         0.64 kB │ gzip:   0.39 kB
dist/assets/star-BHzSf-IQ.js                           0.64 kB │ gzip:   0.40 kB
dist/assets/useSquads-B2RYRwMJ.js                      0.65 kB │ gzip:   0.41 kB
dist/assets/useObjections-D08Lchnu.js                  0.66 kB │ gzip:   0.44 kB
dist/assets/calendar-days-m6VGc1bN.js                  0.66 kB │ gzip:   0.37 kB
dist/assets/chevron-down-hoyRe9oQ.js                   0.67 kB │ gzip:   0.33 kB
dist/assets/separator-CQTHClfv.js                      0.67 kB │ gzip:   0.40 kB
dist/assets/sparkles-CWZdEyqQ.js                       0.68 kB │ gzip:   0.40 kB
dist/assets/wand-sparkles-Bhazgp1k.js                  0.68 kB │ gzip:   0.40 kB
dist/assets/unlink-thKGhpVD.js                         0.70 kB │ gzip:   0.41 kB
dist/assets/building-LGPhdsDj.js                       0.71 kB │ gzip:   0.37 kB
dist/assets/useCadence-QyfVoUd4.js                     0.72 kB │ gzip:   0.45 kB
dist/assets/swords-CKsRfX7o.js                         0.72 kB │ gzip:   0.39 kB
dist/assets/badge-a3SeumMI.js                          0.75 kB │ gzip:   0.40 kB
dist/assets/user-cog-C1iWjzx1.js                       0.75 kB │ gzip:   0.42 kB
dist/assets/sliders-vertical-CfFEMC4N.js               0.75 kB │ gzip:   0.37 kB
dist/assets/Logo-kox0ONyM.js                           0.77 kB │ gzip:   0.49 kB
dist/assets/flask-conical-DUFr-ziT.js                  0.77 kB │ gzip:   0.40 kB
dist/assets/list-checks-6AwXZoz2.js                    0.78 kB │ gzip:   0.36 kB
dist/assets/palette-yGhZlxZN.js                        0.79 kB │ gzip:   0.45 kB
dist/assets/clipboard-check-CyblqcKu.js                0.79 kB │ gzip:   0.40 kB
dist/assets/index-CV4VLZoT.js                          0.79 kB │ gzip:   0.51 kB
dist/assets/qr-code-CNNiX-_t.js                        0.82 kB │ gzip:   0.42 kB
dist/assets/bug-B02LcMR5.js                            0.84 kB │ gzip:   0.47 kB
dist/assets/message-square-warning-BWLoLpw4.js         0.85 kB │ gzip:   0.42 kB
dist/assets/settings-BxWg2en1.js                       0.90 kB │ gzip:   0.45 kB
dist/assets/party-popper-BxAkxEkt.js                   0.90 kB │ gzip:   0.52 kB
dist/assets/sun-Cc-hvdIg.js                            0.90 kB │ gzip:   0.41 kB
dist/assets/brain-Clj_Pfo8.js                          0.90 kB │ gzip:   0.46 kB
dist/assets/alert-B_AwOz5b.js                          0.91 kB │ gzip:   0.47 kB
dist/assets/CadencePicker-twFIQS3r.js                  0.92 kB │ gzip:   0.56 kB
dist/assets/paperclip-Dsgyh21K.js                      0.93 kB │ gzip:   0.47 kB
dist/assets/usePlatformName-jGUbAfa1.js                0.95 kB │ gzip:   0.53 kB
dist/assets/ColorPickerField-DykfAfuY.js               0.95 kB │ gzip:   0.55 kB
dist/assets/card-CqhdFab7.js                           0.99 kB │ gzip:   0.38 kB
dist/assets/ThemeToggle-BNl3MsEw.js                    0.99 kB │ gzip:   0.55 kB
dist/assets/useSuperAdminFirstAccess-DVVCBWW8.js       1.02 kB │ gzip:   0.57 kB
dist/assets/boxes-BJWtVNit.js                          1.02 kB │ gzip:   0.50 kB
dist/assets/skull-BNfCOK-_.js                          1.03 kB │ gzip:   0.49 kB
dist/assets/key-DQs9Djgi.js                            1.05 kB │ gzip:   0.48 kB
dist/assets/useLeadTracking-BU8v5tX2.js                1.06 kB │ gzip:   0.52 kB
dist/assets/sliders-horizontal-Dbkoygu9.js             1.09 kB │ gzip:   0.47 kB
dist/assets/toggle-left-B9iekAmK.js                    1.09 kB │ gzip:   0.44 kB
dist/assets/useMaterials-DQRQ1uqA.js                   1.23 kB │ gzip:   0.56 kB
dist/assets/useProfile-D-XA1h_r.js                     1.37 kB │ gzip:   0.64 kB
dist/assets/gem-Lp2FtTZE.js                            1.41 kB │ gzip:   0.52 kB
dist/assets/useCadences-BeFwZbzL.js                    1.43 kB │ gzip:   0.74 kB
dist/assets/useCustomFields-DbRTOC4D.js                1.45 kB │ gzip:   0.63 kB
dist/assets/usePlatformPlans-ij0V0i78.js               1.47 kB │ gzip:   0.49 kB
dist/assets/table-C04WSZa2.js                          1.49 kB │ gzip:   0.52 kB
dist/assets/button-Cb6a4k7J.js                         1.50 kB │ gzip:   0.72 kB
dist/assets/useProducts-D_K0_7GX.js                    1.54 kB │ gzip:   0.56 kB
dist/assets/CaptureReportsSection-D7axy8MU.js          1.54 kB │ gzip:   0.76 kB
dist/assets/useSalesGoals-BcTH-qKL.js                  1.64 kB │ gzip:   0.75 kB
dist/assets/useAutoNotificationSettings-lmBagLYm.js    1.64 kB │ gzip:   0.58 kB
dist/assets/useDeals-CikrFpuu.js                       1.74 kB │ gzip:   0.77 kB
dist/assets/useSectors-B3l79dhv.js                     1.76 kB │ gzip:   0.74 kB
dist/assets/funnelAppearance-BOHpVQTE.js               1.87 kB │ gzip:   0.85 kB
dist/assets/progress-CEQa2zIL.js                       1.90 kB │ gzip:   0.95 kB
dist/assets/useTasks-CUQDJsM5.js                       1.96 kB │ gzip:   0.62 kB
dist/assets/presentation-76J7Ecqy.js                   1.98 kB │ gzip:   0.58 kB
dist/assets/useLeads-CXGqOLYM.js                       1.99 kB │ gzip:   0.65 kB
dist/assets/useHelp-CrdZCO6F.js                        2.14 kB │ gzip:   0.69 kB
dist/assets/dialog-C4ZMgDMn.js                         2.17 kB │ gzip:   0.84 kB
dist/assets/index-DLg4104M.js                          2.19 kB │ gzip:   0.98 kB
dist/assets/useCommissions-1BHlawcw.js                 2.19 kB │ gzip:   0.74 kB
dist/assets/shuffle-BR5KbTRe.js                        2.20 kB │ gzip:   0.76 kB
dist/assets/sheet-NrcRxGAL.js                          2.24 kB │ gzip:   0.89 kB
dist/assets/formatDistanceToNow-_3xPnp5a.js            2.26 kB │ gzip:   0.96 kB
dist/assets/TagFormDialog-B6jYOYMS.js                  2.32 kB │ gzip:   1.14 kB
dist/assets/_shared-D-qy_jXn.js                        2.36 kB │ gzip:   1.12 kB
dist/assets/_shared-CcVb1Rco.js                        2.37 kB │ gzip:   1.12 kB
dist/assets/Unsubscribe-YCActwAQ.js                    2.42 kB │ gzip:   1.21 kB
dist/assets/music-BHBvgaJ4.js                          2.45 kB │ gzip:   0.68 kB
dist/assets/useReleases-DPKgeZwe.js                    2.48 kB │ gzip:   0.95 kB
dist/assets/avatar-CASEhMVw.js                         2.54 kB │ gzip:   1.14 kB
dist/assets/useUserPermissions-CpaH2zOD.js             2.54 kB │ gzip:   0.95 kB
dist/assets/parseISO-C6x1QlTq.js                       2.67 kB │ gzip:   1.18 kB
dist/assets/BookingCountdown-DrY0iKHg.js               2.84 kB │ gzip:   1.21 kB
dist/assets/volume-x-DDIQCUfk.js                       2.86 kB │ gzip:   0.86 kB
dist/assets/timer-D7pqz-ZR.js                          3.04 kB │ gzip:   0.88 kB
dist/assets/zoom-out-D0iyxRz_.js                       3.07 kB │ gzip:   0.84 kB
dist/assets/ResetPassword-PO3JFOC9.js                  3.11 kB │ gzip:   1.33 kB
dist/assets/shield-alert-CRTziDoR.js                   3.12 kB │ gzip:   0.99 kB
dist/assets/useTeamInvitations-C7QgAf-N.js             3.17 kB │ gzip:   1.16 kB
dist/assets/MobileTaskList-BE1_jHzo.js                 3.24 kB │ gzip:   1.38 kB
dist/assets/auth-errors-B_SiNTxi.js                    3.24 kB │ gzip:   1.33 kB
dist/assets/tabs-CigibXZ0.js                           3.26 kB │ gzip:   1.37 kB
dist/assets/useGoogleCalendarConnection-COZtTqZv.js    3.35 kB │ gzip:   1.20 kB
dist/assets/switch-CGDWhrDp.js                         3.48 kB │ gzip:   1.53 kB
dist/assets/index-CDwIxGRn.js                          3.49 kB │ gzip:   1.59 kB
dist/assets/DealModal-BIGRXCnT.js                      3.59 kB │ gzip:   1.75 kB
dist/assets/LeadEditModal-l2jxMYok.js                  3.75 kB │ gzip:   1.35 kB
dist/assets/alert-dialog-BYNILUc6.js                   3.78 kB │ gzip:   1.27 kB
dist/assets/Dashboard-Zx0lFLMK.js                      3.82 kB │ gzip:   1.45 kB
dist/assets/useTeam-i1SmYEBm.js                        3.87 kB │ gzip:   1.15 kB
dist/assets/checkbox-QskOCIVf.js                       3.90 kB │ gzip:   1.73 kB
dist/assets/image-upload-CrRbiXxm.js                   4.01 kB │ gzip:   1.85 kB
dist/assets/index-CF6izvLQ.js                          4.08 kB │ gzip:   1.93 kB
dist/assets/Updates-B5OGzocn.js                        4.10 kB │ gzip:   1.71 kB
dist/assets/Install-Ccv4R_99.js                        4.17 kB │ gzip:   1.52 kB
dist/assets/HelpArticle-xdSk1fY-.js                    4.17 kB │ gzip:   1.68 kB
dist/assets/Dashboard-BG2WkuJD.js                      4.21 kB │ gzip:   1.56 kB
dist/assets/MobileGoalsView-DHsTEekz.js                4.26 kB │ gzip:   1.40 kB
dist/assets/index-DugeSxyE.js                          4.27 kB │ gzip:   1.58 kB
dist/assets/TagPackageGeneratorDialog-D1QyhiVR.js      4.57 kB │ gzip:   1.95 kB
dist/assets/agents-CcnP0Mf4.js                         4.58 kB │ gzip:   1.83 kB
dist/assets/useLeadTags-JjkoLXj1.js                    4.59 kB │ gzip:   1.34 kB
dist/assets/accordion-BiOAxEQ5.js                      4.64 kB │ gzip:   1.85 kB
dist/assets/CaptureTemplatesSection-BxnlAWsE.js        4.80 kB │ gzip:   1.97 kB
dist/assets/MaterialsView-DEwrLsEK.js                  4.88 kB │ gzip:   1.93 kB
dist/assets/variable-CWR3dql_.js                       4.89 kB │ gzip:   1.18 kB
dist/assets/ContextLibrary-CVpQ-RUy.js                 5.03 kB │ gzip:   1.90 kB
dist/assets/Profile-BjWohdDV.js                        5.19 kB │ gzip:   2.00 kB
dist/assets/popover-CfX1tFU-.js                        5.37 kB │ gzip:   1.96 kB
dist/assets/useAnimatedNumber-DIGuNsGG.js              5.50 kB │ gzip:   2.15 kB
dist/assets/useProductAgents-BUCo7RGu.js               5.61 kB │ gzip:   1.73 kB
dist/assets/Clientes-BMy9O1R_.js                       5.62 kB │ gzip:   1.83 kB
dist/assets/radio-group-zT0Vn1Hj.js                    5.73 kB │ gzip:   2.25 kB
dist/assets/pt-BR-Dk-aDYCe.js                          5.85 kB │ gzip:   2.11 kB
dist/assets/useEvolutionInstances-GN97ml29.js          5.96 kB │ gzip:   1.44 kB
dist/assets/QuizResultView-obDN_rJE.js                 6.11 kB │ gzip:   2.19 kB
dist/assets/CustomFieldsManager-vaAEFd93.js            6.15 kB │ gzip:   2.26 kB
dist/assets/index-Dh4i1-J3.js                          6.20 kB │ gzip:   2.11 kB
dist/assets/useEmailTemplates-9_HEvMu4.js              6.25 kB │ gzip:   1.85 kB
dist/assets/BookingConfirmation-BUTNKJQ7.js            6.26 kB │ gzip:   2.13 kB
dist/assets/PlaybookView-CzClUkuB.js                   6.31 kB │ gzip:   2.01 kB
dist/assets/AcceptInvite-CobesTsS.js                   6.60 kB │ gzip:   2.29 kB
dist/assets/ModuleHub-CGLcriXG.js                      6.77 kB │ gzip:   2.72 kB
dist/assets/CartesianGrid-CDew1-Dv.js                  6.77 kB │ gzip:   2.36 kB
dist/assets/Financeiro-Cp2hscoh.js                     6.80 kB │ gzip:   2.02 kB
dist/assets/Veiculos-CP3LB5Ta.js                       6.80 kB │ gzip:   2.05 kB
dist/assets/Financeiro-CsFfg9O5.js                     6.81 kB │ gzip:   2.02 kB
dist/assets/Profissionais-DNubQ-st.js                  6.99 kB │ gzip:   2.16 kB
dist/assets/CaptureResultsSection-DD9GeSfW.js          7.18 kB │ gzip:   2.53 kB
dist/assets/Orcamentos-D0jPJySz.js                     7.18 kB │ gzip:   2.27 kB
dist/assets/Ordens-DJaoZkJR.js                         7.78 kB │ gzip:   2.41 kB
dist/assets/en-US-Cs41XhzR.js                          7.78 kB │ gzip:   2.74 kB
dist/assets/QuickRepliesManager-BO1_s0W2.js            8.44 kB │ gzip:   2.96 kB
dist/assets/CaptureAnalyticsSection-D5TJ7ssM.js        8.59 kB │ gzip:   3.09 kB
dist/assets/Servicos-C2Peveep.js                       8.68 kB │ gzip:   2.53 kB
dist/assets/Clientes-CH8KSSto.js                       8.89 kB │ gzip:   2.56 kB
dist/assets/PlanSelector-D5nJDKrj.js                   9.00 kB │ gzip:   3.24 kB
dist/assets/CadenceView-DUeQC3Wq.js                    9.07 kB │ gzip:   2.91 kB
dist/assets/slider-Cn8OR-A2.js                         9.22 kB │ gzip:   3.65 kB
dist/assets/BusinessHoursManager-GtEauQvk.js           9.25 kB │ gzip:   3.31 kB
dist/assets/AdminDashboard-D8A1xekE.js                 9.77 kB │ gzip:   2.58 kB
dist/assets/Agenda-BCn6twLF.js                        10.08 kB │ gzip:   2.76 kB
dist/assets/FinancialPanel-BnR_OaPX.js                10.12 kB │ gzip:   2.80 kB
dist/assets/Login-DzLQTu16.js                         10.26 kB │ gzip:   3.35 kB
dist/assets/FinancialDashboard-C8OLsWqj.js            10.39 kB │ gzip:   2.61 kB
dist/assets/TagsManager-B_pGhirb.js                   10.73 kB │ gzip:   3.42 kB
dist/assets/AgentPromptTemplates-xQEXwSq9.js          11.50 kB │ gzip:   5.22 kB
dist/assets/SectorsManager-Wc-_Giur.js                11.51 kB │ gzip:   3.75 kB
dist/assets/Settings-CADwzVtt.js                      11.71 kB │ gzip:   3.33 kB
dist/assets/SupportTickets-BCsAlYAv.js                12.01 kB │ gzip:   4.16 kB
dist/assets/PublicQuiz-B6jXYIxp.js                    12.26 kB │ gzip:   4.68 kB
dist/assets/ReportsManager-cgwdL2k1.js                12.45 kB │ gzip:   3.02 kB
dist/assets/CompanySettings-DtAlil2r.js               12.55 kB │ gzip:   4.24 kB
dist/assets/scroll-area-DAOzWfkU.js                   12.62 kB │ gzip:   3.99 kB
dist/assets/format-DmR49Cei.js                        13.05 kB │ gzip:   3.47 kB
dist/assets/EventModal-CC6i0rAa.js                    13.17 kB │ gzip:   3.98 kB
dist/assets/MobileKanban-CstPBXxj.js                  13.24 kB │ gzip:   4.87 kB
dist/assets/AIChat-SUl0yamV.js                        13.26 kB │ gzip:   5.39 kB
dist/assets/LeadTransferModal-DDYD0NB4.js             13.40 kB │ gzip:   4.40 kB
dist/assets/SalesPage-RJ1C8BdQ.js                     13.66 kB │ gzip:   4.78 kB
dist/assets/command-DKHqOCP0.js                       14.34 kB │ gzip:   5.37 kB
dist/assets/FormThemeWrapper-B3sgt_4a.js              15.36 kB │ gzip:   5.23 kB
dist/assets/EvolutionInstancesPanel-C9Y8CEGM.js       15.66 kB │ gzip:   5.03 kB
dist/assets/OperationCenter-BQ0pvzS6.js               15.68 kB │ gzip:   4.40 kB
dist/assets/Combination-C_Vg_wMo.js                   15.92 kB │ gzip:   6.07 kB
dist/assets/PublicChat-Ci4CmMXS.js                    16.06 kB │ gzip:   5.36 kB
dist/assets/PublicForm-Coeq5x5a.js                    16.12 kB │ gzip:   4.95 kB
dist/assets/useFunnels-D95mcMC-.js                    16.23 kB │ gzip:   5.11 kB
dist/assets/index-CgUkwt11.js                         16.68 kB │ gzip:   6.28 kB
dist/assets/useSquadPerformance-DjPSGbe9.js           16.95 kB │ gzip:   5.99 kB
dist/assets/TaskCenter-Bu_DLfUn.js                    17.28 kB │ gzip:   5.34 kB
dist/assets/CalendarManager-CyMJdnmr.js               18.20 kB │ gzip:   6.06 kB
dist/assets/LeadsKanban-BIgE2Z5n.js                   19.16 kB │ gzip:   6.74 kB
dist/assets/ProductListPage-DGmjo5nZ.js               19.45 kB │ gzip:   6.56 kB
dist/assets/quizTemplates-Cmtmv1B9.js                 19.89 kB │ gzip:   5.27 kB
dist/assets/dropdown-menu-Bxjj3sM6.js                 21.00 kB │ gzip:   6.17 kB
dist/assets/select-CEFYPxkd.js                        21.97 kB │ gzip:   7.53 kB
dist/assets/CaktoSummaryCards-BLSTSwAF.js             23.71 kB │ gzip:   7.13 kB
dist/assets/NotificationManager-DPkr5eI7.js           24.62 kB │ gzip:   6.58 kB
dist/assets/SellerBookings-CNqEdzIC.js                25.19 kB │ gzip:   7.89 kB
dist/assets/CaktoAdminPanel-DqmLnoA4.js               26.32 kB │ gzip:   7.94 kB
dist/assets/MobileProductDashboard-DmY1eVtA.js        26.73 kB │ gzip:   8.05 kB
dist/assets/ObjectionsView-CKPqxA73.js                27.05 kB │ gzip:   7.49 kB
dist/assets/KanbanBoard-Br5huVvm.js                   30.57 kB │ gzip:   9.84 kB
dist/assets/PublicBooking-DneBuS3U.js                 30.57 kB │ gzip:   8.83 kB
dist/assets/calendar-Btmq9Kab.js                      34.20 kB │ gzip:  10.87 kB
dist/assets/CadencesManager-Dc3UpQiG.js               38.37 kB │ gzip:  10.71 kB
dist/assets/TeamManager-C70BE-hf.js                   38.76 kB │ gzip:  10.42 kB
dist/assets/ChatBotSection-DfdKAVtt.js                39.85 kB │ gzip:  11.48 kB
dist/assets/WhatsAppSection-DDDyvkVV.js               39.92 kB │ gzip:  11.35 kB
dist/assets/PresetGallery-CT0hR9sh.js                 40.67 kB │ gzip:  10.21 kB
dist/assets/WidgetSection-JZCvpwT6.js                 42.49 kB │ gzip:  12.40 kB
dist/assets/Admin-Cacw8_Ij.js                         43.23 kB │ gzip:  13.91 kB
dist/assets/CampaignsManager-BMCXCaT7.js              45.31 kB │ gzip:  12.14 kB
dist/assets/GuidedOnboarding-a4TKOgX4.js              46.44 kB │ gzip:  13.30 kB
dist/assets/ProductDashboard-Bm7HQovE.js              49.05 kB │ gzip:  14.15 kB
dist/assets/FunnelWebhookLogsTab-CCDypWmm.js          58.85 kB │ gzip:  15.17 kB
dist/assets/index-DONilv97.js                         60.36 kB │ gzip:  16.69 kB
dist/assets/Index-DbRId2FE.js                         65.00 kB │ gzip:  19.55 kB
dist/assets/CalendarListView-BtyIXhtZ.js              67.18 kB │ gzip:  17.00 kB
dist/assets/InboxManager-Dk0OnQga.js                  67.78 kB │ gzip:  18.46 kB
dist/assets/WebhooksManager-CsQlzMCA.js               68.41 kB │ gzip:  16.92 kB
dist/assets/LeadDetailPage-acHTuolB.js                69.57 kB │ gzip:  17.52 kB
dist/assets/index-kJ8AU_nD.js                        117.77 kB │ gzip:  36.19 kB
dist/assets/QuizSection-DYT2d9Fp.js                  121.05 kB │ gzip:  30.18 kB
dist/assets/proxy-DTbuRJeB.js                        124.74 kB │ gzip:  40.76 kB
dist/assets/FormsSection-Bx7c_Z-l.js                 131.21 kB │ gzip:  32.43 kB
dist/assets/Docs-D2ImdqGy.js                         132.01 kB │ gzip:  39.04 kB
dist/assets/IntegrationsManager-DMaju1R0.js          134.79 kB │ gzip:  32.50 kB
dist/assets/LeadsManager-CzSqkXNs.js                 145.67 kB │ gzip:  40.11 kB
dist/assets/ProductDetailPage-DvNIKoms.js            147.67 kB │ gzip:  37.59 kB
dist/assets/AgentsManager-iHNARfhI.js                181.81 kB │ gzip:  45.59 kB
dist/assets/SellerInbox-BjxFsdR5.js                  195.04 kB │ gzip:  50.61 kB
dist/assets/PieChart-CAbAOc-F.js                     386.37 kB │ gzip: 104.26 kB
dist/assets/index-Bto8YCEK.js                        593.65 kB │ gzip: 177.30 kB
dist/assets/SuperAdmin-CEdZufkO.js                   627.56 kB │ gzip: 180.13 kB
dist/assets/HelpCenter-x9l_ef_y.js                   685.03 kB │ gzip: 125.85 kB
✓ built in 8.83s
