
> nexvy-oficinas@0.0.0 build
> vite build

vite v5.4.21 building for production...
transforming...
✓ 4671 modules transformed.
rendering chunks...
computing gzip size...
dist/index.html                                        3.55 kB │ gzip:   1.36 kB
dist/assets/logo-dark-BXnOn120.png                   231.13 kB
dist/assets/index-CfWGsXd1.css                       158.92 kB │ gzip:  25.10 kB
dist/assets/index-BdQq_4o_.js                          0.06 kB │ gzip:   0.08 kB
dist/assets/isPast-D5aqGg5b.js                         0.09 kB │ gzip:   0.11 kB
dist/assets/subMonths-8T2Rx0mB.js                      0.09 kB │ gzip:   0.11 kB
dist/assets/isBefore-Bj01id60.js                       0.10 kB │ gzip:   0.12 kB
dist/assets/collapsible-Dd-IASeP.js                    0.10 kB │ gzip:   0.11 kB
dist/assets/isSameDay-DQyLhzPY.js                      0.11 kB │ gzip:   0.12 kB
dist/assets/isToday-hXDSJj3j.js                        0.14 kB │ gzip:   0.14 kB
dist/assets/index-rPtSOkb3.js                          0.14 kB │ gzip:   0.14 kB
dist/assets/addDays-B_5KCljG.js                        0.15 kB │ gzip:   0.15 kB
dist/assets/differenceInCalendarMonths-DKjA5tTK.js     0.17 kB │ gzip:   0.15 kB
dist/assets/endOfMonth-BrQPxqgl.js                     0.17 kB │ gzip:   0.16 kB
dist/assets/skeleton-C81U-RBt.js                       0.17 kB │ gzip:   0.16 kB
dist/assets/isTomorrow-Do0hC7Gq.js                     0.19 kB │ gzip:   0.16 kB
dist/assets/index-IakjKwwd.js                          0.23 kB │ gzip:   0.17 kB
dist/assets/useOrganizationPlan-C2GC7oWg.js            0.27 kB │ gzip:   0.23 kB
dist/assets/minus-DhfhSI5S.js                          0.29 kB │ gzip:   0.24 kB
dist/assets/check-gUj_3xDM.js                          0.29 kB │ gzip:   0.24 kB
dist/assets/chevron-up-B6EnVA3g.js                     0.30 kB │ gzip:   0.25 kB
dist/assets/chevron-left-C3vEc3Bd.js                   0.30 kB │ gzip:   0.25 kB
dist/assets/chevron-right-5o99T5NR.js                  0.30 kB │ gzip:   0.25 kB
dist/assets/circle-0bdqFdq1.js                         0.30 kB │ gzip:   0.24 kB
dist/assets/BarChart-BHlHDU5P.js                       0.30 kB │ gzip:   0.22 kB
dist/assets/play-q9F9kinz.js                           0.30 kB │ gzip:   0.25 kB
dist/assets/message-circle-CMFhiBd7.js                 0.32 kB │ gzip:   0.26 kB
dist/assets/plus-BFhBpfoR.js                           0.32 kB │ gzip:   0.26 kB
dist/assets/thermometer-Dg4R63z3.js                    0.33 kB │ gzip:   0.26 kB
dist/assets/filter-ChRIGYpJ.js                         0.33 kB │ gzip:   0.26 kB
dist/assets/arrow-right-De_wsaGJ.js                    0.33 kB │ gzip:   0.26 kB
dist/assets/arrow-left-Dyxh_It0.js                     0.33 kB │ gzip:   0.27 kB
dist/assets/search-CBGpqH2L.js                         0.34 kB │ gzip:   0.27 kB
dist/assets/ban-CSwWfux-.js                            0.34 kB │ gzip:   0.27 kB
dist/assets/circle-check-DEKCv1kT.js                   0.35 kB │ gzip:   0.27 kB
dist/assets/facebook-DUO6jGXc.js                       0.35 kB │ gzip:   0.28 kB
dist/assets/message-square-Dor1IVmd.js                 0.35 kB │ gzip:   0.27 kB
dist/assets/clock-CbvyoDyw.js                          0.35 kB │ gzip:   0.28 kB
dist/assets/code-CzmWf4ym.js                           0.35 kB │ gzip:   0.27 kB
dist/assets/reply-BEaq9DWz.js                          0.36 kB │ gzip:   0.29 kB
dist/assets/forward-nqPDgVuF.js                        0.36 kB │ gzip:   0.29 kB
dist/assets/megaphone-CmGKnD72.js                      0.36 kB │ gzip:   0.28 kB
dist/assets/circle-check-big-CFS1AnJN.js               0.36 kB │ gzip:   0.28 kB
dist/assets/startOfMonth-CqjfmrzA.js                   0.37 kB │ gzip:   0.25 kB
dist/assets/user-COULpVYg.js                           0.37 kB │ gzip:   0.29 kB
dist/assets/smartphone-Bp11D23z.js                     0.37 kB │ gzip:   0.29 kB
dist/assets/at-sign-DaIjNQqR.js                        0.37 kB │ gzip:   0.29 kB
dist/assets/rotate-ccw-BXN7mlix.js                     0.37 kB │ gzip:   0.29 kB
dist/assets/trending-up-d1ZEKlVD.js                    0.37 kB │ gzip:   0.29 kB
dist/assets/info-CPOWGeQx.js                           0.37 kB │ gzip:   0.28 kB
dist/assets/lock-DVEhkO4u.js                           0.38 kB │ gzip:   0.30 kB
dist/assets/credit-card-kt_pkeSO.js                    0.38 kB │ gzip:   0.29 kB
dist/assets/circle-x-CdxbFUlD.js                       0.38 kB │ gzip:   0.28 kB
dist/assets/undo-2-CiR1ECy4.js                         0.38 kB │ gzip:   0.28 kB
dist/assets/trending-down-B49RI6GC.js                  0.38 kB │ gzip:   0.28 kB
dist/assets/bell-BTNmJ4hz.js                           0.38 kB │ gzip:   0.29 kB
dist/assets/pause-RNPdwDWl.js                          0.38 kB │ gzip:   0.27 kB
dist/assets/mail-CaqCay79.js                           0.39 kB │ gzip:   0.30 kB
dist/assets/dollar-sign-ByolNm1u.js                    0.39 kB │ gzip:   0.30 kB
dist/assets/flag-DOiAPF-p.js                           0.39 kB │ gzip:   0.31 kB
dist/assets/square-check-big-CLbqmLO9.js               0.39 kB │ gzip:   0.30 kB
dist/assets/sticky-note-Cx984DsC.js                    0.39 kB │ gzip:   0.28 kB
dist/assets/target-8Q6XEPne.js                         0.40 kB │ gzip:   0.27 kB
dist/assets/ellipsis-Bw8TBIw9.js                       0.40 kB │ gzip:   0.27 kB
dist/assets/activity-u7LidaOy.js                       0.40 kB │ gzip:   0.30 kB
dist/assets/ellipsis-vertical-D6n5-N0I.js              0.40 kB │ gzip:   0.28 kB
dist/assets/pen-dwAMo9SY.js                            0.41 kB │ gzip:   0.31 kB
dist/assets/copy-CaitkHUP.js                           0.41 kB │ gzip:   0.31 kB
dist/assets/headphones-DyHOwpMC.js                     0.41 kB │ gzip:   0.29 kB
dist/assets/history-1H3tE0VT.js                        0.41 kB │ gzip:   0.30 kB
dist/assets/circle-help-KY51XEzx.js                    0.41 kB │ gzip:   0.30 kB
dist/assets/link-2-Dn3ZWkzo.js                         0.41 kB │ gzip:   0.31 kB
dist/assets/menu-CZ-qr6ux.js                           0.41 kB │ gzip:   0.28 kB
dist/assets/globe-BHJraKTa.js                          0.41 kB │ gzip:   0.29 kB
dist/assets/database-DEr65S-M.js                       0.41 kB │ gzip:   0.30 kB
dist/assets/endOfWeek-BPPi-azA.js                      0.41 kB │ gzip:   0.26 kB
dist/assets/arrow-up-down-CuIaKs21.js                  0.41 kB │ gzip:   0.30 kB
dist/assets/type-BFoZ6MvS.js                           0.41 kB │ gzip:   0.30 kB
dist/assets/banknote-iQukbhcm.js                       0.42 kB │ gzip:   0.31 kB
dist/assets/heart-jsGnX4C1.js                          0.42 kB │ gzip:   0.31 kB
dist/assets/arrow-right-left-DH4vYaJH.js               0.42 kB │ gzip:   0.30 kB
dist/assets/video-Dw6IIdfV.js                          0.42 kB │ gzip:   0.32 kB
dist/assets/camera-Y1noK3rs.js                         0.42 kB │ gzip:   0.31 kB
dist/assets/circle-alert-BFSOVGf6.js                   0.42 kB │ gzip:   0.29 kB
dist/assets/external-link-DRSiIuv6.js                  0.42 kB │ gzip:   0.30 kB
dist/assets/users-round-DTHP-9hw.js                    0.42 kB │ gzip:   0.32 kB
dist/assets/settings-2-DQVt7nl5.js                     0.42 kB │ gzip:   0.30 kB
dist/assets/archive-Dbg8avm5.js                        0.42 kB │ gzip:   0.31 kB
dist/assets/user-check-C6p5oQJ3.js                     0.42 kB │ gzip:   0.32 kB
dist/assets/route-CwAMJxq9.js                          0.42 kB │ gzip:   0.31 kB
dist/assets/share-D4IXJ1oN.js                          0.43 kB │ gzip:   0.31 kB
dist/assets/eye-2GnBctFZ.js                            0.43 kB │ gzip:   0.31 kB
dist/assets/link-BN1I6BFu.js                           0.43 kB │ gzip:   0.30 kB
dist/assets/upload-1i1AmAhX.js                         0.43 kB │ gzip:   0.32 kB
dist/assets/calendar-D7xyTmHP.js                       0.43 kB │ gzip:   0.30 kB
dist/assets/log-out-Dqs5zGUm.js                        0.43 kB │ gzip:   0.32 kB
dist/assets/plug-DsFFsCmt.js                           0.43 kB │ gzip:   0.30 kB
dist/assets/map-pin-BYtGTYJi.js                        0.43 kB │ gzip:   0.33 kB
dist/assets/monitor-CWPhEA1v.js                        0.43 kB │ gzip:   0.31 kB
dist/assets/circle-user-DBqSrJup.js                    0.43 kB │ gzip:   0.31 kB
dist/assets/wrench-Cogui8f3.js                         0.43 kB │ gzip:   0.31 kB
dist/assets/zap-DbvyNMsu.js                            0.43 kB │ gzip:   0.31 kB
dist/assets/download-Cfe14-BP.js                       0.43 kB │ gzip:   0.32 kB
dist/assets/workflow-CepaaJd3.js                       0.44 kB │ gzip:   0.31 kB
dist/assets/image-ClXbEgxC.js                          0.44 kB │ gzip:   0.32 kB
dist/assets/mic-C76uYy5i.js                            0.44 kB │ gzip:   0.32 kB
dist/assets/chart-pie-C4rSCV47.js                      0.44 kB │ gzip:   0.33 kB
dist/assets/shield-BU8-05pw.js                         0.44 kB │ gzip:   0.33 kB
dist/assets/repeat-inzGHYhz.js                         0.44 kB │ gzip:   0.31 kB
dist/assets/award-CWfblIhS.js                          0.44 kB │ gzip:   0.33 kB
dist/assets/pencil-BpeEu7Mi.js                         0.45 kB │ gzip:   0.33 kB
dist/assets/pen-line-DY2Z049A.js                       0.45 kB │ gzip:   0.33 kB
dist/assets/book-open-BnxfB_qQ.js                      0.45 kB │ gzip:   0.31 kB
dist/assets/flame-DvHxDtbF.js                          0.45 kB │ gzip:   0.33 kB
dist/assets/git-branch-DauBwXB9.js                     0.45 kB │ gzip:   0.32 kB
dist/assets/wifi-aDfqhDZx.js                           0.45 kB │ gzip:   0.31 kB
dist/assets/mail-check-C2sYxKBK.js                     0.45 kB │ gzip:   0.33 kB
dist/assets/lightbulb-L3HOmrc0.js                      0.46 kB │ gzip:   0.33 kB
dist/assets/inbox-C9_aubqF.js                          0.46 kB │ gzip:   0.33 kB
dist/assets/wallet-Bq_Hkcp2.js                         0.46 kB │ gzip:   0.31 kB
dist/assets/send-BtEy2Cnc.js                           0.46 kB │ gzip:   0.33 kB
dist/assets/folder-open-DNSpJpEo.js                    0.46 kB │ gzip:   0.32 kB
dist/assets/shopping-cart-BWx9mLLa.js                  0.46 kB │ gzip:   0.33 kB
dist/assets/smile-B4-wLaqo.js                          0.46 kB │ gzip:   0.32 kB
dist/assets/grid-3x3-Ux3Jrwb_.js                       0.46 kB │ gzip:   0.31 kB
dist/assets/hash-DyjQWGTa.js                           0.47 kB │ gzip:   0.30 kB
dist/assets/instagram-D0jpjGm7.js                      0.47 kB │ gzip:   0.34 kB
dist/assets/list-todo-BCjh5PTf.js                      0.47 kB │ gzip:   0.32 kB
dist/assets/thumbs-up-DqgViw9x.js                      0.47 kB │ gzip:   0.34 kB
dist/assets/thumbs-down-BOEpmM4Z.js                    0.47 kB │ gzip:   0.34 kB
dist/assets/list-BoD8j3Y3.js                           0.47 kB │ gzip:   0.29 kB
dist/assets/mouse-pointer-VlVMWoM5.js                  0.48 kB │ gzip:   0.35 kB
dist/assets/user-x-CMbJhe0a.js                         0.48 kB │ gzip:   0.33 kB
dist/assets/user-plus-CtNjyKjt.js                      0.48 kB │ gzip:   0.34 kB
dist/assets/textarea-By6Gbvta.js                       0.48 kB │ gzip:   0.32 kB
dist/assets/square-pen-BCayPsZf.js                     0.49 kB │ gzip:   0.34 kB
dist/assets/shield-check-BKFmkiva.js                   0.49 kB │ gzip:   0.35 kB
dist/assets/tag-DQAoi5fy.js                            0.50 kB │ gzip:   0.35 kB
dist/assets/save-BtBihcyw.js                           0.50 kB │ gzip:   0.33 kB
dist/assets/bot-CeU-9QGS.js                            0.50 kB │ gzip:   0.33 kB
dist/assets/differenceInDays-D9SUYMYD.js               0.50 kB │ gzip:   0.29 kB
dist/assets/youtube-nQbK-ZHV.js                        0.50 kB │ gzip:   0.32 kB
dist/assets/calendar-x-DTRpaUgy.js                     0.51 kB │ gzip:   0.33 kB
dist/assets/layout-grid-DHlQbVKA.js                    0.52 kB │ gzip:   0.30 kB
dist/assets/layout-dashboard-CmIhYg8I.js               0.52 kB │ gzip:   0.31 kB
dist/assets/webhook-BAny2CfX.js                        0.52 kB │ gzip:   0.37 kB
dist/assets/key-round-6JFBUHyr.js                      0.52 kB │ gzip:   0.36 kB
dist/assets/calendar-plus-CEPDN_Qv.js                  0.53 kB │ gzip:   0.33 kB
dist/assets/share-2-DYwaHQNq.js                        0.53 kB │ gzip:   0.34 kB
dist/assets/trash-2-DirszGN1.js                        0.53 kB │ gzip:   0.35 kB
dist/assets/crown-CaaHluHj.js                          0.53 kB │ gzip:   0.36 kB
dist/assets/image-plus-Cedw_Man.js                     0.53 kB │ gzip:   0.36 kB
dist/assets/snowflake-CdfgzDxV.js                      0.53 kB │ gzip:   0.34 kB
dist/assets/layers-DTZtsgE7.js                         0.53 kB │ gzip:   0.34 kB
dist/assets/grip-vertical-B8ZPKd0A.js                  0.54 kB │ gzip:   0.30 kB
dist/assets/thermometer-sun-BkuCmwIW.js                0.55 kB │ gzip:   0.36 kB
dist/assets/life-buoy-CyLMSAsl.js                      0.55 kB │ gzip:   0.33 kB
dist/assets/calendar-clock-Ch0gPsJ_.js                 0.55 kB │ gzip:   0.36 kB
dist/assets/label--dnvoi39.js                          0.56 kB │ gzip:   0.38 kB
dist/assets/calendar-off-DOFoGD-F.js                   0.56 kB │ gzip:   0.35 kB
dist/assets/package-BahH37pU.js                        0.56 kB │ gzip:   0.36 kB
dist/assets/phone-C_2pHn50.js                          0.56 kB │ gzip:   0.36 kB
dist/assets/hand-BBOZ_zCO.js                           0.58 kB │ gzip:   0.36 kB
dist/assets/car-DSi4py3N.js                            0.58 kB │ gzip:   0.39 kB
dist/assets/input-D2Rf7-_O.js                          0.58 kB │ gzip:   0.36 kB
dist/assets/file-json-rX76ArMa.js                      0.58 kB │ gzip:   0.34 kB
dist/assets/construction-BIz_HKBD.js                   0.59 kB │ gzip:   0.36 kB
dist/assets/eye-off-wfIlauLk.js                        0.60 kB │ gzip:   0.38 kB
dist/assets/medal-cf5K7Keo.js                          0.61 kB │ gzip:   0.39 kB
dist/assets/building-2-Bb1l-ncY.js                     0.61 kB │ gzip:   0.35 kB
dist/assets/AIOptimizeButton-CQ79Bkdg.js               0.61 kB │ gzip:   0.38 kB
dist/assets/rocket-D52Sb9mx.js                         0.63 kB │ gzip:   0.42 kB
dist/assets/wifi-off-T26O2cBY.js                       0.63 kB │ gzip:   0.38 kB
dist/assets/NotFound-4ehf_OcC.js                       0.63 kB │ gzip:   0.38 kB
dist/assets/trophy-BeFLh4g6.js                         0.64 kB │ gzip:   0.39 kB
dist/assets/star-DnkcQ1Dm.js                           0.64 kB │ gzip:   0.40 kB
dist/assets/useSquads-MSfnhDh7.js                      0.65 kB │ gzip:   0.41 kB
dist/assets/useObjections-CXrrVwat.js                  0.66 kB │ gzip:   0.44 kB
dist/assets/calendar-days-Cm3kFLx0.js                  0.66 kB │ gzip:   0.37 kB
dist/assets/chevron-down-CPm-9E81.js                   0.67 kB │ gzip:   0.33 kB
dist/assets/separator-W5BGQEr0.js                      0.67 kB │ gzip:   0.40 kB
dist/assets/sparkles-BTXt9vpy.js                       0.68 kB │ gzip:   0.40 kB
dist/assets/wand-sparkles-CLssziBq.js                  0.68 kB │ gzip:   0.40 kB
dist/assets/unlink-CtXy1aEg.js                         0.70 kB │ gzip:   0.41 kB
dist/assets/building-C8sd0yCQ.js                       0.71 kB │ gzip:   0.37 kB
dist/assets/useCadence-BJSdi0Sk.js                     0.72 kB │ gzip:   0.45 kB
dist/assets/swords-BwpW4hPi.js                         0.72 kB │ gzip:   0.39 kB
dist/assets/badge-Cpw2peFr.js                          0.75 kB │ gzip:   0.40 kB
dist/assets/user-cog-3ti0pMNc.js                       0.75 kB │ gzip:   0.42 kB
dist/assets/sliders-vertical-Dx7TmWJe.js               0.75 kB │ gzip:   0.37 kB
dist/assets/Logo-B7c35yCV.js                           0.77 kB │ gzip:   0.49 kB
dist/assets/flask-conical-iA08WqLl.js                  0.77 kB │ gzip:   0.40 kB
dist/assets/list-checks-wG-pPT7e.js                    0.78 kB │ gzip:   0.36 kB
dist/assets/palette-BuXl3qZ0.js                        0.79 kB │ gzip:   0.45 kB
dist/assets/clipboard-check-YQOtJH9C.js                0.79 kB │ gzip:   0.40 kB
dist/assets/index-C6Izg18G.js                          0.79 kB │ gzip:   0.51 kB
dist/assets/qr-code-DnohRI-0.js                        0.82 kB │ gzip:   0.42 kB
dist/assets/bug-CgEcX4kM.js                            0.84 kB │ gzip:   0.47 kB
dist/assets/message-square-warning-D021jhHz.js         0.85 kB │ gzip:   0.42 kB
dist/assets/settings-D9Cj2OzU.js                       0.90 kB │ gzip:   0.45 kB
dist/assets/party-popper-DW-RZ5W-.js                   0.90 kB │ gzip:   0.52 kB
dist/assets/sun-Df6NLpbg.js                            0.90 kB │ gzip:   0.41 kB
dist/assets/brain-BhTHbGCl.js                          0.90 kB │ gzip:   0.46 kB
dist/assets/alert-B87EWmnN.js                          0.91 kB │ gzip:   0.46 kB
dist/assets/CadencePicker-4Sb2-7D6.js                  0.92 kB │ gzip:   0.56 kB
dist/assets/users-BmR3lXEw.js                          0.93 kB │ gzip:   0.43 kB
dist/assets/paperclip-SEDEMaZf.js                      0.93 kB │ gzip:   0.47 kB
dist/assets/usePlatformName-d1kRYaUm.js                0.95 kB │ gzip:   0.53 kB
dist/assets/ColorPickerField-zKq5LRD6.js               0.95 kB │ gzip:   0.55 kB
dist/assets/card-DcZoS15O.js                           0.99 kB │ gzip:   0.38 kB
dist/assets/ThemeToggle-fGE4TGKF.js                    0.99 kB │ gzip:   0.55 kB
dist/assets/useSuperAdminFirstAccess-CmJrVZUn.js       1.02 kB │ gzip:   0.57 kB
dist/assets/boxes-Dw-32ytB.js                          1.02 kB │ gzip:   0.50 kB
dist/assets/skull-DzA0JonN.js                          1.03 kB │ gzip:   0.49 kB
dist/assets/key-DqpBog_2.js                            1.05 kB │ gzip:   0.48 kB
dist/assets/useLeadTracking-Cxx5gq0p.js                1.06 kB │ gzip:   0.52 kB
dist/assets/sliders-horizontal-DnWx_unB.js             1.09 kB │ gzip:   0.47 kB
dist/assets/toggle-left-DtScY45s.js                    1.09 kB │ gzip:   0.44 kB
dist/assets/useMaterials-CeKMl0bg.js                   1.23 kB │ gzip:   0.56 kB
dist/assets/useProfile-BVG7_dTI.js                     1.37 kB │ gzip:   0.64 kB
dist/assets/gem-C3AxyFBK.js                            1.41 kB │ gzip:   0.52 kB
dist/assets/useCadences-DsUtdOjL.js                    1.43 kB │ gzip:   0.74 kB
dist/assets/useCustomFields-BsnLdCPv.js                1.45 kB │ gzip:   0.63 kB
dist/assets/usePlatformPlans-dgFGeeTe.js               1.47 kB │ gzip:   0.49 kB
dist/assets/table-CSKoa6IR.js                          1.49 kB │ gzip:   0.52 kB
dist/assets/button-Dq5H5y_c.js                         1.50 kB │ gzip:   0.72 kB
dist/assets/useProducts-DnItFQCG.js                    1.54 kB │ gzip:   0.56 kB
dist/assets/CaptureReportsSection-jTJch2eV.js          1.54 kB │ gzip:   0.77 kB
dist/assets/useSalesGoals-F7xnCCPX.js                  1.64 kB │ gzip:   0.75 kB
dist/assets/useAutoNotificationSettings-CS44iZbf.js    1.64 kB │ gzip:   0.58 kB
dist/assets/useDeals-T5I14oMp.js                       1.74 kB │ gzip:   0.77 kB
dist/assets/useSectors-B65zBXWY.js                     1.76 kB │ gzip:   0.74 kB
dist/assets/funnelAppearance-BOHpVQTE.js               1.87 kB │ gzip:   0.85 kB
dist/assets/progress-CFC4Ky0J.js                       1.90 kB │ gzip:   0.95 kB
dist/assets/useTasks-DdpaVTfc.js                       1.96 kB │ gzip:   0.62 kB
dist/assets/presentation-DrW__BhJ.js                   1.98 kB │ gzip:   0.58 kB
dist/assets/useLeads-CHaCQjnQ.js                       1.99 kB │ gzip:   0.65 kB
dist/assets/useHelp-D1ILb_Fp.js                        2.14 kB │ gzip:   0.69 kB
dist/assets/dialog-BQUSJu4s.js                         2.17 kB │ gzip:   0.84 kB
dist/assets/index-byXIHtuR.js                          2.19 kB │ gzip:   0.98 kB
dist/assets/useCommissions-D5LMlTc-.js                 2.19 kB │ gzip:   0.74 kB
dist/assets/shuffle-DoL4UC3Z.js                        2.20 kB │ gzip:   0.77 kB
dist/assets/sheet-Dmx4qFZz.js                          2.24 kB │ gzip:   0.89 kB
dist/assets/formatDistanceToNow-_3xPnp5a.js            2.26 kB │ gzip:   0.96 kB
dist/assets/TagFormDialog-CVDyarJh.js                  2.32 kB │ gzip:   1.14 kB
dist/assets/_shared-CBDPxOE4.js                        2.32 kB │ gzip:   1.10 kB
dist/assets/Unsubscribe-dNyO-fBk.js                    2.42 kB │ gzip:   1.21 kB
dist/assets/music-BV5jR7Wn.js                          2.45 kB │ gzip:   0.68 kB
dist/assets/useReleases-CurVn40k.js                    2.48 kB │ gzip:   0.95 kB
dist/assets/avatar-B8-Bnidc.js                         2.54 kB │ gzip:   1.14 kB
dist/assets/useUserPermissions-DGEK0LcC.js             2.54 kB │ gzip:   0.95 kB
dist/assets/parseISO-C6x1QlTq.js                       2.67 kB │ gzip:   1.18 kB
dist/assets/BookingCountdown-CShbUOCU.js               2.84 kB │ gzip:   1.21 kB
dist/assets/volume-x-BD1oI6nN.js                       2.86 kB │ gzip:   0.86 kB
dist/assets/zoom-out-BfP5isk9.js                       3.07 kB │ gzip:   0.84 kB
dist/assets/ResetPassword-CGPJRITI.js                  3.11 kB │ gzip:   1.33 kB
dist/assets/shield-alert-DmEyrmBJ.js                   3.12 kB │ gzip:   0.99 kB
dist/assets/useTeamInvitations-BIQ587xF.js             3.17 kB │ gzip:   1.16 kB
dist/assets/MobileTaskList-1Gq2adnl.js                 3.24 kB │ gzip:   1.38 kB
dist/assets/auth-errors-B_SiNTxi.js                    3.24 kB │ gzip:   1.33 kB
dist/assets/tabs-CEkaduF8.js                           3.26 kB │ gzip:   1.37 kB
dist/assets/useGoogleCalendarConnection-BhpquPSP.js    3.35 kB │ gzip:   1.20 kB
dist/assets/timer-6AqKZy-h.js                          3.48 kB │ gzip:   0.98 kB
dist/assets/switch-pTxvIORa.js                         3.48 kB │ gzip:   1.53 kB
dist/assets/index-B60R-qzJ.js                          3.49 kB │ gzip:   1.59 kB
dist/assets/DealModal-Cp5jWtV7.js                      3.59 kB │ gzip:   1.74 kB
dist/assets/LeadEditModal-BnoDJmKT.js                  3.75 kB │ gzip:   1.35 kB
dist/assets/alert-dialog-kZBYBqlj.js                   3.78 kB │ gzip:   1.27 kB
dist/assets/useTeam-CbrirLQp.js                        3.87 kB │ gzip:   1.15 kB
dist/assets/checkbox-CX0IfdOK.js                       3.90 kB │ gzip:   1.73 kB
dist/assets/image-upload-_eR7pB3H.js                   4.01 kB │ gzip:   1.85 kB
dist/assets/index-DBQW2FCy.js                          4.08 kB │ gzip:   1.93 kB
dist/assets/Updates-C2HmJOOE.js                        4.10 kB │ gzip:   1.70 kB
dist/assets/Install-C4KcI6TE.js                        4.17 kB │ gzip:   1.52 kB
dist/assets/HelpArticle-Ct8yHhof.js                    4.17 kB │ gzip:   1.68 kB
dist/assets/Dashboard-BFoTf62n.js                      4.18 kB │ gzip:   1.54 kB
dist/assets/MobileGoalsView-CLQFomYI.js                4.26 kB │ gzip:   1.39 kB
dist/assets/index-iFdSzMeO.js                          4.27 kB │ gzip:   1.58 kB
dist/assets/TagPackageGeneratorDialog-ZxVPYwDy.js      4.57 kB │ gzip:   1.95 kB
dist/assets/agents-CcnP0Mf4.js                         4.58 kB │ gzip:   1.83 kB
dist/assets/useLeadTags-58H8Oh5Z.js                    4.59 kB │ gzip:   1.34 kB
dist/assets/accordion-CDApf6cj.js                      4.64 kB │ gzip:   1.85 kB
dist/assets/CaptureTemplatesSection-DDoc4F3-.js        4.80 kB │ gzip:   1.97 kB
dist/assets/MaterialsView-VigP6-mx.js                  4.88 kB │ gzip:   1.94 kB
dist/assets/variable-CQ64jQwL.js                       4.89 kB │ gzip:   1.18 kB
dist/assets/ContextLibrary-Cdp2Vpdf.js                 5.03 kB │ gzip:   1.90 kB
dist/assets/Profile-BLV6Lbpb.js                        5.19 kB │ gzip:   1.99 kB
dist/assets/popover-Cy36pVSw.js                        5.37 kB │ gzip:   1.96 kB
dist/assets/useAnimatedNumber-BF8Hwbqz.js              5.50 kB │ gzip:   2.15 kB
dist/assets/Clientes-yN6ZZinH.js                       5.59 kB │ gzip:   1.81 kB
dist/assets/useProductAgents-Dcd_Fl7A.js               5.61 kB │ gzip:   1.73 kB
dist/assets/radio-group-7s36jpM-.js                    5.73 kB │ gzip:   2.25 kB
dist/assets/pt-BR-Dk-aDYCe.js                          5.85 kB │ gzip:   2.11 kB
dist/assets/useEvolutionInstances-BwWCFCkk.js          5.96 kB │ gzip:   1.44 kB
dist/assets/QuizResultView-uw0tiFXU.js                 6.11 kB │ gzip:   2.19 kB
dist/assets/CustomFieldsManager-jtxF7E3G.js            6.15 kB │ gzip:   2.25 kB
dist/assets/index-Dh4i1-J3.js                          6.20 kB │ gzip:   2.11 kB
dist/assets/useEmailTemplates-DeQTtnH-.js              6.25 kB │ gzip:   1.85 kB
dist/assets/BookingConfirmation-BpaFgHwZ.js            6.26 kB │ gzip:   2.13 kB
dist/assets/PlaybookView-CUGnPGoq.js                   6.31 kB │ gzip:   2.00 kB
dist/assets/AcceptInvite-Cy95GpRx.js                   6.60 kB │ gzip:   2.30 kB
dist/assets/ModuleHub-BhDjzUx1.js                      6.71 kB │ gzip:   2.69 kB
dist/assets/Financeiro--_dy7FSG.js                     6.77 kB │ gzip:   2.00 kB
dist/assets/Veiculos-CwTNYM7o.js                       6.77 kB │ gzip:   2.03 kB
dist/assets/CartesianGrid-Bda7smk3.js                  6.77 kB │ gzip:   2.36 kB
dist/assets/Orcamentos-YQ4UJJNi.js                     7.15 kB │ gzip:   2.26 kB
dist/assets/CaptureResultsSection-BIgzuC7U.js          7.18 kB │ gzip:   2.54 kB
dist/assets/Ordens-Cals0YEY.js                         7.74 kB │ gzip:   2.40 kB
dist/assets/en-US-Cs41XhzR.js                          7.78 kB │ gzip:   2.74 kB
dist/assets/QuickRepliesManager-dPVpFa9k.js            8.44 kB │ gzip:   2.96 kB
dist/assets/CaptureAnalyticsSection--IcIhBIO.js        8.59 kB │ gzip:   3.08 kB
dist/assets/PlanSelector-DbUiEtvf.js                   9.00 kB │ gzip:   3.23 kB
dist/assets/CadenceView-DMi3Jy3P.js                    9.07 kB │ gzip:   2.91 kB
dist/assets/slider-MzqbLvbK.js                         9.22 kB │ gzip:   3.65 kB
dist/assets/BusinessHoursManager-DpeDtrqT.js           9.25 kB │ gzip:   3.31 kB
dist/assets/AdminDashboard-Cx4bKgai.js                 9.77 kB │ gzip:   2.58 kB
dist/assets/FinancialPanel-BnmQ7_cr.js                10.12 kB │ gzip:   2.81 kB
dist/assets/Login-CigDjwJ_.js                         10.26 kB │ gzip:   3.35 kB
dist/assets/FinancialDashboard-DRC7ghmn.js            10.39 kB │ gzip:   2.61 kB
dist/assets/TagsManager-BJcsn9X3.js                   10.73 kB │ gzip:   3.42 kB
dist/assets/AgentPromptTemplates-xQEXwSq9.js          11.50 kB │ gzip:   5.22 kB
dist/assets/SectorsManager-DokgWPxv.js                11.51 kB │ gzip:   3.75 kB
dist/assets/Settings-BGaSPZrc.js                      11.71 kB │ gzip:   3.33 kB
dist/assets/SupportTickets-CiXR5kQy.js                12.01 kB │ gzip:   4.16 kB
dist/assets/PublicQuiz-DW4EBR1D.js                    12.26 kB │ gzip:   4.69 kB
dist/assets/ReportsManager-BrQYQaKk.js                12.45 kB │ gzip:   3.02 kB
dist/assets/CompanySettings-CkFf9WIB.js               12.49 kB │ gzip:   4.21 kB
dist/assets/scroll-area-DPYT2Dcl.js                   12.62 kB │ gzip:   3.99 kB
dist/assets/format-DmR49Cei.js                        13.05 kB │ gzip:   3.47 kB
dist/assets/EventModal-DVUP3Xhz.js                    13.17 kB │ gzip:   3.99 kB
dist/assets/MobileKanban-BOI3KwJI.js                  13.21 kB │ gzip:   4.85 kB
dist/assets/AIChat-D30tvMl9.js                        13.26 kB │ gzip:   5.39 kB
dist/assets/LeadTransferModal-9LZ1ySVc.js             13.40 kB │ gzip:   4.39 kB
dist/assets/SalesPage-DpE51OPY.js                     13.62 kB │ gzip:   4.76 kB
dist/assets/command-chQVQgJa.js                       14.34 kB │ gzip:   5.38 kB
dist/assets/FormThemeWrapper-CbA9YkUZ.js              15.36 kB │ gzip:   5.23 kB
dist/assets/EvolutionInstancesPanel-DEUYbqs_.js       15.66 kB │ gzip:   5.03 kB
dist/assets/OperationCenter-DaOtlGgo.js               15.68 kB │ gzip:   4.40 kB
dist/assets/Combination-0rtpZ5FM.js                   15.92 kB │ gzip:   6.07 kB
dist/assets/PublicChat-BUFJ-KsJ.js                    16.06 kB │ gzip:   5.36 kB
dist/assets/PublicForm-CsPrpfX-.js                    16.12 kB │ gzip:   4.95 kB
dist/assets/useFunnels-B62M94MN.js                    16.23 kB │ gzip:   5.11 kB
dist/assets/index-CSa8LTOa.js                         16.68 kB │ gzip:   6.28 kB
dist/assets/useSquadPerformance-BEwjLEXk.js           16.95 kB │ gzip:   5.99 kB
dist/assets/TaskCenter-CiUQPPsL.js                    17.25 kB │ gzip:   5.32 kB
dist/assets/CalendarManager-B7arml2o.js               18.20 kB │ gzip:   6.06 kB
dist/assets/LeadsKanban-DUS7NsDo.js                   19.13 kB │ gzip:   6.73 kB
dist/assets/ProductListPage-DL5_ET6V.js               19.39 kB │ gzip:   6.53 kB
dist/assets/quizTemplates-76z_jBAI.js                 19.89 kB │ gzip:   5.28 kB
dist/assets/dropdown-menu-Desc4Hef.js                 21.00 kB │ gzip:   6.17 kB
dist/assets/select-DMN6gk1g.js                        21.97 kB │ gzip:   7.53 kB
dist/assets/CaktoSummaryCards-5tGZizc7.js             23.71 kB │ gzip:   7.13 kB
dist/assets/NotificationManager-BJEUMj2d.js           24.59 kB │ gzip:   6.56 kB
dist/assets/SellerBookings-BjhQ1xDp.js                25.16 kB │ gzip:   7.87 kB
dist/assets/CaktoAdminPanel-CmuDR5o5.js               26.32 kB │ gzip:   7.94 kB
dist/assets/MobileProductDashboard-BshENqRI.js        26.70 kB │ gzip:   8.03 kB
dist/assets/ObjectionsView-B0SQpZlA.js                27.05 kB │ gzip:   7.49 kB
dist/assets/KanbanBoard-DZ4aU70k.js                   30.50 kB │ gzip:   9.79 kB
dist/assets/PublicBooking-Dd9TgsYj.js                 30.57 kB │ gzip:   8.83 kB
dist/assets/calendar-BNxp2XDT.js                      34.20 kB │ gzip:  10.87 kB
dist/assets/CadencesManager-BY3J6Am3.js               38.37 kB │ gzip:  10.71 kB
dist/assets/TeamManager-C-uP01NR.js                   38.76 kB │ gzip:  10.42 kB
dist/assets/ChatBotSection-BuONNVgF.js                39.81 kB │ gzip:  11.45 kB
dist/assets/WhatsAppSection-4DRfMyK-.js               39.89 kB │ gzip:  11.32 kB
dist/assets/PresetGallery-CaaDLwhc.js                 40.67 kB │ gzip:  10.21 kB
dist/assets/WidgetSection-kyQaQ579.js                 42.46 kB │ gzip:  12.38 kB
dist/assets/Admin-lcWvDKBs.js                         43.02 kB │ gzip:  13.84 kB
dist/assets/CampaignsManager-B8Rfiox_.js              45.31 kB │ gzip:  12.14 kB
dist/assets/GuidedOnboarding-C567gPqR.js              46.13 kB │ gzip:  13.19 kB
dist/assets/ProductDashboard-BijXWLWn.js              49.02 kB │ gzip:  14.12 kB
dist/assets/FunnelWebhookLogsTab-uD8ltJcv.js          58.85 kB │ gzip:  15.15 kB
dist/assets/index-D4x5wVH4.js                         60.36 kB │ gzip:  16.69 kB
dist/assets/Index-DQ0VuMz7.js                         64.90 kB │ gzip:  19.50 kB
dist/assets/CalendarListView-CEipQY9n.js              67.18 kB │ gzip:  16.99 kB
dist/assets/InboxManager-DYuNxruA.js                  67.74 kB │ gzip:  18.43 kB
dist/assets/WebhooksManager-DNaKRDfn.js               68.41 kB │ gzip:  16.91 kB
dist/assets/LeadDetailPage-BTiZ4sne.js                69.53 kB │ gzip:  17.49 kB
dist/assets/index-wvll71EQ.js                        117.77 kB │ gzip:  36.19 kB
dist/assets/QuizSection-COxCtlk5.js                  121.05 kB │ gzip:  30.17 kB
dist/assets/proxy-CJHnU8xd.js                        124.74 kB │ gzip:  40.76 kB
dist/assets/FormsSection-BwyDkRKX.js                 131.14 kB │ gzip:  32.39 kB
dist/assets/Docs-w1i7no5_.js                         131.97 kB │ gzip:  39.01 kB
dist/assets/IntegrationsManager-DzqitiMr.js          134.75 kB │ gzip:  32.47 kB
dist/assets/LeadsManager-C3xfGpXH.js                 145.64 kB │ gzip:  40.08 kB
dist/assets/ProductDetailPage-CFyZUDo4.js            147.60 kB │ gzip:  37.55 kB
dist/assets/AgentsManager-CTQ_coGw.js                181.74 kB │ gzip:  45.54 kB
dist/assets/SellerInbox-la8PQQBo.js                  195.04 kB │ gzip:  50.59 kB
dist/assets/PieChart-bX7sfdfL.js                     386.37 kB │ gzip: 104.26 kB
dist/assets/index-yAEf32dW.js                        592.19 kB │ gzip: 176.97 kB
dist/assets/SuperAdmin-DvBBTvdc.js                   627.52 kB │ gzip: 180.11 kB
dist/assets/HelpCenter-BmfnhIV1.js                   684.96 kB │ gzip: 125.81 kB
✓ built in 10.31s
