
> nexvy-beauty@0.0.0 build
> vite build

vite v5.4.21 building for production...
transforming...
✓ 4681 modules transformed.
rendering chunks...
computing gzip size...
dist/index.html                                        3.55 kB │ gzip:   1.36 kB
dist/assets/logo-dark-BXnOn120.png                   231.13 kB
dist/assets/index-DwXDjqlQ.css                       159.27 kB │ gzip:  25.14 kB
dist/assets/index-BdQq_4o_.js                          0.06 kB │ gzip:   0.08 kB
dist/assets/isPast-D5aqGg5b.js                         0.09 kB │ gzip:   0.11 kB
dist/assets/subMonths-8T2Rx0mB.js                      0.09 kB │ gzip:   0.11 kB
dist/assets/isBefore-Bj01id60.js                       0.10 kB │ gzip:   0.12 kB
dist/assets/collapsible-B0GFdOua.js                    0.10 kB │ gzip:   0.11 kB
dist/assets/isSameDay-DQyLhzPY.js                      0.11 kB │ gzip:   0.12 kB
dist/assets/isToday-hXDSJj3j.js                        0.14 kB │ gzip:   0.14 kB
dist/assets/index-DIE5SiGY.js                          0.14 kB │ gzip:   0.14 kB
dist/assets/addDays-B_5KCljG.js                        0.15 kB │ gzip:   0.15 kB
dist/assets/differenceInCalendarMonths-DKjA5tTK.js     0.17 kB │ gzip:   0.15 kB
dist/assets/endOfMonth-BrQPxqgl.js                     0.17 kB │ gzip:   0.16 kB
dist/assets/skeleton-CEoALMXY.js                       0.17 kB │ gzip:   0.16 kB
dist/assets/isTomorrow-Do0hC7Gq.js                     0.19 kB │ gzip:   0.16 kB
dist/assets/index-ctRSjNvy.js                          0.23 kB │ gzip:   0.17 kB
dist/assets/useOrganizationPlan-Be3aDl7N.js            0.27 kB │ gzip:   0.23 kB
dist/assets/minus-b6Aj_vi0.js                          0.29 kB │ gzip:   0.24 kB
dist/assets/check-CPIn-5Py.js                          0.29 kB │ gzip:   0.25 kB
dist/assets/chevron-down-JCtBshVu.js                   0.30 kB │ gzip:   0.24 kB
dist/assets/chevron-up-CTo6I8sl.js                     0.30 kB │ gzip:   0.25 kB
dist/assets/chevron-left-CpKIUGPd.js                   0.30 kB │ gzip:   0.25 kB
dist/assets/chevron-right-B9RFZeKT.js                  0.30 kB │ gzip:   0.25 kB
dist/assets/circle-Cfx-2ufX.js                         0.30 kB │ gzip:   0.24 kB
dist/assets/BarChart-SN5OYNlV.js                       0.30 kB │ gzip:   0.22 kB
dist/assets/play-BTquVwTf.js                           0.30 kB │ gzip:   0.25 kB
dist/assets/message-circle-zKv0inBs.js                 0.32 kB │ gzip:   0.26 kB
dist/assets/plus-CuYDpSbY.js                           0.32 kB │ gzip:   0.25 kB
dist/assets/thermometer-DJ6TynlL.js                    0.33 kB │ gzip:   0.26 kB
dist/assets/filter-HIjuwmWV.js                         0.33 kB │ gzip:   0.26 kB
dist/assets/arrow-right-D1DOI5H3.js                    0.33 kB │ gzip:   0.27 kB
dist/assets/arrow-left-Cp1-oRPc.js                     0.33 kB │ gzip:   0.27 kB
dist/assets/search-BQeLGawT.js                         0.34 kB │ gzip:   0.27 kB
dist/assets/ban-C67t6qGz.js                            0.34 kB │ gzip:   0.27 kB
dist/assets/circle-check-BwfZQ729.js                   0.35 kB │ gzip:   0.27 kB
dist/assets/facebook-CwdXdmch.js                       0.35 kB │ gzip:   0.28 kB
dist/assets/message-square--GvcM51W.js                 0.35 kB │ gzip:   0.27 kB
dist/assets/clock-CHCDtgrA.js                          0.35 kB │ gzip:   0.28 kB
dist/assets/code-CPWu0pt0.js                           0.35 kB │ gzip:   0.27 kB
dist/assets/reply-ENat8bta.js                          0.36 kB │ gzip:   0.29 kB
dist/assets/forward-BOKAXunl.js                        0.36 kB │ gzip:   0.29 kB
dist/assets/megaphone-DUJT7Hi1.js                      0.36 kB │ gzip:   0.28 kB
dist/assets/circle-check-big-y6KAnGoZ.js               0.36 kB │ gzip:   0.28 kB
dist/assets/startOfMonth-CqjfmrzA.js                   0.37 kB │ gzip:   0.25 kB
dist/assets/user-CazytXXW.js                           0.37 kB │ gzip:   0.29 kB
dist/assets/smartphone-kq_wxI8l.js                     0.37 kB │ gzip:   0.29 kB
dist/assets/at-sign-VtNzu6Iz.js                        0.37 kB │ gzip:   0.29 kB
dist/assets/rotate-ccw-BhJJOy6m.js                     0.37 kB │ gzip:   0.29 kB
dist/assets/trending-up-74lj1wVO.js                    0.37 kB │ gzip:   0.29 kB
dist/assets/info-DKmkWoDM.js                           0.37 kB │ gzip:   0.28 kB
dist/assets/lock-C6qve4qB.js                           0.38 kB │ gzip:   0.30 kB
dist/assets/credit-card-DtI2Ep5G.js                    0.38 kB │ gzip:   0.29 kB
dist/assets/circle-x-CQMImmhY.js                       0.38 kB │ gzip:   0.28 kB
dist/assets/undo-2-CCgj-QI8.js                         0.38 kB │ gzip:   0.28 kB
dist/assets/trending-down-BfonHZC0.js                  0.38 kB │ gzip:   0.28 kB
dist/assets/bell-ByGDXRrX.js                           0.38 kB │ gzip:   0.29 kB
dist/assets/pause-DHselsRE.js                          0.38 kB │ gzip:   0.27 kB
dist/assets/mail-dsnS6D1U.js                           0.39 kB │ gzip:   0.30 kB
dist/assets/dollar-sign-CAEOu4MH.js                    0.39 kB │ gzip:   0.30 kB
dist/assets/flag-Cwk4cS94.js                           0.39 kB │ gzip:   0.31 kB
dist/assets/square-check-big-CBNV8r2f.js               0.39 kB │ gzip:   0.29 kB
dist/assets/sticky-note-xFfNqPJ7.js                    0.39 kB │ gzip:   0.29 kB
dist/assets/target-D5XLt_jc.js                         0.40 kB │ gzip:   0.27 kB
dist/assets/ellipsis-DcPmVUog.js                       0.40 kB │ gzip:   0.27 kB
dist/assets/activity-D3zDBErN.js                       0.40 kB │ gzip:   0.30 kB
dist/assets/ellipsis-vertical-BkjVj03I.js              0.40 kB │ gzip:   0.28 kB
dist/assets/pen-CxN_5gdN.js                            0.41 kB │ gzip:   0.31 kB
dist/assets/copy-IflDvVKv.js                           0.41 kB │ gzip:   0.31 kB
dist/assets/headphones-D8sklheL.js                     0.41 kB │ gzip:   0.28 kB
dist/assets/history-8icDTPfL.js                        0.41 kB │ gzip:   0.30 kB
dist/assets/circle-help-o6moQvZY.js                    0.41 kB │ gzip:   0.30 kB
dist/assets/link-2-B7NfL5xx.js                         0.41 kB │ gzip:   0.31 kB
dist/assets/menu-CYMjYnUP.js                           0.41 kB │ gzip:   0.28 kB
dist/assets/globe-Ciye4kQK.js                          0.41 kB │ gzip:   0.30 kB
dist/assets/database-BTrBjD4s.js                       0.41 kB │ gzip:   0.31 kB
dist/assets/endOfWeek-BPPi-azA.js                      0.41 kB │ gzip:   0.26 kB
dist/assets/arrow-up-down-Do1UlZ25.js                  0.41 kB │ gzip:   0.29 kB
dist/assets/type-De2932uu.js                           0.41 kB │ gzip:   0.30 kB
dist/assets/banknote-DhNRMm-E.js                       0.42 kB │ gzip:   0.31 kB
dist/assets/heart-BDhLRDgE.js                          0.42 kB │ gzip:   0.31 kB
dist/assets/arrow-left-right-CJUpEAzy.js               0.42 kB │ gzip:   0.30 kB
dist/assets/arrow-right-left-DGCppTQd.js               0.42 kB │ gzip:   0.30 kB
dist/assets/video-srsnMGK-.js                          0.42 kB │ gzip:   0.32 kB
dist/assets/camera-BqWIzoK0.js                         0.42 kB │ gzip:   0.31 kB
dist/assets/circle-alert-CX3BfbLr.js                   0.42 kB │ gzip:   0.29 kB
dist/assets/chart-column-DPpHti49.js                   0.42 kB │ gzip:   0.30 kB
dist/assets/external-link-CrFOXdaQ.js                  0.42 kB │ gzip:   0.30 kB
dist/assets/users-round-BT6IWK6h.js                    0.42 kB │ gzip:   0.32 kB
dist/assets/settings-2-CDp6fhny.js                     0.42 kB │ gzip:   0.30 kB
dist/assets/archive-CB9Ewg_A.js                        0.42 kB │ gzip:   0.31 kB
dist/assets/user-check-DR8lg_no.js                     0.42 kB │ gzip:   0.32 kB
dist/assets/route-BKdTEaCY.js                          0.42 kB │ gzip:   0.31 kB
dist/assets/share-DArsH5jR.js                          0.43 kB │ gzip:   0.31 kB
dist/assets/eye-B7LS0oZa.js                            0.43 kB │ gzip:   0.31 kB
dist/assets/link-93n_eO7Y.js                           0.43 kB │ gzip:   0.30 kB
dist/assets/upload-CpwjDBte.js                         0.43 kB │ gzip:   0.32 kB
dist/assets/calendar-kr8zTFfM.js                       0.43 kB │ gzip:   0.30 kB
dist/assets/log-out-D1ujI9PE.js                        0.43 kB │ gzip:   0.32 kB
dist/assets/plug-Qkf39miK.js                           0.43 kB │ gzip:   0.30 kB
dist/assets/map-pin-DF7fz1Ct.js                        0.43 kB │ gzip:   0.33 kB
dist/assets/monitor-DLRQJVkp.js                        0.43 kB │ gzip:   0.31 kB
dist/assets/circle-user-BqwXrvZ0.js                    0.43 kB │ gzip:   0.31 kB
dist/assets/wrench-DxEoq_1I.js                         0.43 kB │ gzip:   0.31 kB
dist/assets/zap-C0K5z5uf.js                            0.43 kB │ gzip:   0.31 kB
dist/assets/download-BOJpsvvY.js                       0.43 kB │ gzip:   0.32 kB
dist/assets/workflow-DiJLVkZ0.js                       0.44 kB │ gzip:   0.31 kB
dist/assets/image-DqFUqbGR.js                          0.44 kB │ gzip:   0.32 kB
dist/assets/mic-x9R_idPY.js                            0.44 kB │ gzip:   0.32 kB
dist/assets/chart-pie-CoDBpsEA.js                      0.44 kB │ gzip:   0.33 kB
dist/assets/shield-BjLuX8ho.js                         0.44 kB │ gzip:   0.33 kB
dist/assets/repeat-DkJwiMpq.js                         0.44 kB │ gzip:   0.30 kB
dist/assets/award-B6tfoHJp.js                          0.44 kB │ gzip:   0.33 kB
dist/assets/pencil-DhNw-5eT.js                         0.45 kB │ gzip:   0.33 kB
dist/assets/pen-line-C6UXe2rv.js                       0.45 kB │ gzip:   0.33 kB
dist/assets/book-open-DXtS7cz9.js                      0.45 kB │ gzip:   0.31 kB
dist/assets/flame-BkoJ42Vw.js                          0.45 kB │ gzip:   0.33 kB
dist/assets/git-branch-B0Y5Bwhw.js                     0.45 kB │ gzip:   0.32 kB
dist/assets/wifi-B4efz_P1.js                           0.45 kB │ gzip:   0.31 kB
dist/assets/mail-check-Du0T99Yn.js                     0.45 kB │ gzip:   0.33 kB
dist/assets/lightbulb-QnEdD7D4.js                      0.46 kB │ gzip:   0.33 kB
dist/assets/inbox-BHERanhl.js                          0.46 kB │ gzip:   0.33 kB
dist/assets/wallet-DVk7TmlC.js                         0.46 kB │ gzip:   0.31 kB
dist/assets/send-B15B0W4q.js                           0.46 kB │ gzip:   0.33 kB
dist/assets/folder-open-RqIeoN7N.js                    0.46 kB │ gzip:   0.32 kB
dist/assets/shopping-cart-DFzyllCB.js                  0.46 kB │ gzip:   0.33 kB
dist/assets/smile-B8P4eza1.js                          0.46 kB │ gzip:   0.32 kB
dist/assets/grid-3x3-CBw-dXK_.js                       0.46 kB │ gzip:   0.31 kB
dist/assets/hash-uxrEY9T-.js                           0.47 kB │ gzip:   0.30 kB
dist/assets/instagram-i-QGPO0F.js                      0.47 kB │ gzip:   0.34 kB
dist/assets/list-todo-BMZbYr5y.js                      0.47 kB │ gzip:   0.32 kB
dist/assets/thumbs-up-DCPz6Cyq.js                      0.47 kB │ gzip:   0.34 kB
dist/assets/thumbs-down-CpG9FPZc.js                    0.47 kB │ gzip:   0.34 kB
dist/assets/list-owh9RZga.js                           0.47 kB │ gzip:   0.29 kB
dist/assets/users-CEajns16.js                          0.47 kB │ gzip:   0.33 kB
dist/assets/mouse-pointer-8-HIy6OY.js                  0.48 kB │ gzip:   0.35 kB
dist/assets/user-x-CohzVJyh.js                         0.48 kB │ gzip:   0.33 kB
dist/assets/user-plus-D5s1khD2.js                      0.48 kB │ gzip:   0.34 kB
dist/assets/scissors-Cf1bT8_R.js                       0.48 kB │ gzip:   0.32 kB
dist/assets/textarea-BLL-ynDB.js                       0.48 kB │ gzip:   0.32 kB
dist/assets/square-pen-BakO6x3I.js                     0.49 kB │ gzip:   0.34 kB
dist/assets/shield-check-CzVWIgAI.js                   0.49 kB │ gzip:   0.36 kB
dist/assets/tag-DUawSWuq.js                            0.50 kB │ gzip:   0.35 kB
dist/assets/save-BkvW8XV9.js                           0.50 kB │ gzip:   0.33 kB
dist/assets/bot-BALcZ6yQ.js                            0.50 kB │ gzip:   0.33 kB
dist/assets/differenceInDays-D9SUYMYD.js               0.50 kB │ gzip:   0.29 kB
dist/assets/youtube-B3LRWTRj.js                        0.50 kB │ gzip:   0.32 kB
dist/assets/file-text-DfcHdcew.js                      0.50 kB │ gzip:   0.32 kB
dist/assets/calendar-x-Csq7ssv4.js                     0.51 kB │ gzip:   0.33 kB
dist/assets/layout-grid-Ddd28U2h.js                    0.52 kB │ gzip:   0.30 kB
dist/assets/layout-dashboard-Tm5Ns54b.js               0.52 kB │ gzip:   0.31 kB
dist/assets/webhook-DF7hO9nz.js                        0.52 kB │ gzip:   0.38 kB
dist/assets/key-round-CuvHdqPM.js                      0.52 kB │ gzip:   0.36 kB
dist/assets/calendar-plus-C3eVr4Vh.js                  0.53 kB │ gzip:   0.33 kB
dist/assets/share-2-LhJEPkaT.js                        0.53 kB │ gzip:   0.34 kB
dist/assets/trash-2-CpUn03a3.js                        0.53 kB │ gzip:   0.35 kB
dist/assets/image-plus-Beiqy8j1.js                     0.53 kB │ gzip:   0.36 kB
dist/assets/snowflake-C6dOyjn1.js                      0.53 kB │ gzip:   0.34 kB
dist/assets/layers-DQnAhWNk.js                         0.53 kB │ gzip:   0.34 kB
dist/assets/grip-vertical-CMH53Obn.js                  0.54 kB │ gzip:   0.30 kB
dist/assets/thermometer-sun-BBGTDV4n.js                0.55 kB │ gzip:   0.36 kB
dist/assets/life-buoy-BiHlo16C.js                      0.55 kB │ gzip:   0.33 kB
dist/assets/calendar-clock-Bq24Oy20.js                 0.55 kB │ gzip:   0.36 kB
dist/assets/label-DCZUIBdB.js                          0.56 kB │ gzip:   0.38 kB
dist/assets/calendar-off-B7di77Fu.js                   0.56 kB │ gzip:   0.35 kB
dist/assets/package-DNcJjy3i.js                        0.56 kB │ gzip:   0.36 kB
dist/assets/phone-BNikEEmm.js                          0.56 kB │ gzip:   0.36 kB
dist/assets/hand-Bx5QmeJs.js                           0.58 kB │ gzip:   0.36 kB
dist/assets/car-BEBD_-QD.js                            0.58 kB │ gzip:   0.39 kB
dist/assets/input-CwWnO6RO.js                          0.58 kB │ gzip:   0.35 kB
dist/assets/file-json-G1Tnp4in.js                      0.58 kB │ gzip:   0.34 kB
dist/assets/AIOptimizeButton-BIsiT0f2.js               0.59 kB │ gzip:   0.36 kB
dist/assets/construction-DFrKJ0JC.js                   0.59 kB │ gzip:   0.36 kB
dist/assets/eye-off-BIghkxuB.js                        0.60 kB │ gzip:   0.38 kB
dist/assets/medal-DkthhZZ1.js                          0.61 kB │ gzip:   0.39 kB
dist/assets/rocket--8rZm1mg.js                         0.63 kB │ gzip:   0.42 kB
dist/assets/wifi-off-DLlDZN32.js                       0.63 kB │ gzip:   0.38 kB
dist/assets/NotFound-BP9zvGWE.js                       0.63 kB │ gzip:   0.38 kB
dist/assets/trophy-B4VOJX5y.js                         0.64 kB │ gzip:   0.39 kB
dist/assets/star-TZWq99wA.js                           0.64 kB │ gzip:   0.40 kB
dist/assets/useSquads-COQxRgGA.js                      0.65 kB │ gzip:   0.41 kB
dist/assets/useObjections-Aqqc8Ofs.js                  0.66 kB │ gzip:   0.43 kB
dist/assets/calendar-days-CPoeJB4I.js                  0.66 kB │ gzip:   0.37 kB
dist/assets/separator-X0TZnc_D.js                      0.67 kB │ gzip:   0.40 kB
dist/assets/sparkles-2oy3gGGo.js                       0.68 kB │ gzip:   0.40 kB
dist/assets/wand-sparkles-CS9UXVJN.js                  0.68 kB │ gzip:   0.40 kB
dist/assets/unlink-BN2dYOGO.js                         0.70 kB │ gzip:   0.41 kB
dist/assets/building-D2ngVZjN.js                       0.71 kB │ gzip:   0.37 kB
dist/assets/useCadence-LN6hpnCZ.js                     0.72 kB │ gzip:   0.45 kB
dist/assets/swords-Ba3JeUGV.js                         0.72 kB │ gzip:   0.39 kB
dist/assets/badge-CrwHgen_.js                          0.75 kB │ gzip:   0.40 kB
dist/assets/user-cog-DOVNUtIk.js                       0.75 kB │ gzip:   0.42 kB
dist/assets/sliders-vertical-D21gga8i.js               0.75 kB │ gzip:   0.37 kB
dist/assets/flask-conical-LFfHAmQN.js                  0.77 kB │ gzip:   0.40 kB
dist/assets/list-checks-CBlZGVcl.js                    0.78 kB │ gzip:   0.36 kB
dist/assets/palette-BM2aE2Ig.js                        0.79 kB │ gzip:   0.45 kB
dist/assets/clipboard-check-DjOQc83j.js                0.79 kB │ gzip:   0.40 kB
dist/assets/index-BYpdo-eO.js                          0.79 kB │ gzip:   0.51 kB
dist/assets/qr-code-DmZGjTud.js                        0.82 kB │ gzip:   0.41 kB
dist/assets/bug-jDRlpwwn.js                            0.84 kB │ gzip:   0.47 kB
dist/assets/message-square-warning-DgUsTA2C.js         0.85 kB │ gzip:   0.42 kB
dist/assets/settings-D7txJQWH.js                       0.90 kB │ gzip:   0.45 kB
dist/assets/party-popper-Cp7PSiq_.js                   0.90 kB │ gzip:   0.52 kB
dist/assets/sun-DwePRfwd.js                            0.90 kB │ gzip:   0.40 kB
dist/assets/brain-wCXihYVD.js                          0.90 kB │ gzip:   0.46 kB
dist/assets/alert-Ts3hGJug.js                          0.91 kB │ gzip:   0.47 kB
dist/assets/CadencePicker-Ba-cn-S5.js                  0.92 kB │ gzip:   0.56 kB
dist/assets/paperclip-qpJCqS4G.js                      0.93 kB │ gzip:   0.47 kB
dist/assets/usePlatformName-Co7PMQa0.js                0.95 kB │ gzip:   0.53 kB
dist/assets/ColorPickerField-m3t-a3i6.js               0.95 kB │ gzip:   0.54 kB
dist/assets/card-Bpc3rIRX.js                           0.99 kB │ gzip:   0.38 kB
dist/assets/ThemeToggle-Cu2HpFdO.js                    0.99 kB │ gzip:   0.55 kB
dist/assets/useSuperAdminFirstAccess-rUFMx9bf.js       1.02 kB │ gzip:   0.57 kB
dist/assets/boxes-Dr7_NP6H.js                          1.02 kB │ gzip:   0.50 kB
dist/assets/skull-03xFItMf.js                          1.03 kB │ gzip:   0.49 kB
dist/assets/Logo-CoBK7Y7R.js                           1.05 kB │ gzip:   0.55 kB
dist/assets/key-Bn-Mg1AF.js                            1.05 kB │ gzip:   0.48 kB
dist/assets/useLeadTracking-BipCyPzF.js                1.06 kB │ gzip:   0.52 kB
dist/assets/sliders-horizontal-C7rK1WOK.js             1.09 kB │ gzip:   0.47 kB
dist/assets/toggle-left-CQnTMKOI.js                    1.09 kB │ gzip:   0.44 kB
dist/assets/useMaterials-DsVyxRv2.js                   1.23 kB │ gzip:   0.56 kB
dist/assets/useProfile-BpOntDV4.js                     1.37 kB │ gzip:   0.64 kB
dist/assets/gem-Cp3E51Do.js                            1.41 kB │ gzip:   0.52 kB
dist/assets/useCadences-BvAFMu-2.js                    1.43 kB │ gzip:   0.74 kB
dist/assets/useCustomFields-Cc5FYrOf.js                1.45 kB │ gzip:   0.63 kB
dist/assets/usePlatformPlans-BGEwScb5.js               1.47 kB │ gzip:   0.49 kB
dist/assets/table-kP3OuOEk.js                          1.49 kB │ gzip:   0.51 kB
dist/assets/button-BEWc6axr.js                         1.50 kB │ gzip:   0.72 kB
dist/assets/useProducts-Cf-Eo0Xe.js                    1.54 kB │ gzip:   0.55 kB
dist/assets/CaptureReportsSection-sztrwl_r.js          1.54 kB │ gzip:   0.76 kB
dist/assets/useSalesGoals-CU_qS_MV.js                  1.64 kB │ gzip:   0.75 kB
dist/assets/useAutoNotificationSettings-BwUy8FgV.js    1.64 kB │ gzip:   0.58 kB
dist/assets/useDeals-Dtdio3Vf.js                       1.74 kB │ gzip:   0.77 kB
dist/assets/useSectors-1EVsx8US.js                     1.76 kB │ gzip:   0.74 kB
dist/assets/funnelAppearance-BOHpVQTE.js               1.87 kB │ gzip:   0.85 kB
dist/assets/progress-0IqJekEU.js                       1.90 kB │ gzip:   0.95 kB
dist/assets/useTasks-dyvUlP_I.js                       1.96 kB │ gzip:   0.61 kB
dist/assets/presentation-D0NLJ0Hj.js                   1.98 kB │ gzip:   0.58 kB
dist/assets/useLeads-BJCG_5l-.js                       1.99 kB │ gzip:   0.65 kB
dist/assets/useHelp-B2mXVsK1.js                        2.14 kB │ gzip:   0.68 kB
dist/assets/index-0R_ByXbo.js                          2.19 kB │ gzip:   0.97 kB
dist/assets/useCommissions-D4zaJF57.js                 2.19 kB │ gzip:   0.74 kB
dist/assets/shuffle-s1lAoSVD.js                        2.20 kB │ gzip:   0.77 kB
dist/assets/sheet-5-_ofc28.js                          2.22 kB │ gzip:   0.89 kB
dist/assets/formatDistanceToNow-_3xPnp5a.js            2.26 kB │ gzip:   0.96 kB
dist/assets/TagFormDialog-DGKB9jc1.js                  2.28 kB │ gzip:   1.12 kB
dist/assets/_shared-CrxTWZDo.js                        2.35 kB │ gzip:   1.12 kB
dist/assets/_shared-R3Bd639D.js                        2.36 kB │ gzip:   1.12 kB
dist/assets/Unsubscribe-BYpZYZzS.js                    2.42 kB │ gzip:   1.20 kB
dist/assets/music-Djgy4rDU.js                          2.45 kB │ gzip:   0.68 kB
dist/assets/useReleases-CArqYzpQ.js                    2.48 kB │ gzip:   0.94 kB
dist/assets/avatar-BLiyfIWc.js                         2.54 kB │ gzip:   1.14 kB
dist/assets/useUserPermissions-j-ADtXoJ.js             2.54 kB │ gzip:   0.95 kB
dist/assets/parseISO-C6x1QlTq.js                       2.67 kB │ gzip:   1.18 kB
dist/assets/BookingCountdown-C6hArK-K.js               2.84 kB │ gzip:   1.21 kB
dist/assets/volume-x-DI2IQSCs.js                       2.86 kB │ gzip:   0.86 kB
dist/assets/timer-BbOPbF2J.js                          3.04 kB │ gzip:   0.88 kB
dist/assets/zoom-out-8DZPcHyq.js                       3.07 kB │ gzip:   0.84 kB
dist/assets/ResetPassword-Club4qfh.js                  3.11 kB │ gzip:   1.33 kB
dist/assets/shield-alert-Cn02htKc.js                   3.12 kB │ gzip:   0.99 kB
dist/assets/useTeamInvitations-Y2qPWH1V.js             3.17 kB │ gzip:   1.16 kB
dist/assets/MobileTaskList-7E-CPOmz.js                 3.24 kB │ gzip:   1.38 kB
dist/assets/auth-errors-B_SiNTxi.js                    3.24 kB │ gzip:   1.33 kB
dist/assets/tabs-D2XQpqec.js                           3.26 kB │ gzip:   1.37 kB
dist/assets/useGoogleCalendarConnection-eI9-jLQ7.js    3.35 kB │ gzip:   1.20 kB
dist/assets/switch-BqNDGc0Q.js                         3.48 kB │ gzip:   1.52 kB
dist/assets/index-Bg33EWMh.js                          3.49 kB │ gzip:   1.58 kB
dist/assets/DealModal-DS7JcMfO.js                      3.55 kB │ gzip:   1.73 kB
dist/assets/LeadEditModal-DeIEP0dL.js                  3.71 kB │ gzip:   1.34 kB
dist/assets/alert-dialog-4e4btUC2.js                   3.76 kB │ gzip:   1.26 kB
dist/assets/Dashboard-BvSXrxAG.js                      3.82 kB │ gzip:   1.45 kB
dist/assets/useTeam-BUkSzfv5.js                        3.87 kB │ gzip:   1.15 kB
dist/assets/checkbox-BLpGoVWr.js                       3.90 kB │ gzip:   1.72 kB
dist/assets/image-upload-DKczkh04.js                   4.01 kB │ gzip:   1.85 kB
dist/assets/index-BLV858gj.js                          4.08 kB │ gzip:   1.93 kB
dist/assets/Updates-DVe2zxNu.js                        4.10 kB │ gzip:   1.70 kB
dist/assets/Install-Mc0wmi8Y.js                        4.17 kB │ gzip:   1.52 kB
dist/assets/HelpArticle-BgH6kYv5.js                    4.17 kB │ gzip:   1.68 kB
dist/assets/Dashboard-BhILvWE4.js                      4.21 kB │ gzip:   1.55 kB
dist/assets/MobileGoalsView-CI5XXT5k.js                4.26 kB │ gzip:   1.39 kB
dist/assets/TagPackageGeneratorDialog-CSWoOTS9.js      4.53 kB │ gzip:   1.93 kB
dist/assets/agents-CcnP0Mf4.js                         4.58 kB │ gzip:   1.83 kB
dist/assets/useLeadTags-BAkHuhSV.js                    4.59 kB │ gzip:   1.34 kB
dist/assets/accordion-FtDnDg_v.js                      4.64 kB │ gzip:   1.85 kB
dist/assets/CaptureTemplatesSection-BVKnHofZ.js        4.70 kB │ gzip:   1.92 kB
dist/assets/MaterialsView-B768QMNf.js                  4.88 kB │ gzip:   1.93 kB
dist/assets/variable-271WPvJd.js                       4.89 kB │ gzip:   1.18 kB
dist/assets/ContextLibrary-D3EsKyHE.js                 5.00 kB │ gzip:   1.88 kB
dist/assets/OrganizationSelector-BkMKKQAm.js           5.00 kB │ gzip:   1.59 kB
dist/assets/ModuleHub-B5PNK8qa.js                      5.04 kB │ gzip:   2.18 kB
dist/assets/Profile-P7pWYnLW.js                        5.19 kB │ gzip:   1.99 kB
dist/assets/popover-B35PPnax.js                        5.33 kB │ gzip:   1.94 kB
dist/assets/useAnimatedNumber-WFlOy8Hw.js              5.50 kB │ gzip:   2.15 kB
dist/assets/useProductAgents-BLYB_hwP.js               5.61 kB │ gzip:   1.73 kB
dist/assets/Clientes-CpC5mZUB.js                       5.62 kB │ gzip:   1.83 kB
dist/assets/radio-group-CadPrpt0.js                    5.73 kB │ gzip:   2.24 kB
dist/assets/pt-BR-Dk-aDYCe.js                          5.85 kB │ gzip:   2.11 kB
dist/assets/useEvolutionInstances-02WoNt9-.js          5.96 kB │ gzip:   1.44 kB
dist/assets/CustomFieldsManager-CE3PTPF3.js            6.06 kB │ gzip:   2.22 kB
dist/assets/QuizResultView-D-GVsvQk.js                 6.11 kB │ gzip:   2.19 kB
dist/assets/index-Dh4i1-J3.js                          6.20 kB │ gzip:   2.11 kB
dist/assets/useEmailTemplates-D5uDvVQL.js              6.25 kB │ gzip:   1.85 kB
dist/assets/BookingConfirmation-BzXxrbfV.js            6.26 kB │ gzip:   2.12 kB
dist/assets/PlaybookView-CcyrmNMu.js                   6.31 kB │ gzip:   2.00 kB
dist/assets/AcceptInvite-BJD5ZLZH.js                   6.56 kB │ gzip:   2.28 kB
dist/assets/CartesianGrid-Cek3_ysE.js                  6.77 kB │ gzip:   2.36 kB
dist/assets/Financeiro-BSskfAal.js                     6.80 kB │ gzip:   2.01 kB
dist/assets/Veiculos-WU4ikm52.js                       6.80 kB │ gzip:   2.05 kB
dist/assets/Financeiro-Dq7HGaQh.js                     6.81 kB │ gzip:   2.02 kB
dist/assets/Profissionais-DJe6L8mw.js                  6.99 kB │ gzip:   2.16 kB
dist/assets/CaptureResultsSection-1kujKnh7.js          7.08 kB │ gzip:   2.50 kB
dist/assets/Orcamentos-DAC7b-of.js                     7.18 kB │ gzip:   2.27 kB
dist/assets/Ordens-C5Nz3Etl.js                         7.78 kB │ gzip:   2.41 kB
dist/assets/en-US-Cs41XhzR.js                          7.78 kB │ gzip:   2.74 kB
dist/assets/QuickRepliesManager-Dw0tLKSm.js            8.34 kB │ gzip:   2.92 kB
dist/assets/CaptureAnalyticsSection-BsnloeM7.js        8.59 kB │ gzip:   3.08 kB
dist/assets/Servicos-BkFC-dSE.js                       8.68 kB │ gzip:   2.53 kB
dist/assets/Clientes-CJ0fmwW8.js                       8.89 kB │ gzip:   2.55 kB
dist/assets/PlanSelector-DFAF76-U.js                   8.93 kB │ gzip:   3.21 kB
dist/assets/CadenceView-D-iNNyl0.js                    9.07 kB │ gzip:   2.91 kB
dist/assets/BusinessHoursManager-DwR0b5FV.js           9.21 kB │ gzip:   3.30 kB
dist/assets/slider-JT8MHCwT.js                         9.22 kB │ gzip:   3.64 kB
dist/assets/AdminDashboard-DGCD_2LO.js                 9.77 kB │ gzip:   2.58 kB
dist/assets/Agenda-yBFbz88B.js                        10.08 kB │ gzip:   2.76 kB
dist/assets/FinancialPanel-l-eDaCUU.js                10.12 kB │ gzip:   2.80 kB
dist/assets/Login-M311h1d7.js                         10.26 kB │ gzip:   3.35 kB
dist/assets/FinancialDashboard-BsogMLF5.js            10.35 kB │ gzip:   2.60 kB
dist/assets/TagsManager-D29upUmp.js                   10.64 kB │ gzip:   3.38 kB
dist/assets/SectorsManager-Btdg1N-n.js                11.38 kB │ gzip:   3.71 kB
dist/assets/AgentPromptTemplates-xQEXwSq9.js          11.50 kB │ gzip:   5.22 kB
dist/assets/Settings-Cx2nvTrR.js                      11.71 kB │ gzip:   3.33 kB
dist/assets/SupportTickets-BLKMHjia.js                11.92 kB │ gzip:   4.13 kB
dist/assets/PublicQuiz-B8IouToo.js                    12.26 kB │ gzip:   4.68 kB
dist/assets/CompanySettings-CdMM8BZp.js               12.39 kB │ gzip:   4.17 kB
dist/assets/ReportsManager-DrgrGBNk.js                12.45 kB │ gzip:   3.01 kB
dist/assets/scroll-area-CNglND0Q.js                   12.62 kB │ gzip:   3.98 kB
dist/assets/format-DmR49Cei.js                        13.05 kB │ gzip:   3.47 kB
dist/assets/MobileKanban-CKvQXrfm.js                  13.12 kB │ gzip:   4.81 kB
dist/assets/EventModal-B_n8589N.js                    13.14 kB │ gzip:   3.97 kB
dist/assets/AIChat-D8XW0feL.js                        13.26 kB │ gzip:   5.39 kB
dist/assets/LeadTransferModal-Cc0Hv_ar.js             13.37 kB │ gzip:   4.39 kB
dist/assets/SalesPage-EbxDIdiV.js                     13.66 kB │ gzip:   4.78 kB
dist/assets/command-DSfJOjEF.js                       14.28 kB │ gzip:   5.35 kB
dist/assets/FormThemeWrapper-FLsna0_V.js              15.36 kB │ gzip:   5.23 kB
dist/assets/EvolutionInstancesPanel-BS0XzkCg.js       15.57 kB │ gzip:   4.99 kB
dist/assets/OperationCenter-BUyZ_evt.js               15.68 kB │ gzip:   4.40 kB
dist/assets/PublicChat-BOsK2BZT.js                    16.06 kB │ gzip:   5.36 kB
dist/assets/PublicForm-CMPXBhh2.js                    16.12 kB │ gzip:   4.95 kB
dist/assets/useFunnels-DOzr30FZ.js                    16.23 kB │ gzip:   5.11 kB
dist/assets/index-pUuMkkmI.js                         16.68 kB │ gzip:   6.28 kB
dist/assets/useSquadPerformance-DGlCuRAQ.js           16.95 kB │ gzip:   5.99 kB
dist/assets/TaskCenter-BSgdAoyM.js                    17.33 kB │ gzip:   5.37 kB
dist/assets/CalendarManager-DUg20L4D.js               18.11 kB │ gzip:   6.02 kB
dist/assets/LeadsKanban-JslHnmmS.js                   19.16 kB │ gzip:   6.75 kB
dist/assets/ProductListPage-KBNOkt8Y.js               19.33 kB │ gzip:   6.51 kB
dist/assets/quizTemplates-DtIqd6-5.js                 19.89 kB │ gzip:   5.28 kB
dist/assets/dropdown-menu-DyIlM9u2.js                 20.96 kB │ gzip:   6.15 kB
dist/assets/select-DEL-tD58.js                        21.93 kB │ gzip:   7.51 kB
dist/assets/CaktoSummaryCards-BuFx54f1.js             23.68 kB │ gzip:   7.12 kB
dist/assets/NotificationManager-CEr8KItt.js           24.49 kB │ gzip:   6.53 kB
dist/assets/SellerBookings-Bw6wG3B8.js                25.22 kB │ gzip:   7.90 kB
dist/assets/CaktoAdminPanel-CElEbhi4.js               26.22 kB │ gzip:   7.91 kB
dist/assets/MobileProductDashboard-BM5C_R7W.js        26.84 kB │ gzip:   8.11 kB
dist/assets/ObjectionsView-DFdSXNbI.js                26.95 kB │ gzip:   7.45 kB
dist/assets/KanbanBoard-BB-Vq6u9.js                   30.41 kB │ gzip:   9.77 kB
dist/assets/PublicBooking-B0d4wtU0.js                 30.47 kB │ gzip:   8.78 kB
dist/assets/calendar-BNH1G8st.js                      34.20 kB │ gzip:  10.88 kB
dist/assets/CadencesManager-1UYhDuMV.js               38.31 kB │ gzip:  10.69 kB
dist/assets/TeamManager-GtEy9nLF.js                   38.64 kB │ gzip:  10.37 kB
dist/assets/ChatBotSection-ehcqyMOR.js                39.75 kB │ gzip:  11.44 kB
dist/assets/WhatsAppSection-D5mIinq2.js               39.83 kB │ gzip:  11.30 kB
dist/assets/PresetGallery-BK4_rQUO.js                 40.67 kB │ gzip:  10.21 kB
dist/assets/WidgetSection-C0m4pfRJ.js                 42.40 kB │ gzip:  12.37 kB
dist/assets/Admin-BZo8UNCR.js                         42.68 kB │ gzip:  13.77 kB
dist/assets/CampaignsManager-CjCI1E_Y.js              45.26 kB │ gzip:  12.12 kB
dist/assets/GuidedOnboarding-BUZLCnph.js              46.38 kB │ gzip:  13.27 kB
dist/assets/ProductDashboard-8jHHFQ3_.js              49.11 kB │ gzip:  14.17 kB
dist/assets/FunnelWebhookLogsTab-D0j0-FeA.js          58.85 kB │ gzip:  15.15 kB
dist/assets/index-5DGheYOy.js                         60.36 kB │ gzip:  16.69 kB
dist/assets/Index-BL0kbXxw.js                         65.00 kB │ gzip:  19.52 kB
dist/assets/CalendarListView-VxCmZ_8I.js              67.15 kB │ gzip:  16.98 kB
dist/assets/InboxManager-DrYGPoNq.js                  67.72 kB │ gzip:  18.42 kB
dist/assets/WebhooksManager-Bmx_MX1b.js               68.28 kB │ gzip:  16.87 kB
dist/assets/LeadDetailPage-5ORlwsz8.js                69.49 kB │ gzip:  17.50 kB
dist/assets/index-DmZ3y1z1.js                        117.77 kB │ gzip:  36.18 kB
dist/assets/QuizSection-DlA7_dum.js                  120.95 kB │ gzip:  30.15 kB
dist/assets/proxy-Btbizrh-.js                        124.74 kB │ gzip:  40.76 kB
dist/assets/FormsSection-C31TEXc_.js                 131.12 kB │ gzip:  32.39 kB
dist/assets/Docs-BDCDy533.js                         131.88 kB │ gzip:  38.98 kB
dist/assets/IntegrationsManager-BFzqDFqn.js          134.65 kB │ gzip:  32.45 kB
dist/assets/LeadsManager-CIeWkMWv.js                 145.54 kB │ gzip:  40.06 kB
dist/assets/ProductDetailPage-IfHTX8GT.js            147.54 kB │ gzip:  37.53 kB
dist/assets/AgentsManager-D9PQHY0s.js                181.68 kB │ gzip:  45.54 kB
dist/assets/SellerInbox-ClxtsDVF.js                  195.01 kB │ gzip:  50.60 kB
dist/assets/PieChart-BN-KVrXS.js                     386.37 kB │ gzip: 104.25 kB
dist/assets/index-B4a_qJdr.js                        621.36 kB │ gzip: 186.68 kB
dist/assets/SuperAdmin-BmhMeGyr.js                   627.47 kB │ gzip: 180.12 kB
dist/assets/HelpCenter-Dg2MDnQP.js                   684.69 kB │ gzip: 125.79 kB
✓ built in 9.12s
