
> nexvy-beauty@0.0.0 build
> vite build

vite v5.4.21 building for production...
transforming...
✓ 4681 modules transformed.
rendering chunks...
computing gzip size...
dist/index.html                                        3.55 kB │ gzip:   1.36 kB
dist/assets/logo-dark-BXnOn120.png                   231.13 kB
dist/assets/index-DwXDjqlQ.css                       159.27 kB │ gzip:  25.14 kB
dist/assets/index-BdQq_4o_.js                          0.06 kB │ gzip:   0.08 kB
dist/assets/isPast-D5aqGg5b.js                         0.09 kB │ gzip:   0.11 kB
dist/assets/subMonths-8T2Rx0mB.js                      0.09 kB │ gzip:   0.11 kB
dist/assets/isBefore-Bj01id60.js                       0.10 kB │ gzip:   0.12 kB
dist/assets/collapsible-5f8y1XiA.js                    0.10 kB │ gzip:   0.11 kB
dist/assets/isSameDay-DQyLhzPY.js                      0.11 kB │ gzip:   0.12 kB
dist/assets/isToday-hXDSJj3j.js                        0.14 kB │ gzip:   0.14 kB
dist/assets/index-v4Ufe97k.js                          0.14 kB │ gzip:   0.14 kB
dist/assets/addDays-B_5KCljG.js                        0.15 kB │ gzip:   0.15 kB
dist/assets/differenceInCalendarMonths-DKjA5tTK.js     0.17 kB │ gzip:   0.15 kB
dist/assets/endOfMonth-BrQPxqgl.js                     0.17 kB │ gzip:   0.16 kB
dist/assets/skeleton-DW9mhrjp.js                       0.17 kB │ gzip:   0.16 kB
dist/assets/isTomorrow-Do0hC7Gq.js                     0.19 kB │ gzip:   0.16 kB
dist/assets/index-Bi0Z8vbs.js                          0.23 kB │ gzip:   0.17 kB
dist/assets/useOrganizationPlan-D94kGi_P.js            0.27 kB │ gzip:   0.23 kB
dist/assets/minus-BiugNG73.js                          0.29 kB │ gzip:   0.24 kB
dist/assets/check-DXM4a5aJ.js                          0.29 kB │ gzip:   0.25 kB
dist/assets/chevron-down-ky6bbmxt.js                   0.30 kB │ gzip:   0.25 kB
dist/assets/chevron-up-DFqodU0a.js                     0.30 kB │ gzip:   0.25 kB
dist/assets/chevron-left-DYeNRycO.js                   0.30 kB │ gzip:   0.25 kB
dist/assets/chevron-right-DJAZH035.js                  0.30 kB │ gzip:   0.25 kB
dist/assets/circle-BMDcE3kJ.js                         0.30 kB │ gzip:   0.24 kB
dist/assets/BarChart-Cpn9-9X0.js                       0.30 kB │ gzip:   0.22 kB
dist/assets/play-Dp440J0c.js                           0.30 kB │ gzip:   0.25 kB
dist/assets/message-circle-DqtyN7NE.js                 0.32 kB │ gzip:   0.26 kB
dist/assets/plus-DJDTiP7h.js                           0.32 kB │ gzip:   0.26 kB
dist/assets/thermometer-CD-Zc4N0.js                    0.33 kB │ gzip:   0.27 kB
dist/assets/filter-DJEblqi9.js                         0.33 kB │ gzip:   0.27 kB
dist/assets/arrow-right-CTESjid5.js                    0.33 kB │ gzip:   0.27 kB
dist/assets/arrow-left-DSDlP_G7.js                     0.33 kB │ gzip:   0.27 kB
dist/assets/search-DcC-DdB7.js                         0.34 kB │ gzip:   0.27 kB
dist/assets/ban-CWBMIefn.js                            0.34 kB │ gzip:   0.27 kB
dist/assets/circle-check-Cu2qNnnW.js                   0.35 kB │ gzip:   0.27 kB
dist/assets/facebook-7u864hT3.js                       0.35 kB │ gzip:   0.28 kB
dist/assets/message-square-B4E8eiB4.js                 0.35 kB │ gzip:   0.27 kB
dist/assets/clock-CiECDvVp.js                          0.35 kB │ gzip:   0.28 kB
dist/assets/code-ChJQy_Hm.js                           0.35 kB │ gzip:   0.27 kB
dist/assets/reply-DViLFmnU.js                          0.36 kB │ gzip:   0.29 kB
dist/assets/forward-KnbISYcv.js                        0.36 kB │ gzip:   0.29 kB
dist/assets/megaphone-BcEoTVS7.js                      0.36 kB │ gzip:   0.29 kB
dist/assets/circle-check-big-VuYLU27M.js               0.36 kB │ gzip:   0.28 kB
dist/assets/startOfMonth-CqjfmrzA.js                   0.37 kB │ gzip:   0.25 kB
dist/assets/user-CpEdV_3a.js                           0.37 kB │ gzip:   0.29 kB
dist/assets/smartphone-CfWxTyMi.js                     0.37 kB │ gzip:   0.29 kB
dist/assets/at-sign-BbNOXkXu.js                        0.37 kB │ gzip:   0.29 kB
dist/assets/rotate-ccw-B3SDJw8e.js                     0.37 kB │ gzip:   0.29 kB
dist/assets/trending-up-DIR2EIjP.js                    0.37 kB │ gzip:   0.29 kB
dist/assets/info-4Q81irFJ.js                           0.37 kB │ gzip:   0.28 kB
dist/assets/lock-C_t80hNb.js                           0.38 kB │ gzip:   0.30 kB
dist/assets/credit-card-EMUSsoPL.js                    0.38 kB │ gzip:   0.29 kB
dist/assets/circle-x-DqNEtC0K.js                       0.38 kB │ gzip:   0.28 kB
dist/assets/undo-2-W99sMR3I.js                         0.38 kB │ gzip:   0.28 kB
dist/assets/trending-down-DUUG855X.js                  0.38 kB │ gzip:   0.28 kB
dist/assets/bell-BBY7UDja.js                           0.38 kB │ gzip:   0.29 kB
dist/assets/pause-D3IcdAea.js                          0.38 kB │ gzip:   0.27 kB
dist/assets/mail-DWu88RP2.js                           0.39 kB │ gzip:   0.30 kB
dist/assets/dollar-sign-B410tnUi.js                    0.39 kB │ gzip:   0.30 kB
dist/assets/flag-fK15Q-bJ.js                           0.39 kB │ gzip:   0.31 kB
dist/assets/square-check-big-CAPxgl1c.js               0.39 kB │ gzip:   0.30 kB
dist/assets/sticky-note-B1QOOYJ2.js                    0.39 kB │ gzip:   0.29 kB
dist/assets/target-CgfDZDBs.js                         0.40 kB │ gzip:   0.27 kB
dist/assets/ellipsis-C_9YN8P_.js                       0.40 kB │ gzip:   0.27 kB
dist/assets/activity-CyWfZ8tq.js                       0.40 kB │ gzip:   0.30 kB
dist/assets/ellipsis-vertical-DzNSzhHZ.js              0.40 kB │ gzip:   0.28 kB
dist/assets/pen-BBug4Paa.js                            0.41 kB │ gzip:   0.31 kB
dist/assets/copy-SRJglD6B.js                           0.41 kB │ gzip:   0.31 kB
dist/assets/headphones-BOq1Vl9_.js                     0.41 kB │ gzip:   0.29 kB
dist/assets/history-ode3kOsA.js                        0.41 kB │ gzip:   0.30 kB
dist/assets/circle-help-CggyTO8U.js                    0.41 kB │ gzip:   0.30 kB
dist/assets/link-2-BPI4unSm.js                         0.41 kB │ gzip:   0.31 kB
dist/assets/menu-fTMqRsj0.js                           0.41 kB │ gzip:   0.28 kB
dist/assets/globe-vyXokoq1.js                          0.41 kB │ gzip:   0.30 kB
dist/assets/database-RCwzqyE5.js                       0.41 kB │ gzip:   0.31 kB
dist/assets/endOfWeek-BPPi-azA.js                      0.41 kB │ gzip:   0.26 kB
dist/assets/arrow-up-down-Dij0M_4C.js                  0.41 kB │ gzip:   0.30 kB
dist/assets/type-YhXEDvru.js                           0.41 kB │ gzip:   0.30 kB
dist/assets/banknote-CYvlweTD.js                       0.42 kB │ gzip:   0.31 kB
dist/assets/heart-usOrh00b.js                          0.42 kB │ gzip:   0.32 kB
dist/assets/arrow-left-right-gy_l-jDf.js               0.42 kB │ gzip:   0.30 kB
dist/assets/arrow-right-left-BSMYXfVs.js               0.42 kB │ gzip:   0.30 kB
dist/assets/video-Y4lB_NDS.js                          0.42 kB │ gzip:   0.32 kB
dist/assets/camera-z8qTBZ_s.js                         0.42 kB │ gzip:   0.31 kB
dist/assets/circle-alert-IwT1scV6.js                   0.42 kB │ gzip:   0.29 kB
dist/assets/chart-column-DtnAHnCn.js                   0.42 kB │ gzip:   0.30 kB
dist/assets/external-link-Bg73aE2V.js                  0.42 kB │ gzip:   0.30 kB
dist/assets/users-round-BRcaZVxk.js                    0.42 kB │ gzip:   0.32 kB
dist/assets/settings-2-B8penhc9.js                     0.42 kB │ gzip:   0.30 kB
dist/assets/archive-DcnqP-ts.js                        0.42 kB │ gzip:   0.31 kB
dist/assets/user-check-CbJGL5MM.js                     0.42 kB │ gzip:   0.32 kB
dist/assets/route-CBC7sQna.js                          0.42 kB │ gzip:   0.31 kB
dist/assets/share-BaDj4-ft.js                          0.43 kB │ gzip:   0.31 kB
dist/assets/eye-BcyCHUg9.js                            0.43 kB │ gzip:   0.31 kB
dist/assets/link--UcBe_gA.js                           0.43 kB │ gzip:   0.30 kB
dist/assets/upload-DBic4weV.js                         0.43 kB │ gzip:   0.32 kB
dist/assets/calendar-Ci9ha2Ym.js                       0.43 kB │ gzip:   0.31 kB
dist/assets/log-out-Cg4rtSDr.js                        0.43 kB │ gzip:   0.32 kB
dist/assets/plug-Drt2SBLN.js                           0.43 kB │ gzip:   0.30 kB
dist/assets/map-pin-WWsXt8CZ.js                        0.43 kB │ gzip:   0.33 kB
dist/assets/monitor-_KAQ5y9a.js                        0.43 kB │ gzip:   0.31 kB
dist/assets/circle-user-ZIwj6QpQ.js                    0.43 kB │ gzip:   0.31 kB
dist/assets/wrench-C-Fe2Hff.js                         0.43 kB │ gzip:   0.31 kB
dist/assets/zap-6_9map27.js                            0.43 kB │ gzip:   0.31 kB
dist/assets/download-CwbI0-uQ.js                       0.43 kB │ gzip:   0.32 kB
dist/assets/workflow-CV7O5dHA.js                       0.44 kB │ gzip:   0.31 kB
dist/assets/image-l07aq6d1.js                          0.44 kB │ gzip:   0.33 kB
dist/assets/mic-BsTZFhQB.js                            0.44 kB │ gzip:   0.32 kB
dist/assets/chart-pie-CbHt-AyV.js                      0.44 kB │ gzip:   0.33 kB
dist/assets/shield-CVnfpzA3.js                         0.44 kB │ gzip:   0.33 kB
dist/assets/repeat-DKIx5Vio.js                         0.44 kB │ gzip:   0.31 kB
dist/assets/award-DNgGjfYv.js                          0.44 kB │ gzip:   0.33 kB
dist/assets/pencil-DJKQbmZ9.js                         0.45 kB │ gzip:   0.33 kB
dist/assets/pen-line-nSxAStae.js                       0.45 kB │ gzip:   0.33 kB
dist/assets/book-open-DFKxres2.js                      0.45 kB │ gzip:   0.31 kB
dist/assets/flame-Bxk0QDB6.js                          0.45 kB │ gzip:   0.34 kB
dist/assets/git-branch-BMQnDNY5.js                     0.45 kB │ gzip:   0.32 kB
dist/assets/wifi-BxmY-b_2.js                           0.45 kB │ gzip:   0.31 kB
dist/assets/mail-check-DOWVgoyd.js                     0.45 kB │ gzip:   0.33 kB
dist/assets/lightbulb-709XmUyb.js                      0.46 kB │ gzip:   0.33 kB
dist/assets/inbox-B9-jy3p2.js                          0.46 kB │ gzip:   0.33 kB
dist/assets/wallet-DE7OQiaF.js                         0.46 kB │ gzip:   0.31 kB
dist/assets/send-utMtp1-P.js                           0.46 kB │ gzip:   0.33 kB
dist/assets/folder-open-C4Q5IPh2.js                    0.46 kB │ gzip:   0.32 kB
dist/assets/shopping-cart-D_oPBANr.js                  0.46 kB │ gzip:   0.33 kB
dist/assets/smile-Cr7ucOHo.js                          0.46 kB │ gzip:   0.32 kB
dist/assets/grid-3x3-BGxdSP_t.js                       0.46 kB │ gzip:   0.31 kB
dist/assets/hash-B1xQGR2X.js                           0.47 kB │ gzip:   0.30 kB
dist/assets/instagram-DmKisBex.js                      0.47 kB │ gzip:   0.34 kB
dist/assets/list-todo-Cto40_zH.js                      0.47 kB │ gzip:   0.32 kB
dist/assets/thumbs-up-CoSS8qn5.js                      0.47 kB │ gzip:   0.34 kB
dist/assets/thumbs-down-CdNVtQdU.js                    0.47 kB │ gzip:   0.34 kB
dist/assets/list-DvuCkz7y.js                           0.47 kB │ gzip:   0.29 kB
dist/assets/users-C9TgrVGk.js                          0.47 kB │ gzip:   0.33 kB
dist/assets/mouse-pointer-XriWbnam.js                  0.48 kB │ gzip:   0.35 kB
dist/assets/user-x-CYsXme3Z.js                         0.48 kB │ gzip:   0.33 kB
dist/assets/user-plus-5MpG8A5G.js                      0.48 kB │ gzip:   0.34 kB
dist/assets/scissors-DE2kh8CO.js                       0.48 kB │ gzip:   0.32 kB
dist/assets/textarea-6M5ErDvc.js                       0.48 kB │ gzip:   0.32 kB
dist/assets/square-pen-DslQBDgD.js                     0.49 kB │ gzip:   0.34 kB
dist/assets/shield-check-BO1jnB5E.js                   0.49 kB │ gzip:   0.36 kB
dist/assets/tag-BWDcLiAU.js                            0.50 kB │ gzip:   0.35 kB
dist/assets/save-BPHgR1TE.js                           0.50 kB │ gzip:   0.33 kB
dist/assets/bot-Ch3hqpIg.js                            0.50 kB │ gzip:   0.33 kB
dist/assets/differenceInDays-D9SUYMYD.js               0.50 kB │ gzip:   0.29 kB
dist/assets/youtube-CvoAkc-i.js                        0.50 kB │ gzip:   0.32 kB
dist/assets/file-text-C2jl18VH.js                      0.50 kB │ gzip:   0.32 kB
dist/assets/calendar-x-Cu7qm0aS.js                     0.51 kB │ gzip:   0.33 kB
dist/assets/layout-grid-wU3erxQe.js                    0.52 kB │ gzip:   0.30 kB
dist/assets/layout-dashboard-CnaeI5WN.js               0.52 kB │ gzip:   0.31 kB
dist/assets/webhook-CGsPFNWG.js                        0.52 kB │ gzip:   0.38 kB
dist/assets/key-round-ei-Tq0x1.js                      0.52 kB │ gzip:   0.36 kB
dist/assets/calendar-plus-BDdvTWqT.js                  0.53 kB │ gzip:   0.33 kB
dist/assets/share-2-7gFdA5he.js                        0.53 kB │ gzip:   0.34 kB
dist/assets/trash-2-BW4m_zPD.js                        0.53 kB │ gzip:   0.35 kB
dist/assets/image-plus-BU6Fu2XH.js                     0.53 kB │ gzip:   0.36 kB
dist/assets/snowflake-DA0Ye3sE.js                      0.53 kB │ gzip:   0.34 kB
dist/assets/layers-CNpeGPey.js                         0.53 kB │ gzip:   0.34 kB
dist/assets/grip-vertical-DbE6WtTl.js                  0.54 kB │ gzip:   0.30 kB
dist/assets/thermometer-sun-D8tVCkWs.js                0.55 kB │ gzip:   0.36 kB
dist/assets/life-buoy-C82naq_u.js                      0.55 kB │ gzip:   0.33 kB
dist/assets/calendar-clock-MyrjqbRd.js                 0.55 kB │ gzip:   0.36 kB
dist/assets/label-Cbc8Uf_h.js                          0.56 kB │ gzip:   0.38 kB
dist/assets/calendar-off-CnJ6dmpT.js                   0.56 kB │ gzip:   0.35 kB
dist/assets/package-BW8R5Iv6.js                        0.56 kB │ gzip:   0.36 kB
dist/assets/phone-CC7X7Sq6.js                          0.56 kB │ gzip:   0.36 kB
dist/assets/hand-DGdMSjuX.js                           0.58 kB │ gzip:   0.36 kB
dist/assets/car-DkV4ZkRu.js                            0.58 kB │ gzip:   0.39 kB
dist/assets/input-BB3N-z4D.js                          0.58 kB │ gzip:   0.36 kB
dist/assets/file-json-X6cyLbTt.js                      0.58 kB │ gzip:   0.34 kB
dist/assets/AIOptimizeButton-BmP4tWol.js               0.59 kB │ gzip:   0.36 kB
dist/assets/construction-DZHGHaLs.js                   0.59 kB │ gzip:   0.36 kB
dist/assets/eye-off-syXFibif.js                        0.60 kB │ gzip:   0.38 kB
dist/assets/medal-KSJIy0Fa.js                          0.61 kB │ gzip:   0.39 kB
dist/assets/rocket-DFbhu_ve.js                         0.63 kB │ gzip:   0.42 kB
dist/assets/wifi-off-DzQUltVr.js                       0.63 kB │ gzip:   0.38 kB
dist/assets/NotFound-DzdMXq7Y.js                       0.63 kB │ gzip:   0.38 kB
dist/assets/trophy-Ec-uGps2.js                         0.64 kB │ gzip:   0.39 kB
dist/assets/star-Uln4o4GW.js                           0.64 kB │ gzip:   0.41 kB
dist/assets/useSquads-Lewte2Ud.js                      0.65 kB │ gzip:   0.41 kB
dist/assets/useObjections-JxYNBum5.js                  0.66 kB │ gzip:   0.43 kB
dist/assets/calendar-days-C8hFxN7J.js                  0.66 kB │ gzip:   0.37 kB
dist/assets/separator-b4Aa6MRK.js                      0.67 kB │ gzip:   0.40 kB
dist/assets/sparkles-DbyQGLfJ.js                       0.68 kB │ gzip:   0.40 kB
dist/assets/wand-sparkles-B3jiWD30.js                  0.68 kB │ gzip:   0.40 kB
dist/assets/unlink-Di8zKUcV.js                         0.70 kB │ gzip:   0.41 kB
dist/assets/building-B2--Af4d.js                       0.71 kB │ gzip:   0.38 kB
dist/assets/useCadence-CdFEkrY5.js                     0.72 kB │ gzip:   0.45 kB
dist/assets/swords-Drr5OTMb.js                         0.72 kB │ gzip:   0.39 kB
dist/assets/badge-D5Rxf6km.js                          0.75 kB │ gzip:   0.40 kB
dist/assets/user-cog-ZJKy7NMY.js                       0.75 kB │ gzip:   0.42 kB
dist/assets/sliders-vertical-By7d8lXw.js               0.75 kB │ gzip:   0.37 kB
dist/assets/flask-conical-7I63EbQX.js                  0.77 kB │ gzip:   0.40 kB
dist/assets/list-checks-20CUssbl.js                    0.78 kB │ gzip:   0.36 kB
dist/assets/palette-BpL8mEa2.js                        0.79 kB │ gzip:   0.45 kB
dist/assets/clipboard-check-vu9GJ68P.js                0.79 kB │ gzip:   0.40 kB
dist/assets/index-7Ptth2kY.js                          0.79 kB │ gzip:   0.51 kB
dist/assets/qr-code-MxhwcyS9.js                        0.82 kB │ gzip:   0.42 kB
dist/assets/bug-CCs4xEGH.js                            0.84 kB │ gzip:   0.47 kB
dist/assets/message-square-warning-5mFJ3J18.js         0.85 kB │ gzip:   0.42 kB
dist/assets/settings-DrnNaLCU.js                       0.90 kB │ gzip:   0.45 kB
dist/assets/party-popper-CrbW5pn0.js                   0.90 kB │ gzip:   0.52 kB
dist/assets/sun-DhqGTYlB.js                            0.90 kB │ gzip:   0.41 kB
dist/assets/brain-BF0uK0rL.js                          0.90 kB │ gzip:   0.47 kB
dist/assets/alert-hoi2282Z.js                          0.91 kB │ gzip:   0.47 kB
dist/assets/CadencePicker-DFoV-vyE.js                  0.92 kB │ gzip:   0.56 kB
dist/assets/paperclip-Dws6eiob.js                      0.93 kB │ gzip:   0.47 kB
dist/assets/usePlatformName-Dp30GZGW.js                0.95 kB │ gzip:   0.53 kB
dist/assets/ColorPickerField-B1Nedt3Y.js               0.95 kB │ gzip:   0.55 kB
dist/assets/card-CbHe-Xuj.js                           0.99 kB │ gzip:   0.38 kB
dist/assets/ThemeToggle-B_JOYpY7.js                    0.99 kB │ gzip:   0.55 kB
dist/assets/useSuperAdminFirstAccess-D4p1B5Cn.js       1.02 kB │ gzip:   0.57 kB
dist/assets/boxes-BvgnxlOI.js                          1.02 kB │ gzip:   0.51 kB
dist/assets/skull-BsrX6KnL.js                          1.03 kB │ gzip:   0.49 kB
dist/assets/Logo-DnLsdtDB.js                           1.05 kB │ gzip:   0.55 kB
dist/assets/key-CutZJ27g.js                            1.05 kB │ gzip:   0.48 kB
dist/assets/useLeadTracking-BrlN3f2m.js                1.06 kB │ gzip:   0.52 kB
dist/assets/sliders-horizontal-Bs4ftLBx.js             1.09 kB │ gzip:   0.47 kB
dist/assets/toggle-left-mT8Pu0lV.js                    1.09 kB │ gzip:   0.44 kB
dist/assets/useMaterials-4rcup_QT.js                   1.23 kB │ gzip:   0.56 kB
dist/assets/useProfile-CpDvbBGR.js                     1.37 kB │ gzip:   0.64 kB
dist/assets/gem-CPGQdk1m.js                            1.41 kB │ gzip:   0.52 kB
dist/assets/useCadences-BdrPeLoA.js                    1.43 kB │ gzip:   0.74 kB
dist/assets/useCustomFields-DzkojpLo.js                1.45 kB │ gzip:   0.63 kB
dist/assets/usePlatformPlans-B0vR4GLU.js               1.47 kB │ gzip:   0.49 kB
dist/assets/table-DMZ1g7uT.js                          1.49 kB │ gzip:   0.52 kB
dist/assets/button-DUfmzcuV.js                         1.50 kB │ gzip:   0.72 kB
dist/assets/useProducts-BJk0XAgQ.js                    1.54 kB │ gzip:   0.56 kB
dist/assets/CaptureReportsSection-XmhFj7P4.js          1.54 kB │ gzip:   0.76 kB
dist/assets/useSalesGoals-2dlIfyIU.js                  1.64 kB │ gzip:   0.75 kB
dist/assets/useAutoNotificationSettings-C4pbGJZx.js    1.64 kB │ gzip:   0.58 kB
dist/assets/useDeals-DAG6LRdK.js                       1.74 kB │ gzip:   0.77 kB
dist/assets/useSectors-CWf7PsQT.js                     1.76 kB │ gzip:   0.74 kB
dist/assets/funnelAppearance-BOHpVQTE.js               1.87 kB │ gzip:   0.85 kB
dist/assets/progress-XK7SFfJ-.js                       1.90 kB │ gzip:   0.95 kB
dist/assets/useTasks-Dux3hhvh.js                       1.96 kB │ gzip:   0.61 kB
dist/assets/presentation-DSdaIoU-.js                   1.98 kB │ gzip:   0.58 kB
dist/assets/useLeads-BbD0Xqvp.js                       1.99 kB │ gzip:   0.65 kB
dist/assets/useHelp-zB1H9zY-.js                        2.14 kB │ gzip:   0.69 kB
dist/assets/index-wulXQjBP.js                          2.19 kB │ gzip:   0.98 kB
dist/assets/useCommissions-CfNPm2N-.js                 2.19 kB │ gzip:   0.74 kB
dist/assets/shuffle-C6SZWb9B.js                        2.20 kB │ gzip:   0.77 kB
dist/assets/sheet-DCv8nuUx.js                          2.22 kB │ gzip:   0.89 kB
dist/assets/formatDistanceToNow-_3xPnp5a.js            2.26 kB │ gzip:   0.96 kB
dist/assets/TagFormDialog-DNztC3ez.js                  2.28 kB │ gzip:   1.12 kB
dist/assets/_shared-BEq48LlN.js                        2.35 kB │ gzip:   1.12 kB
dist/assets/_shared-CssVLfwj.js                        2.36 kB │ gzip:   1.12 kB
dist/assets/Unsubscribe-DSBiC3SI.js                    2.42 kB │ gzip:   1.21 kB
dist/assets/music-CMRko9ZH.js                          2.45 kB │ gzip:   0.68 kB
dist/assets/useReleases-D07g75Un.js                    2.48 kB │ gzip:   0.95 kB
dist/assets/avatar-BY-2dUfL.js                         2.54 kB │ gzip:   1.14 kB
dist/assets/useUserPermissions-BJbnDJMP.js             2.54 kB │ gzip:   0.95 kB
dist/assets/parseISO-C6x1QlTq.js                       2.67 kB │ gzip:   1.18 kB
dist/assets/BookingCountdown-BfWHYEk2.js               2.84 kB │ gzip:   1.21 kB
dist/assets/volume-x-BYhcxqjp.js                       2.86 kB │ gzip:   0.86 kB
dist/assets/timer-XspPtHBf.js                          3.04 kB │ gzip:   0.88 kB
dist/assets/zoom-out-BHkFe0_H.js                       3.07 kB │ gzip:   0.84 kB
dist/assets/ResetPassword-lau8aGL9.js                  3.11 kB │ gzip:   1.33 kB
dist/assets/shield-alert-BykVs6Sj.js                   3.12 kB │ gzip:   0.99 kB
dist/assets/useTeamInvitations-B_WuCgKy.js             3.17 kB │ gzip:   1.16 kB
dist/assets/MobileTaskList-DmU29dtr.js                 3.24 kB │ gzip:   1.38 kB
dist/assets/auth-errors-B_SiNTxi.js                    3.24 kB │ gzip:   1.33 kB
dist/assets/tabs-O1X0rdkt.js                           3.26 kB │ gzip:   1.37 kB
dist/assets/useGoogleCalendarConnection-BQhD9aE7.js    3.35 kB │ gzip:   1.20 kB
dist/assets/switch-DKANG5Kv.js                         3.48 kB │ gzip:   1.52 kB
dist/assets/index-BlkQaNFd.js                          3.49 kB │ gzip:   1.58 kB
dist/assets/DealModal-csoQ9xTK.js                      3.55 kB │ gzip:   1.74 kB
dist/assets/LeadEditModal-C4GUgppo.js                  3.71 kB │ gzip:   1.34 kB
dist/assets/alert-dialog-pW4KT1u0.js                   3.76 kB │ gzip:   1.26 kB
dist/assets/Dashboard-DDs3UhqX.js                      3.82 kB │ gzip:   1.45 kB
dist/assets/useTeam-BTpvSSoC.js                        3.87 kB │ gzip:   1.15 kB
dist/assets/checkbox-CQ-3zVeG.js                       3.90 kB │ gzip:   1.72 kB
dist/assets/image-upload-C0L-f42y.js                   4.01 kB │ gzip:   1.85 kB
dist/assets/index-SnlEar1m.js                          4.08 kB │ gzip:   1.93 kB
dist/assets/Updates-DTudZ7yA.js                        4.10 kB │ gzip:   1.70 kB
dist/assets/Install-Cx0f_qPv.js                        4.17 kB │ gzip:   1.52 kB
dist/assets/HelpArticle-D14QkTz1.js                    4.17 kB │ gzip:   1.68 kB
dist/assets/Dashboard-DIk71dqY.js                      4.21 kB │ gzip:   1.55 kB
dist/assets/MobileGoalsView-DQMVjnm3.js                4.26 kB │ gzip:   1.39 kB
dist/assets/TagPackageGeneratorDialog-CEZOxJqd.js      4.53 kB │ gzip:   1.94 kB
dist/assets/agents-CcnP0Mf4.js                         4.58 kB │ gzip:   1.83 kB
dist/assets/useLeadTags-eT-H7eG7.js                    4.59 kB │ gzip:   1.34 kB
dist/assets/accordion-C17INXok.js                      4.64 kB │ gzip:   1.85 kB
dist/assets/CaptureTemplatesSection-BZoqLgZz.js        4.70 kB │ gzip:   1.93 kB
dist/assets/MaterialsView-Dtp3urqs.js                  4.88 kB │ gzip:   1.94 kB
dist/assets/variable-BD4rBlvV.js                       4.89 kB │ gzip:   1.18 kB
dist/assets/ContextLibrary-BHIocso3.js                 5.00 kB │ gzip:   1.89 kB
dist/assets/OrganizationSelector-BwElVwvU.js           5.00 kB │ gzip:   1.59 kB
dist/assets/ModuleHub-BlA-0O-D.js                      5.04 kB │ gzip:   2.18 kB
dist/assets/Profile-BtG1WmU3.js                        5.19 kB │ gzip:   2.00 kB
dist/assets/popover-BiHFjvRZ.js                        5.33 kB │ gzip:   1.94 kB
dist/assets/useAnimatedNumber-BNGaQhaE.js              5.50 kB │ gzip:   2.15 kB
dist/assets/useProductAgents-CeYnyZqc.js               5.61 kB │ gzip:   1.73 kB
dist/assets/Clientes-DRLzON6B.js                       5.62 kB │ gzip:   1.83 kB
dist/assets/radio-group-dyPUvJhE.js                    5.73 kB │ gzip:   2.25 kB
dist/assets/pt-BR-Dk-aDYCe.js                          5.85 kB │ gzip:   2.11 kB
dist/assets/useEvolutionInstances-Cfipd2MU.js          5.96 kB │ gzip:   1.44 kB
dist/assets/CustomFieldsManager-BdB9MSgu.js            6.06 kB │ gzip:   2.22 kB
dist/assets/QuizResultView-NbWXoNeI.js                 6.11 kB │ gzip:   2.19 kB
dist/assets/index-Dh4i1-J3.js                          6.20 kB │ gzip:   2.11 kB
dist/assets/useEmailTemplates-tt0EZ66T.js              6.25 kB │ gzip:   1.86 kB
dist/assets/BookingConfirmation-E6FTy46J.js            6.26 kB │ gzip:   2.12 kB
dist/assets/PlaybookView-BE94LjqU.js                   6.31 kB │ gzip:   2.01 kB
dist/assets/AcceptInvite-CUnCFbRc.js                   6.56 kB │ gzip:   2.28 kB
dist/assets/CartesianGrid-VzzF8SNJ.js                  6.77 kB │ gzip:   2.36 kB
dist/assets/Financeiro-EXMC78I7.js                     6.80 kB │ gzip:   2.02 kB
dist/assets/Veiculos-DEmKYcKm.js                       6.80 kB │ gzip:   2.05 kB
dist/assets/Financeiro-CttlZ7Bk.js                     6.81 kB │ gzip:   2.02 kB
dist/assets/Profissionais-6H-zssn0.js                  6.99 kB │ gzip:   2.16 kB
dist/assets/CaptureResultsSection-Br4kWhFL.js          7.08 kB │ gzip:   2.50 kB
dist/assets/Orcamentos-DV4qCZAh.js                     7.18 kB │ gzip:   2.27 kB
dist/assets/Ordens-Do3ddxHc.js                         7.78 kB │ gzip:   2.42 kB
dist/assets/en-US-Cs41XhzR.js                          7.78 kB │ gzip:   2.74 kB
dist/assets/QuickRepliesManager-CDYUE3tz.js            8.34 kB │ gzip:   2.92 kB
dist/assets/CaptureAnalyticsSection-Cv4w5-Ru.js        8.59 kB │ gzip:   3.08 kB
dist/assets/Servicos-CuqPtDgh.js                       8.68 kB │ gzip:   2.54 kB
dist/assets/Clientes-DGr3M1SL.js                       8.89 kB │ gzip:   2.56 kB
dist/assets/PlanSelector-B8GuoF1g.js                   8.93 kB │ gzip:   3.21 kB
dist/assets/CadenceView-CsjHj2Z3.js                    9.07 kB │ gzip:   2.91 kB
dist/assets/BusinessHoursManager-Bao4KUAI.js           9.21 kB │ gzip:   3.30 kB
dist/assets/slider-C7C5--i-.js                         9.22 kB │ gzip:   3.65 kB
dist/assets/AdminDashboard-B1qIjKpr.js                 9.77 kB │ gzip:   2.58 kB
dist/assets/Agenda-BUzW43fG.js                        10.08 kB │ gzip:   2.76 kB
dist/assets/FinancialPanel-RzO2-9BG.js                10.12 kB │ gzip:   2.81 kB
dist/assets/Login-CpNzlXi2.js                         10.26 kB │ gzip:   3.35 kB
dist/assets/FinancialDashboard-C_y4J58Y.js            10.35 kB │ gzip:   2.60 kB
dist/assets/TagsManager-C9Q6rKbr.js                   10.64 kB │ gzip:   3.39 kB
dist/assets/SectorsManager-CFyqtyc0.js                11.38 kB │ gzip:   3.70 kB
dist/assets/AgentPromptTemplates-xQEXwSq9.js          11.50 kB │ gzip:   5.22 kB
dist/assets/Settings-nl5cRgcY.js                      11.71 kB │ gzip:   3.33 kB
dist/assets/SupportTickets-tgP6UfoF.js                11.92 kB │ gzip:   4.13 kB
dist/assets/PublicQuiz-BvDajC9C.js                    12.26 kB │ gzip:   4.68 kB
dist/assets/CompanySettings-CtuaiiiG.js               12.39 kB │ gzip:   4.17 kB
dist/assets/ReportsManager-C84mWMjp.js                12.45 kB │ gzip:   3.01 kB
dist/assets/scroll-area-m2WbvcZX.js                   12.62 kB │ gzip:   3.99 kB
dist/assets/format-DmR49Cei.js                        13.05 kB │ gzip:   3.47 kB
dist/assets/MobileKanban-C6Q_sK64.js                  13.12 kB │ gzip:   4.81 kB
dist/assets/EventModal-CdNBS2ZF.js                    13.14 kB │ gzip:   3.98 kB
dist/assets/AIChat-Dfzuf7TA.js                        13.26 kB │ gzip:   5.39 kB
dist/assets/LeadTransferModal-YkQl9I5X.js             13.37 kB │ gzip:   4.39 kB
dist/assets/SalesPage-DOX2EZCu.js                     13.66 kB │ gzip:   4.77 kB
dist/assets/command-DqzMLIbe.js                       14.28 kB │ gzip:   5.35 kB
dist/assets/FormThemeWrapper-CEd3qb6m.js              15.36 kB │ gzip:   5.23 kB
dist/assets/EvolutionInstancesPanel-Dexq2UfR.js       15.57 kB │ gzip:   4.99 kB
dist/assets/OperationCenter-CPnysXod.js               15.68 kB │ gzip:   4.41 kB
dist/assets/PublicChat-am1cBWTz.js                    16.06 kB │ gzip:   5.36 kB
dist/assets/PublicForm-BWMqc3sm.js                    16.12 kB │ gzip:   4.95 kB
dist/assets/useFunnels-CihDJ5mS.js                    16.23 kB │ gzip:   5.11 kB
dist/assets/index-COIDwmQx.js                         16.68 kB │ gzip:   6.28 kB
dist/assets/useSquadPerformance-D1tjRm8a.js           16.95 kB │ gzip:   5.99 kB
dist/assets/TaskCenter-Cw6iQpuP.js                    17.33 kB │ gzip:   5.36 kB
dist/assets/CalendarManager-COjPUqrb.js               18.11 kB │ gzip:   6.03 kB
dist/assets/LeadsKanban-DMvnwKFH.js                   19.16 kB │ gzip:   6.75 kB
dist/assets/ProductListPage-w19YiVDB.js               19.33 kB │ gzip:   6.52 kB
dist/assets/quizTemplates-KMwg65ME.js                 19.89 kB │ gzip:   5.27 kB
dist/assets/dropdown-menu-wrf8IeHO.js                 20.96 kB │ gzip:   6.16 kB
dist/assets/select-DoTJ-R_b.js                        21.93 kB │ gzip:   7.51 kB
dist/assets/CaktoSummaryCards-CS9NyCOH.js             23.68 kB │ gzip:   7.12 kB
dist/assets/NotificationManager-CISPiw6_.js           24.49 kB │ gzip:   6.53 kB
dist/assets/SellerBookings-Bfj8VqRt.js                25.22 kB │ gzip:   7.91 kB
dist/assets/CaktoAdminPanel-CIg-kyro.js               26.22 kB │ gzip:   7.91 kB
dist/assets/MobileProductDashboard-DGk0FzrB.js        26.84 kB │ gzip:   8.09 kB
dist/assets/ObjectionsView-9GARuCmN.js                26.95 kB │ gzip:   7.45 kB
dist/assets/KanbanBoard-BhmSMFy1.js                   30.41 kB │ gzip:   9.76 kB
dist/assets/PublicBooking-BErx8d5r.js                 30.47 kB │ gzip:   8.79 kB
dist/assets/calendar-BU-sEI5B.js                      34.20 kB │ gzip:  10.88 kB
dist/assets/CadencesManager-2yJIDB-3.js               38.31 kB │ gzip:  10.69 kB
dist/assets/TeamManager-C2ouEFcT.js                   38.64 kB │ gzip:  10.38 kB
dist/assets/ChatBotSection-DJWnf1d_.js                39.75 kB │ gzip:  11.44 kB
dist/assets/WhatsAppSection-CBtJIt8e.js               39.83 kB │ gzip:  11.30 kB
dist/assets/PresetGallery-twHMUpCe.js                 40.67 kB │ gzip:  10.21 kB
dist/assets/WidgetSection-B4tSkcF9.js                 42.40 kB │ gzip:  12.36 kB
dist/assets/Admin-CSPebOp1.js                         42.68 kB │ gzip:  13.78 kB
dist/assets/CampaignsManager-BSVx6iwp.js              45.26 kB │ gzip:  12.11 kB
dist/assets/GuidedOnboarding-Bpov4Gwn.js              46.38 kB │ gzip:  13.27 kB
dist/assets/ProductDashboard-BSv4KdSJ.js              49.11 kB │ gzip:  14.17 kB
dist/assets/FunnelWebhookLogsTab-WIJ9pvn_.js          58.85 kB │ gzip:  15.17 kB
dist/assets/index-BaNOrNFk.js                         60.36 kB │ gzip:  16.69 kB
dist/assets/Index-C7U20t5M.js                         65.00 kB │ gzip:  19.52 kB
dist/assets/CalendarListView-GpJ0rYfe.js              67.15 kB │ gzip:  17.00 kB
dist/assets/InboxManager-aePlsoEU.js                  67.72 kB │ gzip:  18.41 kB
dist/assets/WebhooksManager-BLYzd5IX.js               68.28 kB │ gzip:  16.87 kB
dist/assets/LeadDetailPage-COWZQ57S.js                69.49 kB │ gzip:  17.50 kB
dist/assets/index-D0DuBhKk.js                        117.77 kB │ gzip:  36.19 kB
dist/assets/QuizSection-ZHcod41s.js                  120.95 kB │ gzip:  30.15 kB
dist/assets/proxy-CtZg0clJ.js                        124.74 kB │ gzip:  40.76 kB
dist/assets/FormsSection-6mcir5q8.js                 131.12 kB │ gzip:  32.39 kB
dist/assets/Docs-CZKKYSJT.js                         131.88 kB │ gzip:  38.97 kB
dist/assets/IntegrationsManager-GiKHektt.js          134.65 kB │ gzip:  32.44 kB
dist/assets/LeadsManager-D-J7VPVd.js                 145.54 kB │ gzip:  40.06 kB
dist/assets/ProductDetailPage-B0gJsMY5.js            147.54 kB │ gzip:  37.53 kB
dist/assets/AgentsManager-Bg36GZ8f.js                181.68 kB │ gzip:  45.53 kB
dist/assets/SellerInbox-suN0zwwY.js                  195.01 kB │ gzip:  50.59 kB
dist/assets/PieChart-CPzHJJUZ.js                     386.37 kB │ gzip: 104.26 kB
dist/assets/index-CqRKpUOo.js                        621.36 kB │ gzip: 186.67 kB
dist/assets/SuperAdmin-CUxENLlQ.js                   627.47 kB │ gzip: 180.11 kB
dist/assets/HelpCenter-DUBF07xl.js                   684.69 kB │ gzip: 125.77 kB
✓ built in 10.47s
