
> nexvy-beauty@0.0.0 build
> vite build

vite v5.4.21 building for production...
transforming...
✓ 4680 modules transformed.
rendering chunks...
computing gzip size...
dist/index.html                                        3.55 kB │ gzip:   1.36 kB
dist/assets/logo-dark-BXnOn120.png                   231.13 kB
dist/assets/index-CMTKqaLa.css                       159.22 kB │ gzip:  25.13 kB
dist/assets/index-BdQq_4o_.js                          0.06 kB │ gzip:   0.08 kB
dist/assets/isPast-D5aqGg5b.js                         0.09 kB │ gzip:   0.11 kB
dist/assets/subMonths-8T2Rx0mB.js                      0.09 kB │ gzip:   0.11 kB
dist/assets/isBefore-Bj01id60.js                       0.10 kB │ gzip:   0.12 kB
dist/assets/collapsible-eCk9QTK5.js                    0.10 kB │ gzip:   0.11 kB
dist/assets/isSameDay-DQyLhzPY.js                      0.11 kB │ gzip:   0.12 kB
dist/assets/isToday-hXDSJj3j.js                        0.14 kB │ gzip:   0.14 kB
dist/assets/index-BWIsqd-K.js                          0.14 kB │ gzip:   0.14 kB
dist/assets/addDays-B_5KCljG.js                        0.15 kB │ gzip:   0.15 kB
dist/assets/differenceInCalendarMonths-DKjA5tTK.js     0.17 kB │ gzip:   0.15 kB
dist/assets/endOfMonth-BrQPxqgl.js                     0.17 kB │ gzip:   0.16 kB
dist/assets/skeleton-DA8ZMgJ6.js                       0.17 kB │ gzip:   0.16 kB
dist/assets/isTomorrow-Do0hC7Gq.js                     0.19 kB │ gzip:   0.16 kB
dist/assets/index-DNa2DxO6.js                          0.23 kB │ gzip:   0.17 kB
dist/assets/useOrganizationPlan-DRe_an4s.js            0.27 kB │ gzip:   0.23 kB
dist/assets/minus-Dil6O7zQ.js                          0.29 kB │ gzip:   0.24 kB
dist/assets/check-DH0-mPig.js                          0.29 kB │ gzip:   0.24 kB
dist/assets/chevron-down-DkS_Geud.js                   0.30 kB │ gzip:   0.24 kB
dist/assets/chevron-up-DeGLEyVP.js                     0.30 kB │ gzip:   0.25 kB
dist/assets/chevron-left-PJSlIlKw.js                   0.30 kB │ gzip:   0.25 kB
dist/assets/chevron-right-CvwzgB_A.js                  0.30 kB │ gzip:   0.25 kB
dist/assets/circle-C-NODWrP.js                         0.30 kB │ gzip:   0.24 kB
dist/assets/BarChart-C19U2vMx.js                       0.30 kB │ gzip:   0.22 kB
dist/assets/play-BFi5K6wg.js                           0.30 kB │ gzip:   0.25 kB
dist/assets/message-circle-hzo-c-q8.js                 0.32 kB │ gzip:   0.26 kB
dist/assets/plus-l2PuE9Q7.js                           0.32 kB │ gzip:   0.25 kB
dist/assets/thermometer-CuuqMiHs.js                    0.33 kB │ gzip:   0.26 kB
dist/assets/filter-DCVmlXw4.js                         0.33 kB │ gzip:   0.26 kB
dist/assets/arrow-right-Dpife9XX.js                    0.33 kB │ gzip:   0.27 kB
dist/assets/arrow-left-C505QS-A.js                     0.33 kB │ gzip:   0.27 kB
dist/assets/search-BclzxIdC.js                         0.34 kB │ gzip:   0.27 kB
dist/assets/ban-C9ExqAKM.js                            0.34 kB │ gzip:   0.27 kB
dist/assets/circle-check-D6yp-O0L.js                   0.35 kB │ gzip:   0.27 kB
dist/assets/facebook-DteKX52j.js                       0.35 kB │ gzip:   0.28 kB
dist/assets/message-square-DOZbYHSJ.js                 0.35 kB │ gzip:   0.27 kB
dist/assets/clock-DrkDcOfm.js                          0.35 kB │ gzip:   0.27 kB
dist/assets/code-DtVxIXMZ.js                           0.35 kB │ gzip:   0.27 kB
dist/assets/reply-B0WyVTRa.js                          0.36 kB │ gzip:   0.29 kB
dist/assets/forward-BCD_NlLs.js                        0.36 kB │ gzip:   0.29 kB
dist/assets/megaphone-DOUiz6VN.js                      0.36 kB │ gzip:   0.28 kB
dist/assets/circle-check-big-CaQp2Z6E.js               0.36 kB │ gzip:   0.28 kB
dist/assets/startOfMonth-CqjfmrzA.js                   0.37 kB │ gzip:   0.25 kB
dist/assets/user-e0MJhWdn.js                           0.37 kB │ gzip:   0.29 kB
dist/assets/smartphone-vmy-CK9V.js                     0.37 kB │ gzip:   0.29 kB
dist/assets/at-sign-vecnwXRY.js                        0.37 kB │ gzip:   0.29 kB
dist/assets/rotate-ccw-De2vMZVH.js                     0.37 kB │ gzip:   0.29 kB
dist/assets/trending-up-a5ciHB8_.js                    0.37 kB │ gzip:   0.29 kB
dist/assets/info-BzC2XY69.js                           0.37 kB │ gzip:   0.28 kB
dist/assets/lock-BIMhcM28.js                           0.38 kB │ gzip:   0.30 kB
dist/assets/credit-card-Cp85kXi6.js                    0.38 kB │ gzip:   0.29 kB
dist/assets/circle-x-DVQRFtN5.js                       0.38 kB │ gzip:   0.28 kB
dist/assets/undo-2-DHUYaVNb.js                         0.38 kB │ gzip:   0.28 kB
dist/assets/trending-down-CwHrPAkH.js                  0.38 kB │ gzip:   0.28 kB
dist/assets/bell-CQg7eGwV.js                           0.38 kB │ gzip:   0.29 kB
dist/assets/pause-DDoRCtlh.js                          0.38 kB │ gzip:   0.27 kB
dist/assets/mail-CC7fqts5.js                           0.39 kB │ gzip:   0.30 kB
dist/assets/dollar-sign-CY3xJaPC.js                    0.39 kB │ gzip:   0.30 kB
dist/assets/flag-ZYZ3coPN.js                           0.39 kB │ gzip:   0.31 kB
dist/assets/square-check-big-CE21IzOT.js               0.39 kB │ gzip:   0.30 kB
dist/assets/sticky-note-DzIttUqP.js                    0.39 kB │ gzip:   0.29 kB
dist/assets/target-CY-8J43B.js                         0.40 kB │ gzip:   0.27 kB
dist/assets/ellipsis-BXOa_8BF.js                       0.40 kB │ gzip:   0.27 kB
dist/assets/activity-BTXZPf9e.js                       0.40 kB │ gzip:   0.30 kB
dist/assets/ellipsis-vertical-DCXzD_dH.js              0.40 kB │ gzip:   0.28 kB
dist/assets/pen-OvwBz5nz.js                            0.41 kB │ gzip:   0.31 kB
dist/assets/copy-B5JUbNG9.js                           0.41 kB │ gzip:   0.31 kB
dist/assets/headphones-DTd5Z5Qr.js                     0.41 kB │ gzip:   0.29 kB
dist/assets/history-uT3Vkti2.js                        0.41 kB │ gzip:   0.30 kB
dist/assets/circle-help-DOXaitMk.js                    0.41 kB │ gzip:   0.30 kB
dist/assets/link-2-C-WAB-QF.js                         0.41 kB │ gzip:   0.31 kB
dist/assets/menu-GbjBQ988.js                           0.41 kB │ gzip:   0.28 kB
dist/assets/globe-5dYoGVPQ.js                          0.41 kB │ gzip:   0.30 kB
dist/assets/database-jL-9u1mE.js                       0.41 kB │ gzip:   0.31 kB
dist/assets/endOfWeek-BPPi-azA.js                      0.41 kB │ gzip:   0.26 kB
dist/assets/arrow-up-down-D56drLwC.js                  0.41 kB │ gzip:   0.29 kB
dist/assets/type-CfH3i-fY.js                           0.41 kB │ gzip:   0.30 kB
dist/assets/banknote-BOmS5q0A.js                       0.42 kB │ gzip:   0.31 kB
dist/assets/heart-z5rgRb4x.js                          0.42 kB │ gzip:   0.31 kB
dist/assets/arrow-left-right-Bixgg5hu.js               0.42 kB │ gzip:   0.30 kB
dist/assets/arrow-right-left-Bjpca4vQ.js               0.42 kB │ gzip:   0.30 kB
dist/assets/video-Da9eDPH-.js                          0.42 kB │ gzip:   0.32 kB
dist/assets/camera-BRZ9ZaH6.js                         0.42 kB │ gzip:   0.31 kB
dist/assets/circle-alert-D6jI4TBO.js                   0.42 kB │ gzip:   0.29 kB
dist/assets/chart-column-B4KC1Yr6.js                   0.42 kB │ gzip:   0.30 kB
dist/assets/external-link-DjEo1i2z.js                  0.42 kB │ gzip:   0.30 kB
dist/assets/users-round-6JXbIHvz.js                    0.42 kB │ gzip:   0.32 kB
dist/assets/settings-2-CdflM5h9.js                     0.42 kB │ gzip:   0.30 kB
dist/assets/archive-B7EFA4CM.js                        0.42 kB │ gzip:   0.31 kB
dist/assets/user-check-DeAaLBFY.js                     0.42 kB │ gzip:   0.32 kB
dist/assets/route-D1SeyVYA.js                          0.42 kB │ gzip:   0.31 kB
dist/assets/share-C7NUWcoB.js                          0.43 kB │ gzip:   0.31 kB
dist/assets/eye-JLEiCnq6.js                            0.43 kB │ gzip:   0.31 kB
dist/assets/link-BzLFvGO4.js                           0.43 kB │ gzip:   0.30 kB
dist/assets/upload-BNBlSIiO.js                         0.43 kB │ gzip:   0.32 kB
dist/assets/calendar-BqNIUIn1.js                       0.43 kB │ gzip:   0.30 kB
dist/assets/log-out-B6LIKtq6.js                        0.43 kB │ gzip:   0.32 kB
dist/assets/plug-Di92pSjb.js                           0.43 kB │ gzip:   0.30 kB
dist/assets/map-pin-Cccnf7TV.js                        0.43 kB │ gzip:   0.33 kB
dist/assets/monitor-BhjuLR6V.js                        0.43 kB │ gzip:   0.31 kB
dist/assets/circle-user-DpYmai5h.js                    0.43 kB │ gzip:   0.31 kB
dist/assets/wrench-B1WURAce.js                         0.43 kB │ gzip:   0.31 kB
dist/assets/zap-65iDwaxW.js                            0.43 kB │ gzip:   0.31 kB
dist/assets/download-BvIC9CXI.js                       0.43 kB │ gzip:   0.32 kB
dist/assets/workflow-Y4mM5qCr.js                       0.44 kB │ gzip:   0.31 kB
dist/assets/image-3E4tZjnf.js                          0.44 kB │ gzip:   0.32 kB
dist/assets/mic-COM9dujQ.js                            0.44 kB │ gzip:   0.32 kB
dist/assets/chart-pie-V5UPFWG5.js                      0.44 kB │ gzip:   0.33 kB
dist/assets/shield-BvP3R-3J.js                         0.44 kB │ gzip:   0.33 kB
dist/assets/repeat-CqpWLqFI.js                         0.44 kB │ gzip:   0.30 kB
dist/assets/award-BFgzuqCZ.js                          0.44 kB │ gzip:   0.33 kB
dist/assets/pencil-zDxmeLYJ.js                         0.45 kB │ gzip:   0.33 kB
dist/assets/pen-line-Qci9Piyy.js                       0.45 kB │ gzip:   0.33 kB
dist/assets/book-open-JNCayzPS.js                      0.45 kB │ gzip:   0.31 kB
dist/assets/flame-B1R67VKQ.js                          0.45 kB │ gzip:   0.34 kB
dist/assets/git-branch-CvkOY8YV.js                     0.45 kB │ gzip:   0.32 kB
dist/assets/wifi-BuDB7nAL.js                           0.45 kB │ gzip:   0.31 kB
dist/assets/mail-check-CzeJAM8t.js                     0.45 kB │ gzip:   0.33 kB
dist/assets/lightbulb-C50GcvXY.js                      0.46 kB │ gzip:   0.33 kB
dist/assets/inbox-CwpjEK37.js                          0.46 kB │ gzip:   0.33 kB
dist/assets/wallet-CwTeETsF.js                         0.46 kB │ gzip:   0.31 kB
dist/assets/send-BxdFqJfm.js                           0.46 kB │ gzip:   0.33 kB
dist/assets/folder-open-DPw15kJs.js                    0.46 kB │ gzip:   0.32 kB
dist/assets/shopping-cart-D71RBMJ-.js                  0.46 kB │ gzip:   0.33 kB
dist/assets/smile-DWrxFN6M.js                          0.46 kB │ gzip:   0.32 kB
dist/assets/grid-3x3-Ds8iW6kj.js                       0.46 kB │ gzip:   0.31 kB
dist/assets/hash-Tun_51Da.js                           0.47 kB │ gzip:   0.30 kB
dist/assets/instagram-DknPp3DM.js                      0.47 kB │ gzip:   0.34 kB
dist/assets/list-todo-4kjfArjj.js                      0.47 kB │ gzip:   0.32 kB
dist/assets/thumbs-up-CuW-y8Pq.js                      0.47 kB │ gzip:   0.34 kB
dist/assets/thumbs-down-gXM8e8yC.js                    0.47 kB │ gzip:   0.34 kB
dist/assets/list-ByMBN3dg.js                           0.47 kB │ gzip:   0.29 kB
dist/assets/users-ge9pC9lg.js                          0.47 kB │ gzip:   0.33 kB
dist/assets/mouse-pointer-B3zODWH6.js                  0.48 kB │ gzip:   0.35 kB
dist/assets/user-x-D0R8knfC.js                         0.48 kB │ gzip:   0.33 kB
dist/assets/user-plus-BSD3M-kZ.js                      0.48 kB │ gzip:   0.34 kB
dist/assets/scissors-BqTKnLEv.js                       0.48 kB │ gzip:   0.32 kB
dist/assets/textarea-Cle9qvXN.js                       0.48 kB │ gzip:   0.32 kB
dist/assets/square-pen-CHuktAgS.js                     0.49 kB │ gzip:   0.34 kB
dist/assets/shield-check-RA93INqq.js                   0.49 kB │ gzip:   0.36 kB
dist/assets/tag-D8gxq6ph.js                            0.50 kB │ gzip:   0.35 kB
dist/assets/save-C9GPQCgf.js                           0.50 kB │ gzip:   0.33 kB
dist/assets/bot-BJ85pR1n.js                            0.50 kB │ gzip:   0.33 kB
dist/assets/differenceInDays-D9SUYMYD.js               0.50 kB │ gzip:   0.29 kB
dist/assets/youtube-VoWOl6r8.js                        0.50 kB │ gzip:   0.32 kB
dist/assets/file-text-BTOh3ufe.js                      0.50 kB │ gzip:   0.32 kB
dist/assets/calendar-x-QWLeNezj.js                     0.51 kB │ gzip:   0.33 kB
dist/assets/layout-grid-DWotu5QK.js                    0.52 kB │ gzip:   0.30 kB
dist/assets/layout-dashboard-DNCDSU0N.js               0.52 kB │ gzip:   0.31 kB
dist/assets/webhook-C2GT2jhJ.js                        0.52 kB │ gzip:   0.38 kB
dist/assets/key-round-3_CoZwjE.js                      0.52 kB │ gzip:   0.36 kB
dist/assets/calendar-plus-Cu-EECDj.js                  0.53 kB │ gzip:   0.33 kB
dist/assets/share-2-tB0zxl9T.js                        0.53 kB │ gzip:   0.34 kB
dist/assets/trash-2-9MzLQpm_.js                        0.53 kB │ gzip:   0.35 kB
dist/assets/image-plus-DIVNxi4f.js                     0.53 kB │ gzip:   0.36 kB
dist/assets/snowflake-Dculvwhi.js                      0.53 kB │ gzip:   0.34 kB
dist/assets/layers-BF_xSnrL.js                         0.53 kB │ gzip:   0.34 kB
dist/assets/grip-vertical-B2BMLaeB.js                  0.54 kB │ gzip:   0.30 kB
dist/assets/thermometer-sun-Dm8DZnb7.js                0.55 kB │ gzip:   0.36 kB
dist/assets/life-buoy-B_9FzBBR.js                      0.55 kB │ gzip:   0.33 kB
dist/assets/calendar-clock-DJ8ErHq6.js                 0.55 kB │ gzip:   0.36 kB
dist/assets/label-Bi1kiuYE.js                          0.56 kB │ gzip:   0.37 kB
dist/assets/calendar-off-Co0Ennww.js                   0.56 kB │ gzip:   0.35 kB
dist/assets/package-DjzwRceV.js                        0.56 kB │ gzip:   0.36 kB
dist/assets/phone-ODFH3mt5.js                          0.56 kB │ gzip:   0.36 kB
dist/assets/hand-D54BjNoe.js                           0.58 kB │ gzip:   0.36 kB
dist/assets/car-BiAn4hSE.js                            0.58 kB │ gzip:   0.39 kB
dist/assets/input-C6E50i0d.js                          0.58 kB │ gzip:   0.35 kB
dist/assets/file-json-DKLERtDH.js                      0.58 kB │ gzip:   0.34 kB
dist/assets/AIOptimizeButton-CsGK5taR.js               0.59 kB │ gzip:   0.36 kB
dist/assets/construction-DM7H8Ktb.js                   0.59 kB │ gzip:   0.36 kB
dist/assets/eye-off-tjrofT6i.js                        0.60 kB │ gzip:   0.38 kB
dist/assets/medal-CZlYT_5Y.js                          0.61 kB │ gzip:   0.39 kB
dist/assets/rocket-BIxQ9wzD.js                         0.63 kB │ gzip:   0.42 kB
dist/assets/wifi-off-Ceg7akJL.js                       0.63 kB │ gzip:   0.38 kB
dist/assets/NotFound-DYvf8_st.js                       0.63 kB │ gzip:   0.38 kB
dist/assets/trophy-BnlyJVyg.js                         0.64 kB │ gzip:   0.39 kB
dist/assets/star-CLM3uAvn.js                           0.64 kB │ gzip:   0.40 kB
dist/assets/useSquads-BAm9gGyf.js                      0.65 kB │ gzip:   0.41 kB
dist/assets/useObjections-GstY7oP-.js                  0.66 kB │ gzip:   0.43 kB
dist/assets/calendar-days-C-S5payY.js                  0.66 kB │ gzip:   0.37 kB
dist/assets/separator-SdgwmtV8.js                      0.67 kB │ gzip:   0.40 kB
dist/assets/sparkles-fXhc9y3y.js                       0.68 kB │ gzip:   0.40 kB
dist/assets/wand-sparkles-Y65Elbob.js                  0.68 kB │ gzip:   0.40 kB
dist/assets/unlink-BgRLg8XO.js                         0.70 kB │ gzip:   0.41 kB
dist/assets/building-Bh876j2h.js                       0.71 kB │ gzip:   0.37 kB
dist/assets/useCadence-CypV7wLQ.js                     0.72 kB │ gzip:   0.44 kB
dist/assets/swords-DFivoLvX.js                         0.72 kB │ gzip:   0.39 kB
dist/assets/badge-DouF6I99.js                          0.75 kB │ gzip:   0.40 kB
dist/assets/user-cog-PsN9HxMh.js                       0.75 kB │ gzip:   0.42 kB
dist/assets/sliders-vertical-BuB3hvAG.js               0.75 kB │ gzip:   0.37 kB
dist/assets/flask-conical-sUG6LH1k.js                  0.77 kB │ gzip:   0.40 kB
dist/assets/list-checks-D9WozJFi.js                    0.78 kB │ gzip:   0.36 kB
dist/assets/palette-Bx-maxk2.js                        0.79 kB │ gzip:   0.45 kB
dist/assets/clipboard-check-DCS7bctF.js                0.79 kB │ gzip:   0.40 kB
dist/assets/index-C_6yHfIC.js                          0.79 kB │ gzip:   0.51 kB
dist/assets/qr-code-DPzxQzqQ.js                        0.82 kB │ gzip:   0.41 kB
dist/assets/bug-D8jkTpI1.js                            0.84 kB │ gzip:   0.47 kB
dist/assets/message-square-warning-NvXZ21Jr.js         0.85 kB │ gzip:   0.42 kB
dist/assets/settings-BKokBl_V.js                       0.90 kB │ gzip:   0.45 kB
dist/assets/party-popper-C-VlG184.js                   0.90 kB │ gzip:   0.52 kB
dist/assets/sun-aC3TcdrJ.js                            0.90 kB │ gzip:   0.41 kB
dist/assets/brain-DxjNmDfM.js                          0.90 kB │ gzip:   0.46 kB
dist/assets/alert-FlKe5XHV.js                          0.91 kB │ gzip:   0.46 kB
dist/assets/CadencePicker-DI9NTvLq.js                  0.92 kB │ gzip:   0.56 kB
dist/assets/paperclip-AV99-ocM.js                      0.93 kB │ gzip:   0.47 kB
dist/assets/usePlatformName-BRFWGMTg.js                0.95 kB │ gzip:   0.53 kB
dist/assets/ColorPickerField-Cdv9vJNZ.js               0.95 kB │ gzip:   0.55 kB
dist/assets/card-DdeVtOeh.js                           0.99 kB │ gzip:   0.37 kB
dist/assets/ThemeToggle-rf1GLj2D.js                    0.99 kB │ gzip:   0.55 kB
dist/assets/useSuperAdminFirstAccess-CuqSy8J1.js       1.02 kB │ gzip:   0.57 kB
dist/assets/boxes-hUNCwsuM.js                          1.02 kB │ gzip:   0.51 kB
dist/assets/skull-4h6iAt_D.js                          1.03 kB │ gzip:   0.49 kB
dist/assets/Logo-Dn0x6Aks.js                           1.05 kB │ gzip:   0.55 kB
dist/assets/key-C1AFge1V.js                            1.05 kB │ gzip:   0.48 kB
dist/assets/useLeadTracking-B6g1wALE.js                1.06 kB │ gzip:   0.52 kB
dist/assets/sliders-horizontal-BVKIuOhu.js             1.09 kB │ gzip:   0.47 kB
dist/assets/toggle-left-CT92ZCI1.js                    1.09 kB │ gzip:   0.44 kB
dist/assets/useMaterials-DSWQ-xO9.js                   1.23 kB │ gzip:   0.56 kB
dist/assets/useProfile-DOHDGhKD.js                     1.37 kB │ gzip:   0.64 kB
dist/assets/gem-D3WptfIx.js                            1.41 kB │ gzip:   0.51 kB
dist/assets/useCadences-BzOu7wQB.js                    1.43 kB │ gzip:   0.73 kB
dist/assets/useCustomFields-BmDQ9nAz.js                1.45 kB │ gzip:   0.63 kB
dist/assets/usePlatformPlans-LvmrLQ29.js               1.47 kB │ gzip:   0.49 kB
dist/assets/table-HZs0KSNZ.js                          1.49 kB │ gzip:   0.51 kB
dist/assets/button-BgLo8Ag5.js                         1.50 kB │ gzip:   0.72 kB
dist/assets/useProducts-B2xu6Gyj.js                    1.54 kB │ gzip:   0.55 kB
dist/assets/CaptureReportsSection-B5qQm6Fr.js          1.54 kB │ gzip:   0.76 kB
dist/assets/useSalesGoals-Iecbt7X_.js                  1.64 kB │ gzip:   0.75 kB
dist/assets/useAutoNotificationSettings-DtCcRPOs.js    1.64 kB │ gzip:   0.58 kB
dist/assets/useDeals-u7XcV8bb.js                       1.74 kB │ gzip:   0.77 kB
dist/assets/useSectors-DHnhqOpe.js                     1.76 kB │ gzip:   0.74 kB
dist/assets/funnelAppearance-BOHpVQTE.js               1.87 kB │ gzip:   0.85 kB
dist/assets/progress-C1i1aOi1.js                       1.90 kB │ gzip:   0.95 kB
dist/assets/useTasks-B4kqGvXJ.js                       1.96 kB │ gzip:   0.61 kB
dist/assets/presentation-CjDeS314.js                   1.98 kB │ gzip:   0.58 kB
dist/assets/useLeads-DeBN0wXo.js                       1.99 kB │ gzip:   0.65 kB
dist/assets/useHelp-DtCED8wD.js                        2.14 kB │ gzip:   0.68 kB
dist/assets/index-BDXxXHV5.js                          2.19 kB │ gzip:   0.97 kB
dist/assets/useCommissions-D50JaErS.js                 2.19 kB │ gzip:   0.73 kB
dist/assets/shuffle-Bi-y5LkD.js                        2.20 kB │ gzip:   0.76 kB
dist/assets/sheet-Ke83Joy6.js                          2.22 kB │ gzip:   0.89 kB
dist/assets/formatDistanceToNow-_3xPnp5a.js            2.26 kB │ gzip:   0.96 kB
dist/assets/TagFormDialog-I3_9oKl3.js                  2.28 kB │ gzip:   1.12 kB
dist/assets/_shared-fW_mshp3.js                        2.35 kB │ gzip:   1.12 kB
dist/assets/_shared-jOtiIWAm.js                        2.36 kB │ gzip:   1.12 kB
dist/assets/Unsubscribe-Bb1WrJ_u.js                    2.42 kB │ gzip:   1.20 kB
dist/assets/music-BgCTzHXZ.js                          2.45 kB │ gzip:   0.68 kB
dist/assets/useReleases-ZVw2fT40.js                    2.48 kB │ gzip:   0.94 kB
dist/assets/avatar-CDT_1q1U.js                         2.54 kB │ gzip:   1.14 kB
dist/assets/useUserPermissions-BHp1Ytbk.js             2.54 kB │ gzip:   0.95 kB
dist/assets/parseISO-C6x1QlTq.js                       2.67 kB │ gzip:   1.18 kB
dist/assets/BookingCountdown-C4EAswhS.js               2.84 kB │ gzip:   1.21 kB
dist/assets/volume-x-Pe7g9Q0j.js                       2.86 kB │ gzip:   0.86 kB
dist/assets/timer-goFMr7uP.js                          3.04 kB │ gzip:   0.88 kB
dist/assets/zoom-out-LjosTpnB.js                       3.07 kB │ gzip:   0.84 kB
dist/assets/ResetPassword-CXMuuQ_v.js                  3.11 kB │ gzip:   1.33 kB
dist/assets/shield-alert-DS2vAtdI.js                   3.12 kB │ gzip:   0.99 kB
dist/assets/useTeamInvitations-DhIRW1Fr.js             3.17 kB │ gzip:   1.16 kB
dist/assets/MobileTaskList-DpnQg0QX.js                 3.24 kB │ gzip:   1.38 kB
dist/assets/auth-errors-B_SiNTxi.js                    3.24 kB │ gzip:   1.33 kB
dist/assets/tabs-BbdpHLXi.js                           3.26 kB │ gzip:   1.37 kB
dist/assets/useGoogleCalendarConnection-CkN_7Ydo.js    3.35 kB │ gzip:   1.20 kB
dist/assets/switch-BK-WCyuq.js                         3.48 kB │ gzip:   1.52 kB
dist/assets/index-wcEhAVgL.js                          3.49 kB │ gzip:   1.58 kB
dist/assets/DealModal-Cns-5tNM.js                      3.55 kB │ gzip:   1.74 kB
dist/assets/LeadEditModal-BrJuplfP.js                  3.71 kB │ gzip:   1.34 kB
dist/assets/alert-dialog-CEQcND2z.js                   3.76 kB │ gzip:   1.26 kB
dist/assets/Dashboard-CDn2I0ze.js                      3.82 kB │ gzip:   1.45 kB
dist/assets/useTeam-C6cWy1oM.js                        3.87 kB │ gzip:   1.15 kB
dist/assets/checkbox-mBTTSITH.js                       3.90 kB │ gzip:   1.72 kB
dist/assets/image-upload-BYOhEeON.js                   4.01 kB │ gzip:   1.84 kB
dist/assets/index-C6D2DeaO.js                          4.08 kB │ gzip:   1.93 kB
dist/assets/Updates-BTJ2clR7.js                        4.10 kB │ gzip:   1.71 kB
dist/assets/Install-B89BWVys.js                        4.17 kB │ gzip:   1.52 kB
dist/assets/HelpArticle-BtNbkRRa.js                    4.17 kB │ gzip:   1.68 kB
dist/assets/Dashboard-BToBmlcG.js                      4.21 kB │ gzip:   1.55 kB
dist/assets/MobileGoalsView-CYfOex61.js                4.26 kB │ gzip:   1.39 kB
dist/assets/TagPackageGeneratorDialog-Cv7dmKK3.js      4.53 kB │ gzip:   1.94 kB
dist/assets/agents-CcnP0Mf4.js                         4.58 kB │ gzip:   1.83 kB
dist/assets/useLeadTags-CkWoR-S6.js                    4.59 kB │ gzip:   1.34 kB
dist/assets/accordion-BthU34_6.js                      4.64 kB │ gzip:   1.84 kB
dist/assets/CaptureTemplatesSection-Bm-azsOI.js        4.70 kB │ gzip:   1.93 kB
dist/assets/MaterialsView-nYdy3ZxK.js                  4.88 kB │ gzip:   1.93 kB
dist/assets/variable-DlF-TVNe.js                       4.89 kB │ gzip:   1.18 kB
dist/assets/ContextLibrary-CQrUevRN.js                 5.00 kB │ gzip:   1.89 kB
dist/assets/OrganizationSelector-Rhone_BU.js           5.00 kB │ gzip:   1.58 kB
dist/assets/ModuleHub-CWX735Mh.js                      5.04 kB │ gzip:   2.17 kB
dist/assets/Profile-DejSlhtF.js                        5.19 kB │ gzip:   1.99 kB
dist/assets/popover-D-1vzaKs.js                        5.33 kB │ gzip:   1.94 kB
dist/assets/useAnimatedNumber-C_e7wFja.js              5.50 kB │ gzip:   2.15 kB
dist/assets/useProductAgents-NIJyBuJT.js               5.61 kB │ gzip:   1.73 kB
dist/assets/Clientes-CyHY3KIw.js                       5.62 kB │ gzip:   1.83 kB
dist/assets/radio-group-D3pHDXGf.js                    5.73 kB │ gzip:   2.25 kB
dist/assets/pt-BR-Dk-aDYCe.js                          5.85 kB │ gzip:   2.11 kB
dist/assets/useEvolutionInstances-2DVgE-oi.js          5.96 kB │ gzip:   1.44 kB
dist/assets/CustomFieldsManager-NIUQtCjO.js            6.06 kB │ gzip:   2.22 kB
dist/assets/QuizResultView-DTsALcwI.js                 6.11 kB │ gzip:   2.19 kB
dist/assets/index-Dh4i1-J3.js                          6.20 kB │ gzip:   2.11 kB
dist/assets/useEmailTemplates-pkwDZf0d.js              6.25 kB │ gzip:   1.85 kB
dist/assets/BookingConfirmation-Bm1GbOJR.js            6.26 kB │ gzip:   2.12 kB
dist/assets/PlaybookView-DsV3pval.js                   6.31 kB │ gzip:   2.00 kB
dist/assets/AcceptInvite-DcyvsWYQ.js                   6.56 kB │ gzip:   2.28 kB
dist/assets/CartesianGrid-B3PllEIp.js                  6.77 kB │ gzip:   2.36 kB
dist/assets/Financeiro-CUHiJT3u.js                     6.80 kB │ gzip:   2.02 kB
dist/assets/Veiculos-BvMToApd.js                       6.80 kB │ gzip:   2.05 kB
dist/assets/Financeiro-DXQu5y1A.js                     6.81 kB │ gzip:   2.02 kB
dist/assets/Profissionais-DBnctL-6.js                  6.99 kB │ gzip:   2.16 kB
dist/assets/CaptureResultsSection-EERFPk2i.js          7.08 kB │ gzip:   2.50 kB
dist/assets/Orcamentos-B1Pracki.js                     7.18 kB │ gzip:   2.27 kB
dist/assets/Ordens-SODjC9gz.js                         7.78 kB │ gzip:   2.41 kB
dist/assets/en-US-Cs41XhzR.js                          7.78 kB │ gzip:   2.74 kB
dist/assets/QuickRepliesManager-DON8uRBD.js            8.34 kB │ gzip:   2.92 kB
dist/assets/CaptureAnalyticsSection-g6C2AEJQ.js        8.59 kB │ gzip:   3.08 kB
dist/assets/Servicos-G1xDkIZh.js                       8.68 kB │ gzip:   2.53 kB
dist/assets/Clientes-C9AZ-ri2.js                       8.89 kB │ gzip:   2.55 kB
dist/assets/PlanSelector-BatTS5MR.js                   8.93 kB │ gzip:   3.21 kB
dist/assets/CadenceView-BE2J1WYJ.js                    9.07 kB │ gzip:   2.91 kB
dist/assets/BusinessHoursManager-S9yttz4t.js           9.21 kB │ gzip:   3.29 kB
dist/assets/slider-DT_vffc2.js                         9.22 kB │ gzip:   3.64 kB
dist/assets/AdminDashboard-BTQ2PF8o.js                 9.77 kB │ gzip:   2.58 kB
dist/assets/Agenda-DU-IYInH.js                        10.08 kB │ gzip:   2.76 kB
dist/assets/FinancialPanel-C9svmfxo.js                10.12 kB │ gzip:   2.80 kB
dist/assets/Login-BEYvygFm.js                         10.26 kB │ gzip:   3.35 kB
dist/assets/FinancialDashboard-Dalt5x48.js            10.35 kB │ gzip:   2.60 kB
dist/assets/TagsManager-BvVXOJYN.js                   10.64 kB │ gzip:   3.38 kB
dist/assets/SectorsManager-CrNRPG8d.js                11.38 kB │ gzip:   3.71 kB
dist/assets/AgentPromptTemplates-xQEXwSq9.js          11.50 kB │ gzip:   5.22 kB
dist/assets/Settings-qEsBjdQe.js                      11.71 kB │ gzip:   3.33 kB
dist/assets/SupportTickets-CpdnZCWZ.js                11.92 kB │ gzip:   4.13 kB
dist/assets/PublicQuiz-Hm8jcORo.js                    12.26 kB │ gzip:   4.68 kB
dist/assets/CompanySettings-DC_x0U2Y.js               12.39 kB │ gzip:   4.16 kB
dist/assets/ReportsManager-B9-rfzG4.js                12.45 kB │ gzip:   3.01 kB
dist/assets/scroll-area-Da6jeaoD.js                   12.62 kB │ gzip:   3.98 kB
dist/assets/format-DmR49Cei.js                        13.05 kB │ gzip:   3.47 kB
dist/assets/MobileKanban-CB-4lp11.js                  13.12 kB │ gzip:   4.81 kB
dist/assets/EventModal-CtPdJLR_.js                    13.14 kB │ gzip:   3.97 kB
dist/assets/AIChat-W8PoIbeM.js                        13.26 kB │ gzip:   5.39 kB
dist/assets/LeadTransferModal-BfeuI82q.js             13.37 kB │ gzip:   4.39 kB
dist/assets/SalesPage-CefgzhPZ.js                     13.66 kB │ gzip:   4.78 kB
dist/assets/command-CUGB5V8e.js                       14.28 kB │ gzip:   5.35 kB
dist/assets/FormThemeWrapper-BRc8cMsK.js              15.36 kB │ gzip:   5.23 kB
dist/assets/EvolutionInstancesPanel-BRBoF9Tm.js       15.57 kB │ gzip:   4.99 kB
dist/assets/OperationCenter-DOOt6et9.js               15.68 kB │ gzip:   4.40 kB
dist/assets/PublicChat-12K7T1vX.js                    16.06 kB │ gzip:   5.36 kB
dist/assets/PublicForm-BVTcuFa6.js                    16.12 kB │ gzip:   4.95 kB
dist/assets/useFunnels-Ctw2xN-K.js                    16.23 kB │ gzip:   5.11 kB
dist/assets/index-DTb_zqJc.js                         16.68 kB │ gzip:   6.28 kB
dist/assets/useSquadPerformance-CkA2dvSH.js           16.95 kB │ gzip:   5.99 kB
dist/assets/TaskCenter-BeJrS4-u.js                    17.33 kB │ gzip:   5.37 kB
dist/assets/CalendarManager-DOpuIchB.js               18.11 kB │ gzip:   6.02 kB
dist/assets/LeadsKanban-D5GkhN_X.js                   19.16 kB │ gzip:   6.74 kB
dist/assets/ProductListPage-Cm3yPn01.js               19.33 kB │ gzip:   6.52 kB
dist/assets/quizTemplates-DUZjN6XO.js                 19.89 kB │ gzip:   5.28 kB
dist/assets/dropdown-menu-BIyHVUJK.js                 20.96 kB │ gzip:   6.15 kB
dist/assets/select-D4HCslyD.js                        21.93 kB │ gzip:   7.51 kB
dist/assets/CaktoSummaryCards-DRXac1pE.js             23.68 kB │ gzip:   7.12 kB
dist/assets/NotificationManager-nHKfxZXV.js           24.49 kB │ gzip:   6.53 kB
dist/assets/SellerBookings-Dbnhk2zN.js                25.22 kB │ gzip:   7.91 kB
dist/assets/CaktoAdminPanel-CCAnJueh.js               26.22 kB │ gzip:   7.91 kB
dist/assets/MobileProductDashboard-Cf7RrDiU.js        26.84 kB │ gzip:   8.10 kB
dist/assets/ObjectionsView-DbLC2ifm.js                26.95 kB │ gzip:   7.45 kB
dist/assets/KanbanBoard-ZFJ0fLHS.js                   30.41 kB │ gzip:   9.76 kB
dist/assets/PublicBooking-CUDE7PQW.js                 30.47 kB │ gzip:   8.79 kB
dist/assets/calendar-C4N-9zz8.js                      34.20 kB │ gzip:  10.88 kB
dist/assets/CadencesManager-Dn9QD6Fa.js               38.31 kB │ gzip:  10.69 kB
dist/assets/TeamManager-CqLG7h5L.js                   38.64 kB │ gzip:  10.38 kB
dist/assets/ChatBotSection-CbXp95fc.js                39.75 kB │ gzip:  11.44 kB
dist/assets/WhatsAppSection-CpmeT1Yz.js               39.83 kB │ gzip:  11.31 kB
dist/assets/PresetGallery-Dj36UkuJ.js                 40.67 kB │ gzip:  10.21 kB
dist/assets/WidgetSection-CL5FZ5gQ.js                 42.40 kB │ gzip:  12.37 kB
dist/assets/Admin-DWoeWaWt.js                         42.68 kB │ gzip:  13.78 kB
dist/assets/CampaignsManager-CMk0ovHa.js              45.26 kB │ gzip:  12.12 kB
dist/assets/GuidedOnboarding-Bn8ycT2m.js              46.38 kB │ gzip:  13.27 kB
dist/assets/ProductDashboard-xtPl7IZx.js              49.11 kB │ gzip:  14.16 kB
dist/assets/FunnelWebhookLogsTab-DOsKDL7F.js          58.85 kB │ gzip:  15.16 kB
dist/assets/index-BwfpGk7r.js                         60.36 kB │ gzip:  16.69 kB
dist/assets/Index-BkMZ49w5.js                         65.00 kB │ gzip:  19.52 kB
dist/assets/CalendarListView-CgsQ0-or.js              67.15 kB │ gzip:  16.99 kB
dist/assets/InboxManager-BWvr3sJ0.js                  67.72 kB │ gzip:  18.42 kB
dist/assets/WebhooksManager-YFQvumDn.js               68.28 kB │ gzip:  16.86 kB
dist/assets/LeadDetailPage-BGl3vbQB.js                69.49 kB │ gzip:  17.49 kB
dist/assets/index-sPQiDOv6.js                        117.77 kB │ gzip:  36.19 kB
dist/assets/QuizSection-jzLxQyeD.js                  120.95 kB │ gzip:  30.15 kB
dist/assets/proxy-DLb_5J-T.js                        124.74 kB │ gzip:  40.76 kB
dist/assets/FormsSection-DuyMo8Kw.js                 131.12 kB │ gzip:  32.39 kB
dist/assets/Docs-BfeUiBFX.js                         131.88 kB │ gzip:  38.98 kB
dist/assets/IntegrationsManager-DVQAf7Hm.js          134.65 kB │ gzip:  32.44 kB
dist/assets/LeadsManager-D6ZqsfrZ.js                 145.54 kB │ gzip:  40.06 kB
dist/assets/ProductDetailPage-1I3Nf27F.js            147.54 kB │ gzip:  37.54 kB
dist/assets/AgentsManager-C69IgBf6.js                181.68 kB │ gzip:  45.54 kB
dist/assets/SellerInbox-Dxc95cIY.js                  195.01 kB │ gzip:  50.60 kB
dist/assets/PieChart-CUYla1rB.js                     386.37 kB │ gzip: 104.26 kB
dist/assets/index-DJwphiqm.js                        620.53 kB │ gzip: 186.35 kB
dist/assets/SuperAdmin-BlCgTTRk.js                   627.47 kB │ gzip: 180.11 kB
dist/assets/HelpCenter-DWaHXpj1.js                   684.69 kB │ gzip: 125.78 kB
✓ built in 10.04s
